d:\working\fltk\fltk-2.0\ide\vcnet\navigation_\navigation.bsc
d:\working\fltk\fltk-2.0\ide\vcnet\navigation_\vc140.pdb
d:\working\fltk\fltk-2.0\ide\vcnet\navigation_\vc140.idb
d:\working\fltk\fltk-2.0\ide\vcnet\navigation_\navigation.sbr
d:\working\fltk\fltk-2.0\ide\vcnet\navigation_\navigation.obj
z:\working\gui\fltk\fltk-2.0\test\navigationd.ilk
z:\working\gui\fltk\fltk-2.0\test\navigationd.exe
z:\working\gui\fltk\fltk-2.0\ide\vcnet\navigation_\navigationd.pdb
d:\working\fltk\fltk-2.0\test\navigationd.ilk
d:\working\fltk\fltk-2.0\test\navigationd.exe
d:\working\fltk\fltk-2.0\ide\vcnet\navigation_\navigationd.pdb
d:\working\fltk\fltk-2.0\ide\vcnet\navigation_\navigation.tlog\bscmake.command.1.tlog
d:\working\fltk\fltk-2.0\ide\vcnet\navigation_\navigation.tlog\bscmake.read.1.tlog
d:\working\fltk\fltk-2.0\ide\vcnet\navigation_\navigation.tlog\bscmake.write.1.tlog
d:\working\fltk\fltk-2.0\ide\vcnet\navigation_\navigation.tlog\cl.command.1.tlog
d:\working\fltk\fltk-2.0\ide\vcnet\navigation_\navigation.tlog\cl.read.1.tlog
d:\working\fltk\fltk-2.0\ide\vcnet\navigation_\navigation.tlog\cl.write.1.tlog
d:\working\fltk\fltk-2.0\ide\vcnet\navigation_\navigation.tlog\link.command.1.tlog
d:\working\fltk\fltk-2.0\ide\vcnet\navigation_\navigation.tlog\link.read.1.tlog
d:\working\fltk\fltk-2.0\ide\vcnet\navigation_\navigation.tlog\link.write.1.tlog
