d:\working\fltk\fltk-2.0\ide\vcnet\radio_\radio.bsc
d:\working\fltk\fltk-2.0\ide\vcnet\radio_\vc140.pdb
d:\working\fltk\fltk-2.0\ide\vcnet\radio_\vc140.idb
d:\working\fltk\fltk-2.0\ide\vcnet\radio_\radio.sbr
d:\working\fltk\fltk-2.0\ide\vcnet\radio_\radio.obj
z:\working\gui\fltk\fltk-2.0\test\radiod.ilk
z:\working\gui\fltk\fltk-2.0\test\radiod.exe
z:\working\gui\fltk\fltk-2.0\ide\vcnet\radio_\radiod.pdb
d:\working\fltk\fltk-2.0\test\radiod.ilk
d:\working\fltk\fltk-2.0\test\radiod.exe
d:\working\fltk\fltk-2.0\ide\vcnet\radio_\radiod.pdb
d:\working\fltk\fltk-2.0\ide\vcnet\radio_\radio.tlog\bscmake.command.1.tlog
d:\working\fltk\fltk-2.0\ide\vcnet\radio_\radio.tlog\bscmake.read.1.tlog
d:\working\fltk\fltk-2.0\ide\vcnet\radio_\radio.tlog\bscmake.write.1.tlog
d:\working\fltk\fltk-2.0\ide\vcnet\radio_\radio.tlog\cl.command.1.tlog
d:\working\fltk\fltk-2.0\ide\vcnet\radio_\radio.tlog\cl.read.1.tlog
d:\working\fltk\fltk-2.0\ide\vcnet\radio_\radio.tlog\cl.write.1.tlog
d:\working\fltk\fltk-2.0\ide\vcnet\radio_\radio.tlog\link.command.1.tlog
d:\working\fltk\fltk-2.0\ide\vcnet\radio_\radio.tlog\link.read.1.tlog
d:\working\fltk\fltk-2.0\ide\vcnet\radio_\radio.tlog\link.write.1.tlog
