d:\working\fltk\fltk-2.0\ide\vcnet\fluidd\fluid.bsc
z:\working\gui\fltk\fltk-2.0\ide\vcnet\fluidd\vc140.pdb
d:\working\fltk\fltk-2.0\ide\vcnet\fluidd\vc140.pdb
d:\working\fltk\fltk-2.0\ide\vcnet\fluidd\vc140.idb
d:\working\fltk\fltk-2.0\ide\vcnet\fluidd\fileinput.sbr
d:\working\fltk\fltk-2.0\ide\vcnet\fluidd\windowtype.sbr
d:\working\fltk\fltk-2.0\ide\vcnet\fluidd\widget_panel.sbr
d:\working\fltk\fltk-2.0\ide\vcnet\fluidd\widgettype.sbr
d:\working\fltk\fltk-2.0\ide\vcnet\fluidd\widgetclasstype.sbr
d:\working\fltk\fltk-2.0\ide\vcnet\fluidd\undo.sbr
d:\working\fltk\fltk-2.0\ide\vcnet\fluidd\template_panel.sbr
d:\working\fltk\fltk-2.0\ide\vcnet\fluidd\menutype.sbr
d:\working\fltk\fltk-2.0\ide\vcnet\fluidd\grouptype.sbr
d:\working\fltk\fltk-2.0\ide\vcnet\fluidd\function_panel.sbr
d:\working\fltk\fltk-2.0\ide\vcnet\fluidd\functiontype.sbr
d:\working\fltk\fltk-2.0\ide\vcnet\fluidd\fluid_plugins.sbr
d:\working\fltk\fltk-2.0\ide\vcnet\fluidd\fluid_menus.sbr
d:\working\fltk\fltk-2.0\ide\vcnet\fluidd\fluid_img.sbr
d:\working\fltk\fltk-2.0\ide\vcnet\fluidd\fluid_image.sbr
d:\working\fltk\fltk-2.0\ide\vcnet\fluidd\fluidtype.sbr
d:\working\fltk\fltk-2.0\ide\vcnet\fluidd\fluid.sbr
d:\working\fltk\fltk-2.0\ide\vcnet\fluidd\file.sbr
d:\working\fltk\fltk-2.0\ide\vcnet\fluidd\factory.sbr
d:\working\fltk\fltk-2.0\ide\vcnet\fluidd\enumeration.sbr
d:\working\fltk\fltk-2.0\ide\vcnet\fluidd\enumeration.obj
d:\working\fltk\fltk-2.0\ide\vcnet\fluidd\factory.obj
d:\working\fltk\fltk-2.0\ide\vcnet\fluidd\file.obj
d:\working\fltk\fltk-2.0\ide\vcnet\fluidd\fluid.obj
d:\working\fltk\fltk-2.0\ide\vcnet\fluidd\fluidtype.obj
d:\working\fltk\fltk-2.0\ide\vcnet\fluidd\fluid_image.obj
d:\working\fltk\fltk-2.0\ide\vcnet\fluidd\fluid_img.obj
d:\working\fltk\fltk-2.0\ide\vcnet\fluidd\fluid_menus.obj
d:\working\fltk\fltk-2.0\ide\vcnet\fluidd\fluid_plugins.obj
d:\working\fltk\fltk-2.0\ide\vcnet\fluidd\functiontype.obj
d:\working\fltk\fltk-2.0\ide\vcnet\fluidd\function_panel.obj
d:\working\fltk\fltk-2.0\ide\vcnet\fluidd\grouptype.obj
d:\working\fltk\fltk-2.0\ide\vcnet\fluidd\menutype.obj
d:\working\fltk\fltk-2.0\ide\vcnet\fluidd\template_panel.obj
d:\working\fltk\fltk-2.0\ide\vcnet\fluidd\undo.obj
d:\working\fltk\fltk-2.0\ide\vcnet\fluidd\widgetclasstype.obj
d:\working\fltk\fltk-2.0\ide\vcnet\fluidd\widgettype.obj
d:\working\fltk\fltk-2.0\ide\vcnet\fluidd\widget_panel.obj
d:\working\fltk\fltk-2.0\ide\vcnet\fluidd\windowtype.obj
d:\working\fltk\fltk-2.0\ide\vcnet\fluidd\fileinput.obj
d:\working\fltk\fltk-2.0\ide\vcnet\fluidd\coding_style_func.sbr
d:\working\fltk\fltk-2.0\ide\vcnet\fluidd\coding_style.sbr
d:\working\fltk\fltk-2.0\ide\vcnet\fluidd\codeeditor.sbr
d:\working\fltk\fltk-2.0\ide\vcnet\fluidd\code.sbr
d:\working\fltk\fltk-2.0\ide\vcnet\fluidd\align_widget.sbr
d:\working\fltk\fltk-2.0\ide\vcnet\fluidd\alignment_panel.sbr
d:\working\fltk\fltk-2.0\ide\vcnet\fluidd\about_panel.sbr
d:\working\fltk\fltk-2.0\ide\vcnet\fluidd\about_panel.obj
d:\working\fltk\fltk-2.0\ide\vcnet\fluidd\alignment_panel.obj
d:\working\fltk\fltk-2.0\ide\vcnet\fluidd\align_widget.obj
d:\working\fltk\fltk-2.0\ide\vcnet\fluidd\code.obj
d:\working\fltk\fltk-2.0\ide\vcnet\fluidd\codeeditor.obj
d:\working\fltk\fltk-2.0\ide\vcnet\fluidd\coding_style.obj
d:\working\fltk\fltk-2.0\ide\vcnet\fluidd\coding_style_func.obj
z:\working\gui\fltk\fltk-2.0\ide\vcnet\fluidd\fluid.lib
z:\working\gui\fltk\fltk-2.0\ide\vcnet\fluidd\fluid.exp
d:\working\fltk\fltk-2.0\ide\vcnet\fluidd\fluid.lib
d:\working\fltk\fltk-2.0\ide\vcnet\fluidd\fluid.exp
z:\working\gui\fltk\fltk-2.0\fluid\fluid2d.ilk
z:\working\gui\fltk\fltk-2.0\fluid\fluid2d.exe
z:\working\gui\fltk\fltk-2.0\ide\vcnet\fluidd\fluid2d.pdb
d:\working\fltk\fltk-2.0\fluid\fluid2d.ilk
d:\working\fltk\fltk-2.0\fluid\fluid2d.exe
d:\working\fltk\fltk-2.0\ide\vcnet\fluidd\fluid2d.pdb
d:\working\fltk\fltk-2.0\ide\vcnet\fluidd\fluid.tlog\bscmake.command.1.tlog
d:\working\fltk\fltk-2.0\ide\vcnet\fluidd\fluid.tlog\bscmake.read.1.tlog
d:\working\fltk\fltk-2.0\ide\vcnet\fluidd\fluid.tlog\bscmake.write.1.tlog
d:\working\fltk\fltk-2.0\ide\vcnet\fluidd\fluid.tlog\cl.command.1.tlog
d:\working\fltk\fltk-2.0\ide\vcnet\fluidd\fluid.tlog\cl.read.1.tlog
d:\working\fltk\fltk-2.0\ide\vcnet\fluidd\fluid.tlog\cl.write.1.tlog
d:\working\fltk\fltk-2.0\ide\vcnet\fluidd\fluid.tlog\fluid.write.1u.tlog
d:\working\fltk\fltk-2.0\ide\vcnet\fluidd\fluid.tlog\link.command.1.tlog
d:\working\fltk\fltk-2.0\ide\vcnet\fluidd\fluid.tlog\link.read.1.tlog
d:\working\fltk\fltk-2.0\ide\vcnet\fluidd\fluid.tlog\link.write.1.tlog
