d:\working\fltk\fltk-2.0\ide\vcnet\wizard_\wizard.bsc
d:\working\fltk\fltk-2.0\ide\vcnet\wizard_\vc140.pdb
d:\working\fltk\fltk-2.0\ide\vcnet\wizard_\vc140.idb
d:\working\fltk\fltk-2.0\ide\vcnet\wizard_\wizard.sbr
d:\working\fltk\fltk-2.0\ide\vcnet\wizard_\wizard.obj
z:\working\gui\fltk\fltk-2.0\test\wizardd.ilk
z:\working\gui\fltk\fltk-2.0\test\wizardd.exe
z:\working\gui\fltk\fltk-2.0\ide\vcnet\wizard_\wizardd.pdb
d:\working\fltk\fltk-2.0\test\wizardd.ilk
d:\working\fltk\fltk-2.0\test\wizardd.exe
d:\working\fltk\fltk-2.0\ide\vcnet\wizard_\wizardd.pdb
d:\working\fltk\fltk-2.0\ide\vcnet\wizard_\wizard.tlog\bscmake.command.1.tlog
d:\working\fltk\fltk-2.0\ide\vcnet\wizard_\wizard.tlog\bscmake.read.1.tlog
d:\working\fltk\fltk-2.0\ide\vcnet\wizard_\wizard.tlog\bscmake.write.1.tlog
d:\working\fltk\fltk-2.0\ide\vcnet\wizard_\wizard.tlog\cl.command.1.tlog
d:\working\fltk\fltk-2.0\ide\vcnet\wizard_\wizard.tlog\cl.read.1.tlog
d:\working\fltk\fltk-2.0\ide\vcnet\wizard_\wizard.tlog\cl.write.1.tlog
d:\working\fltk\fltk-2.0\ide\vcnet\wizard_\wizard.tlog\link.command.1.tlog
d:\working\fltk\fltk-2.0\ide\vcnet\wizard_\wizard.tlog\link.read.1.tlog
d:\working\fltk\fltk-2.0\ide\vcnet\wizard_\wizard.tlog\link.write.1.tlog
