d:\working\fltk\fltk-2.0\ide\vcnet\fltkdll\glut_font.obj
d:\working\fltk\fltk-2.0\ide\vcnet\fltkdll\glut_compatability.obj
d:\working\fltk\fltk-2.0\lib\fltk2dll_glut.lib
d:\working\fltk\fltk-2.0\lib\fltk2dll_glut.exp
d:\working\fltk\fltk-2.0\lib\fltk2dll_glut.dll
d:\working\fltk\fltk-2.0\ide\vcnet\release\adler32.obj
d:\working\fltk\fltk-2.0\ide\vcnet\release\arc.obj
d:\working\fltk\fltk-2.0\ide\vcnet\release\ask.obj
d:\working\fltk\fltk-2.0\ide\vcnet\release\bitmap.obj
d:\working\fltk\fltk-2.0\ide\vcnet\release\boxtype.obj
d:\working\fltk\fltk-2.0\ide\vcnet\release\browser.obj
d:\working\fltk\fltk-2.0\ide\vcnet\release\button.obj
d:\working\fltk\fltk-2.0\ide\vcnet\release\buttons.obj
d:\working\fltk\fltk-2.0\ide\vcnet\release\cairo.obj
d:\working\fltk\fltk-2.0\ide\vcnet\release\checkers.obj
d:\working\fltk\fltk-2.0\ide\vcnet\release\clock.obj
d:\working\fltk\fltk-2.0\ide\vcnet\release\color_chooser.obj
d:\working\fltk\fltk-2.0\ide\vcnet\release\compress.obj
d:\working\fltk\fltk-2.0\ide\vcnet\release\crc32.obj
d:\working\fltk\fltk-2.0\ide\vcnet\release\cubemain.obj
d:\working\fltk\fltk-2.0\ide\vcnet\release\cubeview.obj
d:\working\fltk\fltk-2.0\ide\vcnet\release\cubeviewui.obj
d:\working\fltk\fltk-2.0\ide\vcnet\release\cursor.obj
d:\working\fltk\fltk-2.0\ide\vcnet\release\curve.obj
d:\working\fltk\fltk-2.0\ide\vcnet\release\deflate.obj
d:\working\fltk\fltk-2.0\ide\vcnet\release\demo.obj
d:\working\fltk\fltk-2.0\ide\vcnet\release\drawing.obj
d:\working\fltk\fltk-2.0\ide\vcnet\release\editor.obj
d:\working\fltk\fltk-2.0\ide\vcnet\release\file_chooser.obj
d:\working\fltk\fltk-2.0\ide\vcnet\release\fonts.obj
d:\working\fltk\fltk-2.0\ide\vcnet\release\fractals.obj
d:\working\fltk\fltk-2.0\ide\vcnet\release\fracviewer.obj
d:\working\fltk\fltk-2.0\ide\vcnet\release\glpuzzle.obj
d:\working\fltk\fltk-2.0\ide\vcnet\release\gzclose.obj
d:\working\fltk\fltk-2.0\ide\vcnet\release\gzlib.obj
d:\working\fltk\fltk-2.0\ide\vcnet\release\gzread.obj
d:\working\fltk\fltk-2.0\ide\vcnet\release\gzwrite.obj
d:\working\fltk\fltk-2.0\ide\vcnet\release\hello.obj
d:\working\fltk\fltk-2.0\ide\vcnet\release\help.obj
d:\working\fltk\fltk-2.0\ide\vcnet\release\image.obj
d:\working\fltk\fltk-2.0\ide\vcnet\release\inactive.obj
d:\working\fltk\fltk-2.0\ide\vcnet\release\infback.obj
d:\working\fltk\fltk-2.0\ide\vcnet\release\inffast.obj
d:\working\fltk\fltk-2.0\ide\vcnet\release\inflate.obj
d:\working\fltk\fltk-2.0\ide\vcnet\release\inftrees.obj
d:\working\fltk\fltk-2.0\ide\vcnet\release\input.obj
d:\working\fltk\fltk-2.0\ide\vcnet\release\jaricom.obj
d:\working\fltk\fltk-2.0\ide\vcnet\release\jcapimin.obj
d:\working\fltk\fltk-2.0\ide\vcnet\release\jcapistd.obj
d:\working\fltk\fltk-2.0\ide\vcnet\release\jcarith.obj
d:\working\fltk\fltk-2.0\ide\vcnet\release\jccoefct.obj
d:\working\fltk\fltk-2.0\ide\vcnet\release\jccolor.obj
d:\working\fltk\fltk-2.0\ide\vcnet\release\jcdctmgr.obj
d:\working\fltk\fltk-2.0\ide\vcnet\release\jchuff.obj
d:\working\fltk\fltk-2.0\ide\vcnet\release\jcinit.obj
d:\working\fltk\fltk-2.0\ide\vcnet\release\jcmainct.obj
d:\working\fltk\fltk-2.0\ide\vcnet\release\jcmarker.obj
d:\working\fltk\fltk-2.0\ide\vcnet\release\jcmaster.obj
d:\working\fltk\fltk-2.0\ide\vcnet\release\jcomapi.obj
d:\working\fltk\fltk-2.0\ide\vcnet\release\jcparam.obj
d:\working\fltk\fltk-2.0\ide\vcnet\release\jcprepct.obj
d:\working\fltk\fltk-2.0\ide\vcnet\release\jcsample.obj
d:\working\fltk\fltk-2.0\ide\vcnet\release\jctrans.obj
d:\working\fltk\fltk-2.0\ide\vcnet\release\jdapimin.obj
d:\working\fltk\fltk-2.0\ide\vcnet\release\jdapistd.obj
d:\working\fltk\fltk-2.0\ide\vcnet\release\jdarith.obj
d:\working\fltk\fltk-2.0\ide\vcnet\release\jdatadst.obj
d:\working\fltk\fltk-2.0\ide\vcnet\release\jdatasrc.obj
d:\working\fltk\fltk-2.0\ide\vcnet\release\jdcoefct.obj
d:\working\fltk\fltk-2.0\ide\vcnet\release\jdcolor.obj
d:\working\fltk\fltk-2.0\ide\vcnet\release\jddctmgr.obj
d:\working\fltk\fltk-2.0\ide\vcnet\release\jdhuff.obj
d:\working\fltk\fltk-2.0\ide\vcnet\release\jdinput.obj
d:\working\fltk\fltk-2.0\ide\vcnet\release\jdmainct.obj
d:\working\fltk\fltk-2.0\ide\vcnet\release\jdmarker.obj
d:\working\fltk\fltk-2.0\ide\vcnet\release\jdmaster.obj
d:\working\fltk\fltk-2.0\ide\vcnet\release\jdmerge.obj
d:\working\fltk\fltk-2.0\ide\vcnet\release\jdpostct.obj
d:\working\fltk\fltk-2.0\ide\vcnet\release\jdsample.obj
d:\working\fltk\fltk-2.0\ide\vcnet\release\jdtrans.obj
d:\working\fltk\fltk-2.0\ide\vcnet\release\jerror.obj
d:\working\fltk\fltk-2.0\ide\vcnet\release\jfdctflt.obj
d:\working\fltk\fltk-2.0\ide\vcnet\release\jfdctfst.obj
d:\working\fltk\fltk-2.0\ide\vcnet\release\jfdctint.obj
d:\working\fltk\fltk-2.0\ide\vcnet\release\jidctflt.obj
d:\working\fltk\fltk-2.0\ide\vcnet\release\jidctfst.obj
d:\working\fltk\fltk-2.0\ide\vcnet\release\jidctint.obj
d:\working\fltk\fltk-2.0\ide\vcnet\release\jmemmgr.obj
d:\working\fltk\fltk-2.0\ide\vcnet\release\jmemnobs.obj
d:\working\fltk\fltk-2.0\ide\vcnet\release\jquant1.obj
d:\working\fltk\fltk-2.0\ide\vcnet\release\jquant2.obj
d:\working\fltk\fltk-2.0\ide\vcnet\release\jutils.obj
d:\working\fltk\fltk-2.0\ide\vcnet\release\keyboard.obj
d:\working\fltk\fltk-2.0\ide\vcnet\release\label.obj
d:\working\fltk\fltk-2.0\ide\vcnet\release\line_style.obj
d:\working\fltk\fltk-2.0\ide\vcnet\release\mandelbrot.obj
d:\working\fltk\fltk-2.0\ide\vcnet\release\mandelbrot_ui.obj
d:\working\fltk\fltk-2.0\ide\vcnet\release\menu.obj
d:\working\fltk\fltk-2.0\ide\vcnet\release\message.obj
d:\working\fltk\fltk-2.0\ide\vcnet\release\navigation.obj
d:\working\fltk\fltk-2.0\ide\vcnet\release\output.obj
d:\working\fltk\fltk-2.0\ide\vcnet\release\pack.obj
d:\working\fltk\fltk-2.0\ide\vcnet\release\png.obj
d:\working\fltk\fltk-2.0\ide\vcnet\release\pngerror.obj
d:\working\fltk\fltk-2.0\ide\vcnet\release\pngget.obj
d:\working\fltk\fltk-2.0\ide\vcnet\release\pngmem.obj
d:\working\fltk\fltk-2.0\ide\vcnet\release\pngpread.obj
d:\working\fltk\fltk-2.0\ide\vcnet\release\pngread.obj
d:\working\fltk\fltk-2.0\ide\vcnet\release\pngrio.obj
d:\working\fltk\fltk-2.0\ide\vcnet\release\pngrtran.obj
d:\working\fltk\fltk-2.0\ide\vcnet\release\pngrutil.obj
d:\working\fltk\fltk-2.0\ide\vcnet\release\pngset.obj
d:\working\fltk\fltk-2.0\ide\vcnet\release\pngtrans.obj
d:\working\fltk\fltk-2.0\ide\vcnet\release\pngwio.obj
d:\working\fltk\fltk-2.0\ide\vcnet\release\pngwrite.obj
d:\working\fltk\fltk-2.0\ide\vcnet\release\pngwtran.obj
d:\working\fltk\fltk-2.0\ide\vcnet\release\pngwutil.obj
d:\working\fltk\fltk-2.0\ide\vcnet\release\qubix.obj
d:\working\fltk\fltk-2.0\ide\vcnet\release\radio.obj
d:\working\fltk\fltk-2.0\ide\vcnet\release\resize.obj
d:\working\fltk\fltk-2.0\ide\vcnet\release\size_range.obj
d:\working\fltk\fltk-2.0\ide\vcnet\release\symbols.obj
d:\working\fltk\fltk-2.0\ide\vcnet\release\tabs.obj
d:\working\fltk\fltk-2.0\ide\vcnet\release\tile.obj
d:\working\fltk\fltk-2.0\ide\vcnet\release\trees.obj
d:\working\fltk\fltk-2.0\ide\vcnet\release\uncompr.obj
d:\working\fltk\fltk-2.0\ide\vcnet\release\valuators.obj
d:\working\fltk\fltk-2.0\ide\vcnet\release\wizard.obj
d:\working\fltk\fltk-2.0\ide\vcnet\release\zutil.obj
d:\working\fltk\fltk-2.0\ide\vcnet\release\arc.pdb
d:\working\fltk\fltk-2.0\ide\vcnet\release\ask.pdb
d:\working\fltk\fltk-2.0\ide\vcnet\release\bitmap.pdb
d:\working\fltk\fltk-2.0\ide\vcnet\release\boxtype.pdb
d:\working\fltk\fltk-2.0\ide\vcnet\release\browser.pdb
d:\working\fltk\fltk-2.0\ide\vcnet\release\button.pdb
d:\working\fltk\fltk-2.0\ide\vcnet\release\buttons.pdb
d:\working\fltk\fltk-2.0\ide\vcnet\release\cairo_test.pdb
d:\working\fltk\fltk-2.0\ide\vcnet\release\checkers.pdb
d:\working\fltk\fltk-2.0\ide\vcnet\release\clock.pdb
d:\working\fltk\fltk-2.0\ide\vcnet\release\color_chooser.pdb
d:\working\fltk\fltk-2.0\ide\vcnet\release\cubeview.pdb
d:\working\fltk\fltk-2.0\ide\vcnet\release\cursor.pdb
d:\working\fltk\fltk-2.0\ide\vcnet\release\curve.pdb
d:\working\fltk\fltk-2.0\ide\vcnet\release\demo.pdb
d:\working\fltk\fltk-2.0\ide\vcnet\release\drawing.pdb
d:\working\fltk\fltk-2.0\ide\vcnet\release\editor.pdb
d:\working\fltk\fltk-2.0\ide\vcnet\release\file_chooser.pdb
d:\working\fltk\fltk-2.0\ide\vcnet\release\fonts.pdb
d:\working\fltk\fltk-2.0\ide\vcnet\release\fractals.pdb
d:\working\fltk\fltk-2.0\ide\vcnet\release\glpuzzle.pdb
d:\working\fltk\fltk-2.0\ide\vcnet\release\hello.pdb
d:\working\fltk\fltk-2.0\ide\vcnet\release\help.pdb
d:\working\fltk\fltk-2.0\ide\vcnet\release\image.pdb
d:\working\fltk\fltk-2.0\ide\vcnet\release\inactive.pdb
d:\working\fltk\fltk-2.0\ide\vcnet\release\input.pdb
d:\working\fltk\fltk-2.0\ide\vcnet\release\keyboard.pdb
d:\working\fltk\fltk-2.0\ide\vcnet\release\label.pdb
d:\working\fltk\fltk-2.0\ide\vcnet\release\libjpeg.pdb
d:\working\fltk\fltk-2.0\ide\vcnet\release\libpng.pdb
d:\working\fltk\fltk-2.0\ide\vcnet\release\line_style.pdb
d:\working\fltk\fltk-2.0\ide\vcnet\release\mandelbrot.pdb
d:\working\fltk\fltk-2.0\ide\vcnet\release\menubar.pdb
d:\working\fltk\fltk-2.0\ide\vcnet\release\message.pdb
d:\working\fltk\fltk-2.0\ide\vcnet\release\navigation.pdb
d:\working\fltk\fltk-2.0\ide\vcnet\release\output.pdb
d:\working\fltk\fltk-2.0\ide\vcnet\release\pack.pdb
d:\working\fltk\fltk-2.0\ide\vcnet\release\qubix.pdb
d:\working\fltk\fltk-2.0\ide\vcnet\release\radio.pdb
d:\working\fltk\fltk-2.0\ide\vcnet\release\resize.pdb
d:\working\fltk\fltk-2.0\ide\vcnet\release\size_range.pdb
d:\working\fltk\fltk-2.0\ide\vcnet\release\symbols.pdb
d:\working\fltk\fltk-2.0\ide\vcnet\release\tabs.pdb
d:\working\fltk\fltk-2.0\ide\vcnet\release\tile.pdb
d:\working\fltk\fltk-2.0\ide\vcnet\release\valuators.pdb
d:\working\fltk\fltk-2.0\ide\vcnet\release\vc140.pdb
d:\working\fltk\fltk-2.0\ide\vcnet\release\wizard.pdb
d:\working\fltk\fltk-2.0\ide\vcnet\release\zlib.pdb
d:\working\fltk\fltk-2.0\ide\vcnet\release\browser.bsc
d:\working\fltk\fltk-2.0\ide\vcnet\release\buttons.bsc
d:\working\fltk\fltk-2.0\ide\vcnet\release\browser.sbr
d:\working\fltk\fltk-2.0\ide\vcnet\release\buttons.sbr
d:\working\fltk\fltk-2.0\ide\vcnet\release\fltkdll_glut.tlog\cl.command.1.tlog
d:\working\fltk\fltk-2.0\ide\vcnet\release\fltkdll_glut.tlog\cl.read.1.tlog
d:\working\fltk\fltk-2.0\ide\vcnet\release\fltkdll_glut.tlog\cl.write.1.tlog
d:\working\fltk\fltk-2.0\ide\vcnet\release\fltkdll_glut.tlog\fltkdll_glut.write.1u.tlog
d:\working\fltk\fltk-2.0\ide\vcnet\release\fltkdll_glut.tlog\link.command.1.tlog
d:\working\fltk\fltk-2.0\ide\vcnet\release\fltkdll_glut.tlog\link.read.1.tlog
d:\working\fltk\fltk-2.0\ide\vcnet\release\fltkdll_glut.tlog\link.write.1.tlog
