d:\working\fltk\fltk-2.0\ide\vcnet\release\libjpeg.pdb
d:\working\fltk\fltk-2.0\ide\vcnet\release\jdarith.obj
d:\working\fltk\fltk-2.0\ide\vcnet\release\jdapistd.obj
d:\working\fltk\fltk-2.0\ide\vcnet\release\jdapimin.obj
d:\working\fltk\fltk-2.0\ide\vcnet\release\jctrans.obj
d:\working\fltk\fltk-2.0\ide\vcnet\release\jcsample.obj
d:\working\fltk\fltk-2.0\ide\vcnet\release\jcprepct.obj
d:\working\fltk\fltk-2.0\ide\vcnet\release\jcparam.obj
d:\working\fltk\fltk-2.0\ide\vcnet\release\jcomapi.obj
d:\working\fltk\fltk-2.0\ide\vcnet\release\jcmaster.obj
d:\working\fltk\fltk-2.0\ide\vcnet\release\jcmarker.obj
d:\working\fltk\fltk-2.0\ide\vcnet\release\jcmainct.obj
d:\working\fltk\fltk-2.0\ide\vcnet\release\jcinit.obj
d:\working\fltk\fltk-2.0\ide\vcnet\release\jchuff.obj
d:\working\fltk\fltk-2.0\ide\vcnet\release\jcdctmgr.obj
d:\working\fltk\fltk-2.0\ide\vcnet\release\jccolor.obj
d:\working\fltk\fltk-2.0\ide\vcnet\release\jccoefct.obj
d:\working\fltk\fltk-2.0\ide\vcnet\release\jcarith.obj
d:\working\fltk\fltk-2.0\ide\vcnet\release\jcapistd.obj
d:\working\fltk\fltk-2.0\ide\vcnet\release\jcapimin.obj
d:\working\fltk\fltk-2.0\ide\vcnet\release\jaricom.obj
d:\working\fltk\fltk-2.0\ide\vcnet\release\jidctfst.obj
d:\working\fltk\fltk-2.0\ide\vcnet\release\jidctflt.obj
d:\working\fltk\fltk-2.0\ide\vcnet\release\jfdctint.obj
d:\working\fltk\fltk-2.0\ide\vcnet\release\jfdctfst.obj
d:\working\fltk\fltk-2.0\ide\vcnet\release\jfdctflt.obj
d:\working\fltk\fltk-2.0\ide\vcnet\release\jerror.obj
d:\working\fltk\fltk-2.0\ide\vcnet\release\jdtrans.obj
d:\working\fltk\fltk-2.0\ide\vcnet\release\jdsample.obj
d:\working\fltk\fltk-2.0\ide\vcnet\release\jdpostct.obj
d:\working\fltk\fltk-2.0\ide\vcnet\release\jdmerge.obj
d:\working\fltk\fltk-2.0\ide\vcnet\release\jdmaster.obj
d:\working\fltk\fltk-2.0\ide\vcnet\release\jdmarker.obj
d:\working\fltk\fltk-2.0\ide\vcnet\release\jdmainct.obj
d:\working\fltk\fltk-2.0\ide\vcnet\release\jdinput.obj
d:\working\fltk\fltk-2.0\ide\vcnet\release\jdhuff.obj
d:\working\fltk\fltk-2.0\ide\vcnet\release\jddctmgr.obj
d:\working\fltk\fltk-2.0\ide\vcnet\release\jdcolor.obj
d:\working\fltk\fltk-2.0\ide\vcnet\release\jdcoefct.obj
d:\working\fltk\fltk-2.0\ide\vcnet\release\jdatasrc.obj
d:\working\fltk\fltk-2.0\ide\vcnet\release\jdatadst.obj
d:\working\fltk\fltk-2.0\ide\vcnet\release\jutils.obj
d:\working\fltk\fltk-2.0\ide\vcnet\release\jquant2.obj
d:\working\fltk\fltk-2.0\ide\vcnet\release\jquant1.obj
d:\working\fltk\fltk-2.0\ide\vcnet\release\jmemnobs.obj
d:\working\fltk\fltk-2.0\ide\vcnet\release\jmemmgr.obj
d:\working\fltk\fltk-2.0\ide\vcnet\release\jidctint.obj
d:\working\fltk\fltk-2.0\lib\fltk2_jpeg.lib
d:\working\fltk\fltk-2.0\ide\vcnet\release\libjpeg.tlog\cl.command.1.tlog
d:\working\fltk\fltk-2.0\ide\vcnet\release\libjpeg.tlog\cl.read.1.tlog
d:\working\fltk\fltk-2.0\ide\vcnet\release\libjpeg.tlog\cl.write.1.tlog
d:\working\fltk\fltk-2.0\ide\vcnet\release\libjpeg.tlog\lib-link.read.1.tlog
d:\working\fltk\fltk-2.0\ide\vcnet\release\libjpeg.tlog\lib-link.write.1.tlog
d:\working\fltk\fltk-2.0\ide\vcnet\release\libjpeg.tlog\lib.command.1.tlog
