d:\working\fltk\fltk-2.0\ide\vcnet\release\libpng.pdb
d:\working\fltk\fltk-2.0\ide\vcnet\release\pngwutil.obj
d:\working\fltk\fltk-2.0\ide\vcnet\release\pngwtran.obj
d:\working\fltk\fltk-2.0\ide\vcnet\release\pngwrite.obj
d:\working\fltk\fltk-2.0\ide\vcnet\release\pngwio.obj
d:\working\fltk\fltk-2.0\ide\vcnet\release\pngtrans.obj
d:\working\fltk\fltk-2.0\ide\vcnet\release\pngset.obj
d:\working\fltk\fltk-2.0\ide\vcnet\release\pngrutil.obj
d:\working\fltk\fltk-2.0\ide\vcnet\release\pngrtran.obj
d:\working\fltk\fltk-2.0\ide\vcnet\release\pngrio.obj
d:\working\fltk\fltk-2.0\ide\vcnet\release\pngread.obj
d:\working\fltk\fltk-2.0\ide\vcnet\release\pngpread.obj
d:\working\fltk\fltk-2.0\ide\vcnet\release\pngmem.obj
d:\working\fltk\fltk-2.0\ide\vcnet\release\pngget.obj
d:\working\fltk\fltk-2.0\ide\vcnet\release\pngerror.obj
d:\working\fltk\fltk-2.0\ide\vcnet\release\png.obj
d:\working\fltk\fltk-2.0\lib\fltk2_png.lib
d:\working\fltk\fltk-2.0\ide\vcnet\release\libpng.tlog\cl.command.1.tlog
d:\working\fltk\fltk-2.0\ide\vcnet\release\libpng.tlog\cl.read.1.tlog
d:\working\fltk\fltk-2.0\ide\vcnet\release\libpng.tlog\cl.write.1.tlog
d:\working\fltk\fltk-2.0\ide\vcnet\release\libpng.tlog\lib-link.read.1.tlog
d:\working\fltk\fltk-2.0\ide\vcnet\release\libpng.tlog\lib-link.write.1.tlog
d:\working\fltk\fltk-2.0\ide\vcnet\release\libpng.tlog\lib.command.1.tlog
