d:\working\fltk\fltk-2.0\ide\vcnet\release\zlib.pdb
d:\working\fltk\fltk-2.0\ide\vcnet\release\zutil.obj
d:\working\fltk\fltk-2.0\ide\vcnet\release\uncompr.obj
d:\working\fltk\fltk-2.0\ide\vcnet\release\trees.obj
d:\working\fltk\fltk-2.0\ide\vcnet\release\inftrees.obj
d:\working\fltk\fltk-2.0\ide\vcnet\release\inflate.obj
d:\working\fltk\fltk-2.0\ide\vcnet\release\inffast.obj
d:\working\fltk\fltk-2.0\ide\vcnet\release\infback.obj
d:\working\fltk\fltk-2.0\ide\vcnet\release\gzwrite.obj
d:\working\fltk\fltk-2.0\ide\vcnet\release\gzread.obj
d:\working\fltk\fltk-2.0\ide\vcnet\release\gzlib.obj
d:\working\fltk\fltk-2.0\ide\vcnet\release\gzclose.obj
d:\working\fltk\fltk-2.0\ide\vcnet\release\deflate.obj
d:\working\fltk\fltk-2.0\ide\vcnet\release\crc32.obj
d:\working\fltk\fltk-2.0\ide\vcnet\release\compress.obj
d:\working\fltk\fltk-2.0\ide\vcnet\release\adler32.obj
d:\working\fltk\fltk-2.0\lib\fltk2_z.lib
d:\working\fltk\fltk-2.0\ide\vcnet\release\zlib.tlog\cl.command.1.tlog
d:\working\fltk\fltk-2.0\ide\vcnet\release\zlib.tlog\cl.read.1.tlog
d:\working\fltk\fltk-2.0\ide\vcnet\release\zlib.tlog\cl.write.1.tlog
d:\working\fltk\fltk-2.0\ide\vcnet\release\zlib.tlog\lib-link.read.1.tlog
d:\working\fltk\fltk-2.0\ide\vcnet\release\zlib.tlog\lib-link.write.1.tlog
d:\working\fltk\fltk-2.0\ide\vcnet\release\zlib.tlog\lib.command.1.tlog
