d:\working\fltk\fltk-2.0\ide\vcnet\ask_\ask.bsc
z:\working\gui\fltk\fltk-2.0\ide\vcnet\ask_\vc140.pdb
d:\working\fltk\fltk-2.0\ide\vcnet\ask_\vc140.pdb
d:\working\fltk\fltk-2.0\ide\vcnet\ask_\vc140.idb
d:\working\fltk\fltk-2.0\ide\vcnet\ask_\ask.sbr
d:\working\fltk\fltk-2.0\ide\vcnet\ask_\ask.obj
z:\working\gui\fltk\fltk-2.0\test\askd.ilk
z:\working\gui\fltk\fltk-2.0\ide\vcnet\ask_\askd.pdb
d:\working\fltk\fltk-2.0\test\askd.ilk
d:\working\fltk\fltk-2.0\test\askd.exe
d:\working\fltk\fltk-2.0\ide\vcnet\ask_\askd.pdb
d:\working\fltk\fltk-2.0\ide\vcnet\ask_\ask.tlog\bscmake.command.1.tlog
d:\working\fltk\fltk-2.0\ide\vcnet\ask_\ask.tlog\bscmake.read.1.tlog
d:\working\fltk\fltk-2.0\ide\vcnet\ask_\ask.tlog\bscmake.write.1.tlog
d:\working\fltk\fltk-2.0\ide\vcnet\ask_\ask.tlog\cl.command.1.tlog
d:\working\fltk\fltk-2.0\ide\vcnet\ask_\ask.tlog\cl.read.1.tlog
d:\working\fltk\fltk-2.0\ide\vcnet\ask_\ask.tlog\cl.write.1.tlog
d:\working\fltk\fltk-2.0\ide\vcnet\ask_\ask.tlog\link.command.1.tlog
d:\working\fltk\fltk-2.0\ide\vcnet\ask_\ask.tlog\link.read.1.tlog
d:\working\fltk\fltk-2.0\ide\vcnet\ask_\ask.tlog\link.write.1.tlog
