d:\working\fltk\fltk-2.0\ide\vcnet\ask_\size_range.bsc
d:\working\fltk\fltk-2.0\ide\vcnet\ask_\vc140.pdb
d:\working\fltk\fltk-2.0\ide\vcnet\ask_\vc140.idb
d:\working\fltk\fltk-2.0\ide\vcnet\ask_\size_range.sbr
d:\working\fltk\fltk-2.0\ide\vcnet\ask_\size_range.obj
z:\working\gui\fltk\fltk-2.0\size_range\size_ranged.ilk
z:\working\gui\fltk\fltk-2.0\size_range\size_ranged.exe
z:\working\gui\fltk\fltk-2.0\ide\vcnet\ask_\size_ranged.pdb
d:\working\fltk\fltk-2.0\size_range\size_ranged.ilk
d:\working\fltk\fltk-2.0\size_range\size_ranged.exe
d:\working\fltk\fltk-2.0\ide\vcnet\ask_\size_ranged.pdb
d:\working\fltk\fltk-2.0\ide\vcnet\ask_\ask.obj
d:\working\fltk\fltk-2.0\ide\vcnet\ask_\askd.pdb
d:\working\fltk\fltk-2.0\ide\vcnet\ask_\ask.bsc
d:\working\fltk\fltk-2.0\ide\vcnet\ask_\ask.sbr
d:\working\fltk\fltk-2.0\ide\vcnet\ask_\size_range.tlog\bscmake.command.1.tlog
d:\working\fltk\fltk-2.0\ide\vcnet\ask_\size_range.tlog\bscmake.read.1.tlog
d:\working\fltk\fltk-2.0\ide\vcnet\ask_\size_range.tlog\bscmake.write.1.tlog
d:\working\fltk\fltk-2.0\ide\vcnet\ask_\size_range.tlog\cl.command.1.tlog
d:\working\fltk\fltk-2.0\ide\vcnet\ask_\size_range.tlog\cl.read.1.tlog
d:\working\fltk\fltk-2.0\ide\vcnet\ask_\size_range.tlog\cl.write.1.tlog
d:\working\fltk\fltk-2.0\ide\vcnet\ask_\size_range.tlog\link.command.1.tlog
d:\working\fltk\fltk-2.0\ide\vcnet\ask_\size_range.tlog\link.read.1.tlog
d:\working\fltk\fltk-2.0\ide\vcnet\ask_\size_range.tlog\link.write.1.tlog
