d:\working\fltk\fltk-2.0\ide\vcnet\line_style_\line_style.bsc
z:\working\gui\fltk\fltk-2.0\ide\vcnet\line_style_\vc140.pdb
d:\working\fltk\fltk-2.0\ide\vcnet\line_style_\vc140.pdb
d:\working\fltk\fltk-2.0\ide\vcnet\line_style_\vc140.idb
d:\working\fltk\fltk-2.0\ide\vcnet\line_style_\line_style.sbr
d:\working\fltk\fltk-2.0\ide\vcnet\line_style_\line_style.obj
z:\working\gui\fltk\fltk-2.0\test\line_styled.ilk
z:\working\gui\fltk\fltk-2.0\ide\vcnet\line_style_\line_styled.pdb
d:\working\fltk\fltk-2.0\test\line_styled.ilk
d:\working\fltk\fltk-2.0\test\line_styled.exe
d:\working\fltk\fltk-2.0\ide\vcnet\line_style_\line_styled.pdb
d:\working\fltk\fltk-2.0\ide\vcnet\line_style_\line_style.tlog\bscmake.command.1.tlog
d:\working\fltk\fltk-2.0\ide\vcnet\line_style_\line_style.tlog\bscmake.read.1.tlog
d:\working\fltk\fltk-2.0\ide\vcnet\line_style_\line_style.tlog\bscmake.write.1.tlog
d:\working\fltk\fltk-2.0\ide\vcnet\line_style_\line_style.tlog\cl.command.1.tlog
d:\working\fltk\fltk-2.0\ide\vcnet\line_style_\line_style.tlog\cl.read.1.tlog
d:\working\fltk\fltk-2.0\ide\vcnet\line_style_\line_style.tlog\cl.write.1.tlog
d:\working\fltk\fltk-2.0\ide\vcnet\line_style_\line_style.tlog\link.command.1.tlog
d:\working\fltk\fltk-2.0\ide\vcnet\line_style_\line_style.tlog\link.read.1.tlog
d:\working\fltk\fltk-2.0\ide\vcnet\line_style_\line_style.tlog\link.write.1.tlog
