d:\working\fltk\fltk-2.0\ide\vcnet\fractals_\fractals.bsc
z:\working\gui\fltk\fltk-2.0\ide\vcnet\fractals_\vc140.pdb
d:\working\fltk\fltk-2.0\ide\vcnet\fractals_\vc140.pdb
d:\working\fltk\fltk-2.0\ide\vcnet\fractals_\vc140.idb
d:\working\fltk\fltk-2.0\ide\vcnet\fractals_\fracviewer.sbr
d:\working\fltk\fltk-2.0\ide\vcnet\fractals_\fractals.sbr
d:\working\fltk\fltk-2.0\ide\vcnet\fractals_\fractals.obj
d:\working\fltk\fltk-2.0\ide\vcnet\fractals_\fracviewer.obj
z:\working\gui\fltk\fltk-2.0\ide\vcnet\fractals_\fractalsd.pdb
d:\working\fltk\fltk-2.0\test\fractalsd.ilk
d:\working\fltk\fltk-2.0\test\fractalsd.exe
d:\working\fltk\fltk-2.0\ide\vcnet\fractals_\fractalsd.pdb
d:\working\fltk\fltk-2.0\ide\vcnet\fractals_\fractals.tlog\bscmake.command.1.tlog
d:\working\fltk\fltk-2.0\ide\vcnet\fractals_\fractals.tlog\bscmake.read.1.tlog
d:\working\fltk\fltk-2.0\ide\vcnet\fractals_\fractals.tlog\bscmake.write.1.tlog
d:\working\fltk\fltk-2.0\ide\vcnet\fractals_\fractals.tlog\cl.command.1.tlog
d:\working\fltk\fltk-2.0\ide\vcnet\fractals_\fractals.tlog\cl.read.1.tlog
d:\working\fltk\fltk-2.0\ide\vcnet\fractals_\fractals.tlog\cl.write.1.tlog
d:\working\fltk\fltk-2.0\ide\vcnet\fractals_\fractals.tlog\link.command.1.tlog
d:\working\fltk\fltk-2.0\ide\vcnet\fractals_\fractals.tlog\link.read.1.tlog
d:\working\fltk\fltk-2.0\ide\vcnet\fractals_\fractals.tlog\link.write.1.tlog
