d:\working\fltk\fltk-2.0\ide\vcnet\keyboard_\keyboard.bsc
z:\working\gui\fltk\fltk-2.0\ide\vcnet\keyboard_\vc140.pdb
d:\working\fltk\fltk-2.0\ide\vcnet\keyboard_\vc140.pdb
d:\working\fltk\fltk-2.0\ide\vcnet\keyboard_\vc140.idb
d:\working\fltk\fltk-2.0\ide\vcnet\keyboard_\keyboard.sbr
d:\working\fltk\fltk-2.0\ide\vcnet\keyboard_\keyboard.obj
z:\working\gui\fltk\fltk-2.0\test\keyboardd.ilk
z:\working\gui\fltk\fltk-2.0\ide\vcnet\keyboard_\keyboardd.pdb
d:\working\fltk\fltk-2.0\test\keyboardd.ilk
d:\working\fltk\fltk-2.0\test\keyboardd.exe
d:\working\fltk\fltk-2.0\ide\vcnet\keyboard_\keyboardd.pdb
d:\working\fltk\fltk-2.0\ide\vcnet\keyboard_\keyboard.tlog\bscmake.command.1.tlog
d:\working\fltk\fltk-2.0\ide\vcnet\keyboard_\keyboard.tlog\bscmake.read.1.tlog
d:\working\fltk\fltk-2.0\ide\vcnet\keyboard_\keyboard.tlog\bscmake.write.1.tlog
d:\working\fltk\fltk-2.0\ide\vcnet\keyboard_\keyboard.tlog\cl.command.1.tlog
d:\working\fltk\fltk-2.0\ide\vcnet\keyboard_\keyboard.tlog\cl.read.1.tlog
d:\working\fltk\fltk-2.0\ide\vcnet\keyboard_\keyboard.tlog\cl.write.1.tlog
d:\working\fltk\fltk-2.0\ide\vcnet\keyboard_\keyboard.tlog\link.command.1.tlog
d:\working\fltk\fltk-2.0\ide\vcnet\keyboard_\keyboard.tlog\link.read.1.tlog
d:\working\fltk\fltk-2.0\ide\vcnet\keyboard_\keyboard.tlog\link.write.1.tlog
