d:\working\fltk\fltk-2.0\ide\vcnet\debug\cubeview.bsc
d:\working\fltk\fltk-2.0\ide\vcnet\debug\vc140.pdb
d:\working\fltk\fltk-2.0\ide\vcnet\debug\vc140.idb
d:\working\fltk\fltk-2.0\ide\vcnet\debug\cubeviewui.sbr
d:\working\fltk\fltk-2.0\ide\vcnet\debug\cubeview.sbr
d:\working\fltk\fltk-2.0\ide\vcnet\debug\cubemain.sbr
d:\working\fltk\fltk-2.0\ide\vcnet\debug\cubemain.obj
d:\working\fltk\fltk-2.0\ide\vcnet\debug\cubeview.obj
d:\working\fltk\fltk-2.0\ide\vcnet\debug\cubeviewui.obj
d:\working\fltk\fltk-2.0\test\cubeviewd.ilk
d:\working\fltk\fltk-2.0\test\cubeviewd.exe
d:\working\fltk\fltk-2.0\ide\vcnet\debug\cubeviewd.pdb
d:\working\fltk\fltk-2.0\ide\vcnet\debug\cubeview.tlog\bscmake.command.1.tlog
d:\working\fltk\fltk-2.0\ide\vcnet\debug\cubeview.tlog\bscmake.read.1.tlog
d:\working\fltk\fltk-2.0\ide\vcnet\debug\cubeview.tlog\bscmake.write.1.tlog
d:\working\fltk\fltk-2.0\ide\vcnet\debug\cubeview.tlog\cl.command.1.tlog
d:\working\fltk\fltk-2.0\ide\vcnet\debug\cubeview.tlog\cl.read.1.tlog
d:\working\fltk\fltk-2.0\ide\vcnet\debug\cubeview.tlog\cl.write.1.tlog
d:\working\fltk\fltk-2.0\ide\vcnet\debug\cubeview.tlog\link.command.1.tlog
d:\working\fltk\fltk-2.0\ide\vcnet\debug\cubeview.tlog\link.read.1.tlog
d:\working\fltk\fltk-2.0\ide\vcnet\debug\cubeview.tlog\link.write.1.tlog
