d:\working\fltk\fltk-2.0\ide\vcnet\debug\demo.bsc
d:\working\fltk\fltk-2.0\ide\vcnet\debug\vc140.pdb
d:\working\fltk\fltk-2.0\ide\vcnet\debug\vc140.idb
d:\working\fltk\fltk-2.0\ide\vcnet\debug\demo.sbr
d:\working\fltk\fltk-2.0\ide\vcnet\debug\demo.obj
z:\working\gui\fltk\fltk-2.0\test\demod.ilk
z:\working\gui\fltk\fltk-2.0\test\demod.exe
z:\working\gui\fltk\fltk-2.0\ide\vcnet\debug\demod.pdb
d:\working\fltk\fltk-2.0\test\demod.ilk
d:\working\fltk\fltk-2.0\test\demod.exe
d:\working\fltk\fltk-2.0\ide\vcnet\debug\demod.pdb
d:\working\fltk\fltk-2.0\ide\vcnet\debug\adler32.obj
d:\working\fltk\fltk-2.0\ide\vcnet\debug\boxtype.obj
d:\working\fltk\fltk-2.0\ide\vcnet\debug\checkers.obj
d:\working\fltk\fltk-2.0\ide\vcnet\debug\color_chooser.obj
d:\working\fltk\fltk-2.0\ide\vcnet\debug\compress.obj
d:\working\fltk\fltk-2.0\ide\vcnet\debug\crc32.obj
d:\working\fltk\fltk-2.0\ide\vcnet\debug\cubemain.obj
d:\working\fltk\fltk-2.0\ide\vcnet\debug\cubeview.obj
d:\working\fltk\fltk-2.0\ide\vcnet\debug\cubeviewui.obj
d:\working\fltk\fltk-2.0\ide\vcnet\debug\cursor.obj
d:\working\fltk\fltk-2.0\ide\vcnet\debug\deflate.obj
d:\working\fltk\fltk-2.0\ide\vcnet\debug\editor.obj
d:\working\fltk\fltk-2.0\ide\vcnet\debug\file_chooser.obj
d:\working\fltk\fltk-2.0\ide\vcnet\debug\fl_gl_choice.obj
d:\working\fltk\fltk-2.0\ide\vcnet\debug\fl_gl_overlay.obj
d:\working\fltk\fltk-2.0\ide\vcnet\debug\fl_gl_window.obj
d:\working\fltk\fltk-2.0\ide\vcnet\debug\fonts.obj
d:\working\fltk\fltk-2.0\ide\vcnet\debug\gl_draw.obj
d:\working\fltk\fltk-2.0\ide\vcnet\debug\gl_start.obj
d:\working\fltk\fltk-2.0\ide\vcnet\debug\gzclose.obj
d:\working\fltk\fltk-2.0\ide\vcnet\debug\gzlib.obj
d:\working\fltk\fltk-2.0\ide\vcnet\debug\gzread.obj
d:\working\fltk\fltk-2.0\ide\vcnet\debug\gzwrite.obj
d:\working\fltk\fltk-2.0\ide\vcnet\debug\hello.obj
d:\working\fltk\fltk-2.0\ide\vcnet\debug\image.obj
d:\working\fltk\fltk-2.0\ide\vcnet\debug\infback.obj
d:\working\fltk\fltk-2.0\ide\vcnet\debug\inffast.obj
d:\working\fltk\fltk-2.0\ide\vcnet\debug\inflate.obj
d:\working\fltk\fltk-2.0\ide\vcnet\debug\inftrees.obj
d:\working\fltk\fltk-2.0\ide\vcnet\debug\input.obj
d:\working\fltk\fltk-2.0\ide\vcnet\debug\jaricom.obj
d:\working\fltk\fltk-2.0\ide\vcnet\debug\jcapimin.obj
d:\working\fltk\fltk-2.0\ide\vcnet\debug\jcapistd.obj
d:\working\fltk\fltk-2.0\ide\vcnet\debug\jcarith.obj
d:\working\fltk\fltk-2.0\ide\vcnet\debug\jccoefct.obj
d:\working\fltk\fltk-2.0\ide\vcnet\debug\jccolor.obj
d:\working\fltk\fltk-2.0\ide\vcnet\debug\jcdctmgr.obj
d:\working\fltk\fltk-2.0\ide\vcnet\debug\jchuff.obj
d:\working\fltk\fltk-2.0\ide\vcnet\debug\jcinit.obj
d:\working\fltk\fltk-2.0\ide\vcnet\debug\jcmainct.obj
d:\working\fltk\fltk-2.0\ide\vcnet\debug\jcmarker.obj
d:\working\fltk\fltk-2.0\ide\vcnet\debug\jcmaster.obj
d:\working\fltk\fltk-2.0\ide\vcnet\debug\jcomapi.obj
d:\working\fltk\fltk-2.0\ide\vcnet\debug\jcparam.obj
d:\working\fltk\fltk-2.0\ide\vcnet\debug\jcprepct.obj
d:\working\fltk\fltk-2.0\ide\vcnet\debug\jcsample.obj
d:\working\fltk\fltk-2.0\ide\vcnet\debug\jctrans.obj
d:\working\fltk\fltk-2.0\ide\vcnet\debug\jdapimin.obj
d:\working\fltk\fltk-2.0\ide\vcnet\debug\jdapistd.obj
d:\working\fltk\fltk-2.0\ide\vcnet\debug\jdarith.obj
d:\working\fltk\fltk-2.0\ide\vcnet\debug\jdatadst.obj
d:\working\fltk\fltk-2.0\ide\vcnet\debug\jdatasrc.obj
d:\working\fltk\fltk-2.0\ide\vcnet\debug\jdcoefct.obj
d:\working\fltk\fltk-2.0\ide\vcnet\debug\jdcolor.obj
d:\working\fltk\fltk-2.0\ide\vcnet\debug\jddctmgr.obj
d:\working\fltk\fltk-2.0\ide\vcnet\debug\jdhuff.obj
d:\working\fltk\fltk-2.0\ide\vcnet\debug\jdinput.obj
d:\working\fltk\fltk-2.0\ide\vcnet\debug\jdmainct.obj
d:\working\fltk\fltk-2.0\ide\vcnet\debug\jdmarker.obj
d:\working\fltk\fltk-2.0\ide\vcnet\debug\jdmaster.obj
d:\working\fltk\fltk-2.0\ide\vcnet\debug\jdmerge.obj
d:\working\fltk\fltk-2.0\ide\vcnet\debug\jdpostct.obj
d:\working\fltk\fltk-2.0\ide\vcnet\debug\jdsample.obj
d:\working\fltk\fltk-2.0\ide\vcnet\debug\jdtrans.obj
d:\working\fltk\fltk-2.0\ide\vcnet\debug\jerror.obj
d:\working\fltk\fltk-2.0\ide\vcnet\debug\jfdctflt.obj
d:\working\fltk\fltk-2.0\ide\vcnet\debug\jfdctfst.obj
d:\working\fltk\fltk-2.0\ide\vcnet\debug\jfdctint.obj
d:\working\fltk\fltk-2.0\ide\vcnet\debug\jidctflt.obj
d:\working\fltk\fltk-2.0\ide\vcnet\debug\jidctfst.obj
d:\working\fltk\fltk-2.0\ide\vcnet\debug\jidctint.obj
d:\working\fltk\fltk-2.0\ide\vcnet\debug\jmemmgr.obj
d:\working\fltk\fltk-2.0\ide\vcnet\debug\jmemnobs.obj
d:\working\fltk\fltk-2.0\ide\vcnet\debug\jquant1.obj
d:\working\fltk\fltk-2.0\ide\vcnet\debug\jquant2.obj
d:\working\fltk\fltk-2.0\ide\vcnet\debug\jutils.obj
d:\working\fltk\fltk-2.0\ide\vcnet\debug\label.obj
d:\working\fltk\fltk-2.0\ide\vcnet\debug\pack.obj
d:\working\fltk\fltk-2.0\ide\vcnet\debug\png.obj
d:\working\fltk\fltk-2.0\ide\vcnet\debug\pngerror.obj
d:\working\fltk\fltk-2.0\ide\vcnet\debug\pngget.obj
d:\working\fltk\fltk-2.0\ide\vcnet\debug\pngmem.obj
d:\working\fltk\fltk-2.0\ide\vcnet\debug\pngpread.obj
d:\working\fltk\fltk-2.0\ide\vcnet\debug\pngread.obj
d:\working\fltk\fltk-2.0\ide\vcnet\debug\pngrio.obj
d:\working\fltk\fltk-2.0\ide\vcnet\debug\pngrtran.obj
d:\working\fltk\fltk-2.0\ide\vcnet\debug\pngrutil.obj
d:\working\fltk\fltk-2.0\ide\vcnet\debug\pngset.obj
d:\working\fltk\fltk-2.0\ide\vcnet\debug\pngtrans.obj
d:\working\fltk\fltk-2.0\ide\vcnet\debug\pngwio.obj
d:\working\fltk\fltk-2.0\ide\vcnet\debug\pngwrite.obj
d:\working\fltk\fltk-2.0\ide\vcnet\debug\pngwtran.obj
d:\working\fltk\fltk-2.0\ide\vcnet\debug\pngwutil.obj
d:\working\fltk\fltk-2.0\ide\vcnet\debug\qubix.obj
d:\working\fltk\fltk-2.0\ide\vcnet\debug\tile.obj
d:\working\fltk\fltk-2.0\ide\vcnet\debug\trees.obj
d:\working\fltk\fltk-2.0\ide\vcnet\debug\uncompr.obj
d:\working\fltk\fltk-2.0\ide\vcnet\debug\zutil.obj
d:\working\fltk\fltk-2.0\ide\vcnet\debug\fltk_opengl.idb
d:\working\fltk\fltk-2.0\ide\vcnet\debug\libjpeg.idb
d:\working\fltk\fltk-2.0\ide\vcnet\debug\libpng.idb
d:\working\fltk\fltk-2.0\ide\vcnet\debug\zlib.idb
d:\working\fltk\fltk-2.0\ide\vcnet\debug\boxtyped.pdb
d:\working\fltk\fltk-2.0\ide\vcnet\debug\checkersd.pdb
d:\working\fltk\fltk-2.0\ide\vcnet\debug\color_chooserd.pdb
d:\working\fltk\fltk-2.0\ide\vcnet\debug\cubeviewd.pdb
d:\working\fltk\fltk-2.0\ide\vcnet\debug\cursord.pdb
d:\working\fltk\fltk-2.0\ide\vcnet\debug\editord.pdb
d:\working\fltk\fltk-2.0\ide\vcnet\debug\file_chooserd.pdb
d:\working\fltk\fltk-2.0\ide\vcnet\debug\fltk_opengl.pdb
d:\working\fltk\fltk-2.0\ide\vcnet\debug\fontsd.pdb
d:\working\fltk\fltk-2.0\ide\vcnet\debug\hellod.pdb
d:\working\fltk\fltk-2.0\ide\vcnet\debug\imaged.pdb
d:\working\fltk\fltk-2.0\ide\vcnet\debug\inputd.pdb
d:\working\fltk\fltk-2.0\ide\vcnet\debug\labeld.pdb
d:\working\fltk\fltk-2.0\ide\vcnet\debug\libjpeg.pdb
d:\working\fltk\fltk-2.0\ide\vcnet\debug\libpng.pdb
d:\working\fltk\fltk-2.0\ide\vcnet\debug\packd.pdb
d:\working\fltk\fltk-2.0\ide\vcnet\debug\qubixd.pdb
d:\working\fltk\fltk-2.0\ide\vcnet\debug\tiled.pdb
d:\working\fltk\fltk-2.0\ide\vcnet\debug\zlib.pdb
d:\working\fltk\fltk-2.0\ide\vcnet\debug\boxtype.bsc
d:\working\fltk\fltk-2.0\ide\vcnet\debug\checkers.bsc
d:\working\fltk\fltk-2.0\ide\vcnet\debug\color_chooser.bsc
d:\working\fltk\fltk-2.0\ide\vcnet\debug\cubeview.bsc
d:\working\fltk\fltk-2.0\ide\vcnet\debug\cursor.bsc
d:\working\fltk\fltk-2.0\ide\vcnet\debug\editor.bsc
d:\working\fltk\fltk-2.0\ide\vcnet\debug\file_chooser.bsc
d:\working\fltk\fltk-2.0\ide\vcnet\debug\fltkdll_opengl.bsc
d:\working\fltk\fltk-2.0\ide\vcnet\debug\fonts.bsc
d:\working\fltk\fltk-2.0\ide\vcnet\debug\hello.bsc
d:\working\fltk\fltk-2.0\ide\vcnet\debug\image.bsc
d:\working\fltk\fltk-2.0\ide\vcnet\debug\input.bsc
d:\working\fltk\fltk-2.0\ide\vcnet\debug\label.bsc
d:\working\fltk\fltk-2.0\ide\vcnet\debug\libjpeg.bsc
d:\working\fltk\fltk-2.0\ide\vcnet\debug\libpng.bsc
d:\working\fltk\fltk-2.0\ide\vcnet\debug\pack.bsc
d:\working\fltk\fltk-2.0\ide\vcnet\debug\qubix.bsc
d:\working\fltk\fltk-2.0\ide\vcnet\debug\tile.bsc
d:\working\fltk\fltk-2.0\ide\vcnet\debug\zlib.bsc
d:\working\fltk\fltk-2.0\ide\vcnet\debug\adler32.sbr
d:\working\fltk\fltk-2.0\ide\vcnet\debug\boxtype.sbr
d:\working\fltk\fltk-2.0\ide\vcnet\debug\checkers.sbr
d:\working\fltk\fltk-2.0\ide\vcnet\debug\color_chooser.sbr
d:\working\fltk\fltk-2.0\ide\vcnet\debug\compress.sbr
d:\working\fltk\fltk-2.0\ide\vcnet\debug\crc32.sbr
d:\working\fltk\fltk-2.0\ide\vcnet\debug\cubemain.sbr
d:\working\fltk\fltk-2.0\ide\vcnet\debug\cubeview.sbr
d:\working\fltk\fltk-2.0\ide\vcnet\debug\cubeviewui.sbr
d:\working\fltk\fltk-2.0\ide\vcnet\debug\cursor.sbr
d:\working\fltk\fltk-2.0\ide\vcnet\debug\deflate.sbr
d:\working\fltk\fltk-2.0\ide\vcnet\debug\editor.sbr
d:\working\fltk\fltk-2.0\ide\vcnet\debug\file_chooser.sbr
d:\working\fltk\fltk-2.0\ide\vcnet\debug\fl_gl_choice.sbr
d:\working\fltk\fltk-2.0\ide\vcnet\debug\fl_gl_overlay.sbr
d:\working\fltk\fltk-2.0\ide\vcnet\debug\fl_gl_window.sbr
d:\working\fltk\fltk-2.0\ide\vcnet\debug\fonts.sbr
d:\working\fltk\fltk-2.0\ide\vcnet\debug\gl_draw.sbr
d:\working\fltk\fltk-2.0\ide\vcnet\debug\gl_start.sbr
d:\working\fltk\fltk-2.0\ide\vcnet\debug\gzclose.sbr
d:\working\fltk\fltk-2.0\ide\vcnet\debug\gzlib.sbr
d:\working\fltk\fltk-2.0\ide\vcnet\debug\gzread.sbr
d:\working\fltk\fltk-2.0\ide\vcnet\debug\gzwrite.sbr
d:\working\fltk\fltk-2.0\ide\vcnet\debug\hello.sbr
d:\working\fltk\fltk-2.0\ide\vcnet\debug\image.sbr
d:\working\fltk\fltk-2.0\ide\vcnet\debug\infback.sbr
d:\working\fltk\fltk-2.0\ide\vcnet\debug\inffast.sbr
d:\working\fltk\fltk-2.0\ide\vcnet\debug\inflate.sbr
d:\working\fltk\fltk-2.0\ide\vcnet\debug\inftrees.sbr
d:\working\fltk\fltk-2.0\ide\vcnet\debug\input.sbr
d:\working\fltk\fltk-2.0\ide\vcnet\debug\jaricom.sbr
d:\working\fltk\fltk-2.0\ide\vcnet\debug\jcapimin.sbr
d:\working\fltk\fltk-2.0\ide\vcnet\debug\jcapistd.sbr
d:\working\fltk\fltk-2.0\ide\vcnet\debug\jcarith.sbr
d:\working\fltk\fltk-2.0\ide\vcnet\debug\jccoefct.sbr
d:\working\fltk\fltk-2.0\ide\vcnet\debug\jccolor.sbr
d:\working\fltk\fltk-2.0\ide\vcnet\debug\jcdctmgr.sbr
d:\working\fltk\fltk-2.0\ide\vcnet\debug\jchuff.sbr
d:\working\fltk\fltk-2.0\ide\vcnet\debug\jcinit.sbr
d:\working\fltk\fltk-2.0\ide\vcnet\debug\jcmainct.sbr
d:\working\fltk\fltk-2.0\ide\vcnet\debug\jcmarker.sbr
d:\working\fltk\fltk-2.0\ide\vcnet\debug\jcmaster.sbr
d:\working\fltk\fltk-2.0\ide\vcnet\debug\jcomapi.sbr
d:\working\fltk\fltk-2.0\ide\vcnet\debug\jcparam.sbr
d:\working\fltk\fltk-2.0\ide\vcnet\debug\jcprepct.sbr
d:\working\fltk\fltk-2.0\ide\vcnet\debug\jcsample.sbr
d:\working\fltk\fltk-2.0\ide\vcnet\debug\jctrans.sbr
d:\working\fltk\fltk-2.0\ide\vcnet\debug\jdapimin.sbr
d:\working\fltk\fltk-2.0\ide\vcnet\debug\jdapistd.sbr
d:\working\fltk\fltk-2.0\ide\vcnet\debug\jdarith.sbr
d:\working\fltk\fltk-2.0\ide\vcnet\debug\jdatadst.sbr
d:\working\fltk\fltk-2.0\ide\vcnet\debug\jdatasrc.sbr
d:\working\fltk\fltk-2.0\ide\vcnet\debug\jdcoefct.sbr
d:\working\fltk\fltk-2.0\ide\vcnet\debug\jdcolor.sbr
d:\working\fltk\fltk-2.0\ide\vcnet\debug\jddctmgr.sbr
d:\working\fltk\fltk-2.0\ide\vcnet\debug\jdhuff.sbr
d:\working\fltk\fltk-2.0\ide\vcnet\debug\jdinput.sbr
d:\working\fltk\fltk-2.0\ide\vcnet\debug\jdmainct.sbr
d:\working\fltk\fltk-2.0\ide\vcnet\debug\jdmarker.sbr
d:\working\fltk\fltk-2.0\ide\vcnet\debug\jdmaster.sbr
d:\working\fltk\fltk-2.0\ide\vcnet\debug\jdmerge.sbr
d:\working\fltk\fltk-2.0\ide\vcnet\debug\jdpostct.sbr
d:\working\fltk\fltk-2.0\ide\vcnet\debug\jdsample.sbr
d:\working\fltk\fltk-2.0\ide\vcnet\debug\jdtrans.sbr
d:\working\fltk\fltk-2.0\ide\vcnet\debug\jerror.sbr
d:\working\fltk\fltk-2.0\ide\vcnet\debug\jfdctflt.sbr
d:\working\fltk\fltk-2.0\ide\vcnet\debug\jfdctfst.sbr
d:\working\fltk\fltk-2.0\ide\vcnet\debug\jfdctint.sbr
d:\working\fltk\fltk-2.0\ide\vcnet\debug\jidctflt.sbr
d:\working\fltk\fltk-2.0\ide\vcnet\debug\jidctfst.sbr
d:\working\fltk\fltk-2.0\ide\vcnet\debug\jidctint.sbr
d:\working\fltk\fltk-2.0\ide\vcnet\debug\jmemmgr.sbr
d:\working\fltk\fltk-2.0\ide\vcnet\debug\jmemnobs.sbr
d:\working\fltk\fltk-2.0\ide\vcnet\debug\jquant1.sbr
d:\working\fltk\fltk-2.0\ide\vcnet\debug\jquant2.sbr
d:\working\fltk\fltk-2.0\ide\vcnet\debug\jutils.sbr
d:\working\fltk\fltk-2.0\ide\vcnet\debug\label.sbr
d:\working\fltk\fltk-2.0\ide\vcnet\debug\pack.sbr
d:\working\fltk\fltk-2.0\ide\vcnet\debug\png.sbr
d:\working\fltk\fltk-2.0\ide\vcnet\debug\pngerror.sbr
d:\working\fltk\fltk-2.0\ide\vcnet\debug\pngget.sbr
d:\working\fltk\fltk-2.0\ide\vcnet\debug\pngmem.sbr
d:\working\fltk\fltk-2.0\ide\vcnet\debug\pngpread.sbr
d:\working\fltk\fltk-2.0\ide\vcnet\debug\pngread.sbr
d:\working\fltk\fltk-2.0\ide\vcnet\debug\pngrio.sbr
d:\working\fltk\fltk-2.0\ide\vcnet\debug\pngrtran.sbr
d:\working\fltk\fltk-2.0\ide\vcnet\debug\pngrutil.sbr
d:\working\fltk\fltk-2.0\ide\vcnet\debug\pngset.sbr
d:\working\fltk\fltk-2.0\ide\vcnet\debug\pngtrans.sbr
d:\working\fltk\fltk-2.0\ide\vcnet\debug\pngwio.sbr
d:\working\fltk\fltk-2.0\ide\vcnet\debug\pngwrite.sbr
d:\working\fltk\fltk-2.0\ide\vcnet\debug\pngwtran.sbr
d:\working\fltk\fltk-2.0\ide\vcnet\debug\pngwutil.sbr
d:\working\fltk\fltk-2.0\ide\vcnet\debug\qubix.sbr
d:\working\fltk\fltk-2.0\ide\vcnet\debug\tile.sbr
d:\working\fltk\fltk-2.0\ide\vcnet\debug\trees.sbr
d:\working\fltk\fltk-2.0\ide\vcnet\debug\uncompr.sbr
d:\working\fltk\fltk-2.0\ide\vcnet\debug\zutil.sbr
d:\working\fltk\fltk-2.0\ide\vcnet\debug\demo.tlog\bscmake.command.1.tlog
d:\working\fltk\fltk-2.0\ide\vcnet\debug\demo.tlog\bscmake.read.1.tlog
d:\working\fltk\fltk-2.0\ide\vcnet\debug\demo.tlog\bscmake.write.1.tlog
d:\working\fltk\fltk-2.0\ide\vcnet\debug\demo.tlog\cl.command.1.tlog
d:\working\fltk\fltk-2.0\ide\vcnet\debug\demo.tlog\cl.read.1.tlog
d:\working\fltk\fltk-2.0\ide\vcnet\debug\demo.tlog\cl.write.1.tlog
d:\working\fltk\fltk-2.0\ide\vcnet\debug\demo.tlog\link.command.1.tlog
d:\working\fltk\fltk-2.0\ide\vcnet\debug\demo.tlog\link.read.1.tlog
d:\working\fltk\fltk-2.0\ide\vcnet\debug\demo.tlog\link.write.1.tlog
