d:\working\fltk\fltk-2.0\ide\vcnet\debug\file_chooser.bsc
d:\working\fltk\fltk-2.0\ide\vcnet\debug\vc140.pdb
d:\working\fltk\fltk-2.0\ide\vcnet\debug\vc140.idb
d:\working\fltk\fltk-2.0\ide\vcnet\debug\file_chooser.sbr
d:\working\fltk\fltk-2.0\ide\vcnet\debug\file_chooser.obj
z:\working\gui\fltk\fltk-2.0\test\file_chooserd.ilk
z:\working\gui\fltk\fltk-2.0\test\file_chooserd.exe
z:\working\gui\fltk\fltk-2.0\ide\vcnet\debug\file_chooserd.pdb
d:\working\fltk\fltk-2.0\test\file_chooserd.ilk
d:\working\fltk\fltk-2.0\test\file_chooserd.exe
d:\working\fltk\fltk-2.0\ide\vcnet\debug\file_chooserd.pdb
d:\working\fltk\fltk-2.0\ide\vcnet\debug\file_chooser.tlog\bscmake.command.1.tlog
d:\working\fltk\fltk-2.0\ide\vcnet\debug\file_chooser.tlog\bscmake.read.1.tlog
d:\working\fltk\fltk-2.0\ide\vcnet\debug\file_chooser.tlog\bscmake.write.1.tlog
d:\working\fltk\fltk-2.0\ide\vcnet\debug\file_chooser.tlog\cl.command.1.tlog
d:\working\fltk\fltk-2.0\ide\vcnet\debug\file_chooser.tlog\cl.read.1.tlog
d:\working\fltk\fltk-2.0\ide\vcnet\debug\file_chooser.tlog\cl.write.1.tlog
d:\working\fltk\fltk-2.0\ide\vcnet\debug\file_chooser.tlog\link.command.1.tlog
d:\working\fltk\fltk-2.0\ide\vcnet\debug\file_chooser.tlog\link.read.1.tlog
d:\working\fltk\fltk-2.0\ide\vcnet\debug\file_chooser.tlog\link.write.1.tlog
