d:\working\fltk\fltk-2.0\ide\vcnet\debug\fltkdll_opengl.bsc
z:\working\gui\fltk\fltk-2.0\ide\vcnet\fltkdlld\vc140.pdb
d:\working\fltk\fltk-2.0\ide\vcnet\fltkdlld\vc140.pdb
d:\working\fltk\fltk-2.0\ide\vcnet\fltkdlld\vc140.idb
d:\working\fltk\fltk-2.0\ide\vcnet\debug\gl_start.sbr
d:\working\fltk\fltk-2.0\ide\vcnet\debug\gl_draw.sbr
d:\working\fltk\fltk-2.0\ide\vcnet\debug\fl_gl_window.sbr
d:\working\fltk\fltk-2.0\ide\vcnet\debug\fl_gl_overlay.sbr
d:\working\fltk\fltk-2.0\ide\vcnet\debug\fl_gl_choice.sbr
d:\working\fltk\fltk-2.0\ide\vcnet\fltkdlld\fl_gl_choice.obj
d:\working\fltk\fltk-2.0\ide\vcnet\fltkdlld\fl_gl_overlay.obj
d:\working\fltk\fltk-2.0\ide\vcnet\fltkdlld\fl_gl_window.obj
d:\working\fltk\fltk-2.0\ide\vcnet\fltkdlld\gl_draw.obj
d:\working\fltk\fltk-2.0\ide\vcnet\fltkdlld\gl_start.obj
z:\working\gui\fltk\fltk-2.0\lib\fltk2dll_gld.lib
z:\working\gui\fltk\fltk-2.0\lib\fltk2dll_gld.exp
d:\working\fltk\fltk-2.0\lib\fltk2dll_gld.lib
d:\working\fltk\fltk-2.0\lib\fltk2dll_gld.exp
z:\working\gui\fltk\fltk-2.0\lib\fltk2dll_gld.ilk
z:\working\gui\fltk\fltk-2.0\lib\fltk2dll_gld.dll
z:\working\gui\fltk\fltk-2.0\ide\vcnet\fltkdll_gl.pdb
d:\working\fltk\fltk-2.0\lib\fltk2dll_gld.ilk
d:\working\fltk\fltk-2.0\lib\fltk2dll_gld.dll
d:\working\fltk\fltk-2.0\ide\vcnet\fltkdll_gl.pdb
d:\working\fltk\fltk-2.0\ide\vcnet\debug\fltkdll_opengl.tlog\bscmake.command.1.tlog
d:\working\fltk\fltk-2.0\ide\vcnet\debug\fltkdll_opengl.tlog\bscmake.read.1.tlog
d:\working\fltk\fltk-2.0\ide\vcnet\debug\fltkdll_opengl.tlog\bscmake.write.1.tlog
d:\working\fltk\fltk-2.0\ide\vcnet\debug\fltkdll_opengl.tlog\cl.command.1.tlog
d:\working\fltk\fltk-2.0\ide\vcnet\debug\fltkdll_opengl.tlog\cl.read.1.tlog
d:\working\fltk\fltk-2.0\ide\vcnet\debug\fltkdll_opengl.tlog\cl.write.1.tlog
d:\working\fltk\fltk-2.0\ide\vcnet\debug\fltkdll_opengl.tlog\fltkdll_opengl.write.1u.tlog
d:\working\fltk\fltk-2.0\ide\vcnet\debug\fltkdll_opengl.tlog\link.command.1.tlog
d:\working\fltk\fltk-2.0\ide\vcnet\debug\fltkdll_opengl.tlog\link.read.1.tlog
d:\working\fltk\fltk-2.0\ide\vcnet\debug\fltkdll_opengl.tlog\link.write.1.tlog
