d:\working\fltk\fltk-2.0\ide\vcnet\debug\label.bsc
d:\working\fltk\fltk-2.0\ide\vcnet\debug\vc140.pdb
d:\working\fltk\fltk-2.0\ide\vcnet\debug\vc140.idb
d:\working\fltk\fltk-2.0\ide\vcnet\debug\label.sbr
d:\working\fltk\fltk-2.0\ide\vcnet\debug\label.obj
z:\working\gui\fltk\fltk-2.0\test\labeld.ilk
z:\working\gui\fltk\fltk-2.0\test\labeld.exe
z:\working\gui\fltk\fltk-2.0\ide\vcnet\debug\labeld.pdb
d:\working\fltk\fltk-2.0\test\labeld.ilk
d:\working\fltk\fltk-2.0\test\labeld.exe
d:\working\fltk\fltk-2.0\ide\vcnet\debug\labeld.pdb
d:\working\fltk\fltk-2.0\ide\vcnet\debug\label.tlog\bscmake.command.1.tlog
d:\working\fltk\fltk-2.0\ide\vcnet\debug\label.tlog\bscmake.read.1.tlog
d:\working\fltk\fltk-2.0\ide\vcnet\debug\label.tlog\bscmake.write.1.tlog
d:\working\fltk\fltk-2.0\ide\vcnet\debug\label.tlog\cl.command.1.tlog
d:\working\fltk\fltk-2.0\ide\vcnet\debug\label.tlog\cl.read.1.tlog
d:\working\fltk\fltk-2.0\ide\vcnet\debug\label.tlog\cl.write.1.tlog
d:\working\fltk\fltk-2.0\ide\vcnet\debug\label.tlog\link.command.1.tlog
d:\working\fltk\fltk-2.0\ide\vcnet\debug\label.tlog\link.read.1.tlog
d:\working\fltk\fltk-2.0\ide\vcnet\debug\label.tlog\link.write.1.tlog
