d:\working\fltk\fltk-2.0\ide\vcnet\debug\libjpeg.bsc
z:\working\gui\fltk\fltk-2.0\ide\vcnet\debug\libjpeg.pdb
d:\working\fltk\fltk-2.0\ide\vcnet\debug\libjpeg.pdb
d:\working\fltk\fltk-2.0\ide\vcnet\debug\libjpeg.idb
d:\working\fltk\fltk-2.0\ide\vcnet\debug\jutils.sbr
d:\working\fltk\fltk-2.0\ide\vcnet\debug\jquant2.sbr
d:\working\fltk\fltk-2.0\ide\vcnet\debug\jquant1.sbr
d:\working\fltk\fltk-2.0\ide\vcnet\debug\jmemnobs.sbr
d:\working\fltk\fltk-2.0\ide\vcnet\debug\jmemmgr.sbr
d:\working\fltk\fltk-2.0\ide\vcnet\debug\jidctint.sbr
d:\working\fltk\fltk-2.0\ide\vcnet\debug\jidctfst.sbr
d:\working\fltk\fltk-2.0\ide\vcnet\debug\jidctflt.sbr
d:\working\fltk\fltk-2.0\ide\vcnet\debug\jfdctint.sbr
d:\working\fltk\fltk-2.0\ide\vcnet\debug\jfdctfst.sbr
d:\working\fltk\fltk-2.0\ide\vcnet\debug\jfdctflt.sbr
d:\working\fltk\fltk-2.0\ide\vcnet\debug\jerror.sbr
d:\working\fltk\fltk-2.0\ide\vcnet\debug\jdtrans.sbr
d:\working\fltk\fltk-2.0\ide\vcnet\debug\jdsample.sbr
d:\working\fltk\fltk-2.0\ide\vcnet\debug\jdpostct.sbr
d:\working\fltk\fltk-2.0\ide\vcnet\debug\jdmerge.sbr
d:\working\fltk\fltk-2.0\ide\vcnet\debug\jdmaster.sbr
d:\working\fltk\fltk-2.0\ide\vcnet\debug\jdmarker.sbr
d:\working\fltk\fltk-2.0\ide\vcnet\debug\jdmainct.sbr
d:\working\fltk\fltk-2.0\ide\vcnet\debug\jdinput.sbr
d:\working\fltk\fltk-2.0\ide\vcnet\debug\jdinput.obj
d:\working\fltk\fltk-2.0\ide\vcnet\debug\jdmainct.obj
d:\working\fltk\fltk-2.0\ide\vcnet\debug\jdmarker.obj
d:\working\fltk\fltk-2.0\ide\vcnet\debug\jdmaster.obj
d:\working\fltk\fltk-2.0\ide\vcnet\debug\jdmerge.obj
d:\working\fltk\fltk-2.0\ide\vcnet\debug\jdpostct.obj
d:\working\fltk\fltk-2.0\ide\vcnet\debug\jdsample.obj
d:\working\fltk\fltk-2.0\ide\vcnet\debug\jdtrans.obj
d:\working\fltk\fltk-2.0\ide\vcnet\debug\jerror.obj
d:\working\fltk\fltk-2.0\ide\vcnet\debug\jfdctflt.obj
d:\working\fltk\fltk-2.0\ide\vcnet\debug\jfdctfst.obj
d:\working\fltk\fltk-2.0\ide\vcnet\debug\jfdctint.obj
d:\working\fltk\fltk-2.0\ide\vcnet\debug\jidctflt.obj
d:\working\fltk\fltk-2.0\ide\vcnet\debug\jidctfst.obj
d:\working\fltk\fltk-2.0\ide\vcnet\debug\jidctint.obj
d:\working\fltk\fltk-2.0\ide\vcnet\debug\jmemmgr.obj
d:\working\fltk\fltk-2.0\ide\vcnet\debug\jmemnobs.obj
d:\working\fltk\fltk-2.0\ide\vcnet\debug\jquant1.obj
d:\working\fltk\fltk-2.0\ide\vcnet\debug\jquant2.obj
d:\working\fltk\fltk-2.0\ide\vcnet\debug\jutils.obj
d:\working\fltk\fltk-2.0\ide\vcnet\debug\jdhuff.sbr
d:\working\fltk\fltk-2.0\ide\vcnet\debug\jddctmgr.sbr
d:\working\fltk\fltk-2.0\ide\vcnet\debug\jdcolor.sbr
d:\working\fltk\fltk-2.0\ide\vcnet\debug\jdcoefct.sbr
d:\working\fltk\fltk-2.0\ide\vcnet\debug\jdatasrc.sbr
d:\working\fltk\fltk-2.0\ide\vcnet\debug\jdatadst.sbr
d:\working\fltk\fltk-2.0\ide\vcnet\debug\jdarith.sbr
d:\working\fltk\fltk-2.0\ide\vcnet\debug\jdapistd.sbr
d:\working\fltk\fltk-2.0\ide\vcnet\debug\jdapimin.sbr
d:\working\fltk\fltk-2.0\ide\vcnet\debug\jctrans.sbr
d:\working\fltk\fltk-2.0\ide\vcnet\debug\jcsample.sbr
d:\working\fltk\fltk-2.0\ide\vcnet\debug\jcprepct.sbr
d:\working\fltk\fltk-2.0\ide\vcnet\debug\jcparam.sbr
d:\working\fltk\fltk-2.0\ide\vcnet\debug\jcomapi.sbr
d:\working\fltk\fltk-2.0\ide\vcnet\debug\jcmaster.sbr
d:\working\fltk\fltk-2.0\ide\vcnet\debug\jcmarker.sbr
d:\working\fltk\fltk-2.0\ide\vcnet\debug\jcmainct.sbr
d:\working\fltk\fltk-2.0\ide\vcnet\debug\jcinit.sbr
d:\working\fltk\fltk-2.0\ide\vcnet\debug\jchuff.sbr
d:\working\fltk\fltk-2.0\ide\vcnet\debug\jcdctmgr.sbr
d:\working\fltk\fltk-2.0\ide\vcnet\debug\jcdctmgr.obj
d:\working\fltk\fltk-2.0\ide\vcnet\debug\jchuff.obj
d:\working\fltk\fltk-2.0\ide\vcnet\debug\jcinit.obj
d:\working\fltk\fltk-2.0\ide\vcnet\debug\jcmainct.obj
d:\working\fltk\fltk-2.0\ide\vcnet\debug\jcmarker.obj
d:\working\fltk\fltk-2.0\ide\vcnet\debug\jcmaster.obj
d:\working\fltk\fltk-2.0\ide\vcnet\debug\jcomapi.obj
d:\working\fltk\fltk-2.0\ide\vcnet\debug\jcparam.obj
d:\working\fltk\fltk-2.0\ide\vcnet\debug\jcprepct.obj
d:\working\fltk\fltk-2.0\ide\vcnet\debug\jcsample.obj
d:\working\fltk\fltk-2.0\ide\vcnet\debug\jctrans.obj
d:\working\fltk\fltk-2.0\ide\vcnet\debug\jdapimin.obj
d:\working\fltk\fltk-2.0\ide\vcnet\debug\jdapistd.obj
d:\working\fltk\fltk-2.0\ide\vcnet\debug\jdarith.obj
d:\working\fltk\fltk-2.0\ide\vcnet\debug\jdatadst.obj
d:\working\fltk\fltk-2.0\ide\vcnet\debug\jdatasrc.obj
d:\working\fltk\fltk-2.0\ide\vcnet\debug\jdcoefct.obj
d:\working\fltk\fltk-2.0\ide\vcnet\debug\jdcolor.obj
d:\working\fltk\fltk-2.0\ide\vcnet\debug\jddctmgr.obj
d:\working\fltk\fltk-2.0\ide\vcnet\debug\jdhuff.obj
d:\working\fltk\fltk-2.0\ide\vcnet\debug\jccolor.sbr
d:\working\fltk\fltk-2.0\ide\vcnet\debug\jccoefct.sbr
d:\working\fltk\fltk-2.0\ide\vcnet\debug\jcarith.sbr
d:\working\fltk\fltk-2.0\ide\vcnet\debug\jcapistd.sbr
d:\working\fltk\fltk-2.0\ide\vcnet\debug\jcapimin.sbr
d:\working\fltk\fltk-2.0\ide\vcnet\debug\jaricom.sbr
d:\working\fltk\fltk-2.0\ide\vcnet\debug\jaricom.obj
d:\working\fltk\fltk-2.0\ide\vcnet\debug\jcapimin.obj
d:\working\fltk\fltk-2.0\ide\vcnet\debug\jcapistd.obj
d:\working\fltk\fltk-2.0\ide\vcnet\debug\jcarith.obj
d:\working\fltk\fltk-2.0\ide\vcnet\debug\jccoefct.obj
d:\working\fltk\fltk-2.0\ide\vcnet\debug\jccolor.obj
z:\working\gui\fltk\fltk-2.0\lib\fltk2_jpegd.lib
d:\working\fltk\fltk-2.0\lib\fltk2_jpegd.lib
d:\working\fltk\fltk-2.0\ide\vcnet\debug\libjpeg.tlog\bscmake.command.1.tlog
d:\working\fltk\fltk-2.0\ide\vcnet\debug\libjpeg.tlog\bscmake.read.1.tlog
d:\working\fltk\fltk-2.0\ide\vcnet\debug\libjpeg.tlog\bscmake.write.1.tlog
d:\working\fltk\fltk-2.0\ide\vcnet\debug\libjpeg.tlog\cl.command.1.tlog
d:\working\fltk\fltk-2.0\ide\vcnet\debug\libjpeg.tlog\cl.read.1.tlog
d:\working\fltk\fltk-2.0\ide\vcnet\debug\libjpeg.tlog\cl.write.1.tlog
d:\working\fltk\fltk-2.0\ide\vcnet\debug\libjpeg.tlog\lib-link.read.1.tlog
d:\working\fltk\fltk-2.0\ide\vcnet\debug\libjpeg.tlog\lib-link.write.1.tlog
d:\working\fltk\fltk-2.0\ide\vcnet\debug\libjpeg.tlog\lib.command.1.tlog
