d:\working\fltk\fltk-2.0\ide\vcnet\debug\libpng.bsc
z:\working\gui\fltk\fltk-2.0\ide\vcnet\debug\libpng.pdb
d:\working\fltk\fltk-2.0\ide\vcnet\debug\libpng.pdb
d:\working\fltk\fltk-2.0\ide\vcnet\debug\libpng.idb
d:\working\fltk\fltk-2.0\ide\vcnet\debug\pngwutil.sbr
d:\working\fltk\fltk-2.0\ide\vcnet\debug\pngwtran.sbr
d:\working\fltk\fltk-2.0\ide\vcnet\debug\pngwrite.sbr
d:\working\fltk\fltk-2.0\ide\vcnet\debug\pngwio.sbr
d:\working\fltk\fltk-2.0\ide\vcnet\debug\pngtrans.sbr
d:\working\fltk\fltk-2.0\ide\vcnet\debug\pngset.sbr
d:\working\fltk\fltk-2.0\ide\vcnet\debug\pngrutil.sbr
d:\working\fltk\fltk-2.0\ide\vcnet\debug\pngrtran.sbr
d:\working\fltk\fltk-2.0\ide\vcnet\debug\pngrio.sbr
d:\working\fltk\fltk-2.0\ide\vcnet\debug\pngread.sbr
d:\working\fltk\fltk-2.0\ide\vcnet\debug\pngpread.sbr
d:\working\fltk\fltk-2.0\ide\vcnet\debug\pngmem.sbr
d:\working\fltk\fltk-2.0\ide\vcnet\debug\pngget.sbr
d:\working\fltk\fltk-2.0\ide\vcnet\debug\pngerror.sbr
d:\working\fltk\fltk-2.0\ide\vcnet\debug\png.sbr
d:\working\fltk\fltk-2.0\ide\vcnet\debug\png.obj
d:\working\fltk\fltk-2.0\ide\vcnet\debug\pngerror.obj
d:\working\fltk\fltk-2.0\ide\vcnet\debug\pngget.obj
d:\working\fltk\fltk-2.0\ide\vcnet\debug\pngmem.obj
d:\working\fltk\fltk-2.0\ide\vcnet\debug\pngpread.obj
d:\working\fltk\fltk-2.0\ide\vcnet\debug\pngread.obj
d:\working\fltk\fltk-2.0\ide\vcnet\debug\pngrio.obj
d:\working\fltk\fltk-2.0\ide\vcnet\debug\pngrtran.obj
d:\working\fltk\fltk-2.0\ide\vcnet\debug\pngrutil.obj
d:\working\fltk\fltk-2.0\ide\vcnet\debug\pngset.obj
d:\working\fltk\fltk-2.0\ide\vcnet\debug\pngtrans.obj
d:\working\fltk\fltk-2.0\ide\vcnet\debug\pngwio.obj
d:\working\fltk\fltk-2.0\ide\vcnet\debug\pngwrite.obj
d:\working\fltk\fltk-2.0\ide\vcnet\debug\pngwtran.obj
d:\working\fltk\fltk-2.0\ide\vcnet\debug\pngwutil.obj
z:\working\gui\fltk\fltk-2.0\lib\fltk2_pngd.lib
d:\working\fltk\fltk-2.0\lib\fltk2_pngd.lib
d:\working\fltk\fltk-2.0\ide\vcnet\debug\libpng.tlog\bscmake.command.1.tlog
d:\working\fltk\fltk-2.0\ide\vcnet\debug\libpng.tlog\bscmake.read.1.tlog
d:\working\fltk\fltk-2.0\ide\vcnet\debug\libpng.tlog\bscmake.write.1.tlog
d:\working\fltk\fltk-2.0\ide\vcnet\debug\libpng.tlog\cl.command.1.tlog
d:\working\fltk\fltk-2.0\ide\vcnet\debug\libpng.tlog\cl.read.1.tlog
d:\working\fltk\fltk-2.0\ide\vcnet\debug\libpng.tlog\cl.write.1.tlog
d:\working\fltk\fltk-2.0\ide\vcnet\debug\libpng.tlog\lib-link.read.1.tlog
d:\working\fltk\fltk-2.0\ide\vcnet\debug\libpng.tlog\lib-link.write.1.tlog
d:\working\fltk\fltk-2.0\ide\vcnet\debug\libpng.tlog\lib.command.1.tlog
