d:\working\fltk\fltk-2.0\ide\vcnet\debug\pack.bsc
d:\working\fltk\fltk-2.0\ide\vcnet\debug\vc140.pdb
d:\working\fltk\fltk-2.0\ide\vcnet\debug\vc140.idb
d:\working\fltk\fltk-2.0\ide\vcnet\debug\pack.sbr
d:\working\fltk\fltk-2.0\ide\vcnet\debug\pack.obj
z:\working\gui\fltk\fltk-2.0\test\packd.ilk
z:\working\gui\fltk\fltk-2.0\test\packd.exe
z:\working\gui\fltk\fltk-2.0\ide\vcnet\debug\packd.pdb
d:\working\fltk\fltk-2.0\test\packd.ilk
d:\working\fltk\fltk-2.0\test\packd.exe
d:\working\fltk\fltk-2.0\ide\vcnet\debug\packd.pdb
d:\working\fltk\fltk-2.0\ide\vcnet\debug\pack.tlog\bscmake.command.1.tlog
d:\working\fltk\fltk-2.0\ide\vcnet\debug\pack.tlog\bscmake.read.1.tlog
d:\working\fltk\fltk-2.0\ide\vcnet\debug\pack.tlog\bscmake.write.1.tlog
d:\working\fltk\fltk-2.0\ide\vcnet\debug\pack.tlog\cl.command.1.tlog
d:\working\fltk\fltk-2.0\ide\vcnet\debug\pack.tlog\cl.read.1.tlog
d:\working\fltk\fltk-2.0\ide\vcnet\debug\pack.tlog\cl.write.1.tlog
d:\working\fltk\fltk-2.0\ide\vcnet\debug\pack.tlog\link.command.1.tlog
d:\working\fltk\fltk-2.0\ide\vcnet\debug\pack.tlog\link.read.1.tlog
d:\working\fltk\fltk-2.0\ide\vcnet\debug\pack.tlog\link.write.1.tlog
