z:\working\gui\fltk\fltk-2.0\ide\vcnet\debug\qubix.bsc
d:\working\fltk\fltk-2.0\ide\vcnet\debug\qubix.bsc
z:\working\gui\fltk\fltk-2.0\ide\vcnet\debug\vc140.pdb
z:\working\gui\fltk\fltk-2.0\ide\vcnet\debug\vc140.idb
z:\working\gui\fltk\fltk-2.0\ide\vcnet\debug\qubix.sbr
z:\working\gui\fltk\fltk-2.0\ide\vcnet\debug\qubix.obj
d:\working\fltk\fltk-2.0\ide\vcnet\debug\vc140.pdb
d:\working\fltk\fltk-2.0\ide\vcnet\debug\vc140.idb
d:\working\fltk\fltk-2.0\ide\vcnet\debug\qubix.sbr
d:\working\fltk\fltk-2.0\ide\vcnet\debug\qubix.obj
z:\working\gui\fltk\fltk-2.0\test\qubixd.ilk
z:\working\gui\fltk\fltk-2.0\test\qubixd.exe
z:\working\gui\fltk\fltk-2.0\ide\vcnet\debug\qubixd.pdb
d:\working\fltk\fltk-2.0\test\qubixd.ilk
d:\working\fltk\fltk-2.0\test\qubixd.exe
d:\working\fltk\fltk-2.0\ide\vcnet\debug\qubixd.pdb
d:\working\fltk\fltk-2.0\ide\vcnet\debug\qubix.tlog\bscmake.command.1.tlog
d:\working\fltk\fltk-2.0\ide\vcnet\debug\qubix.tlog\bscmake.read.1.tlog
d:\working\fltk\fltk-2.0\ide\vcnet\debug\qubix.tlog\bscmake.write.1.tlog
d:\working\fltk\fltk-2.0\ide\vcnet\debug\qubix.tlog\cl.command.1.tlog
d:\working\fltk\fltk-2.0\ide\vcnet\debug\qubix.tlog\cl.read.1.tlog
d:\working\fltk\fltk-2.0\ide\vcnet\debug\qubix.tlog\cl.write.1.tlog
d:\working\fltk\fltk-2.0\ide\vcnet\debug\qubix.tlog\link.command.1.tlog
d:\working\fltk\fltk-2.0\ide\vcnet\debug\qubix.tlog\link.read.1.tlog
d:\working\fltk\fltk-2.0\ide\vcnet\debug\qubix.tlog\link.write.1.tlog
