d:\working\fltk\fltk-2.0\ide\vcnet\debug\tile.bsc
d:\working\fltk\fltk-2.0\ide\vcnet\debug\vc140.pdb
d:\working\fltk\fltk-2.0\ide\vcnet\debug\vc140.idb
d:\working\fltk\fltk-2.0\ide\vcnet\debug\tile.sbr
d:\working\fltk\fltk-2.0\ide\vcnet\debug\tile.obj
z:\working\gui\fltk\fltk-2.0\test\tiled.ilk
z:\working\gui\fltk\fltk-2.0\test\tiled.exe
z:\working\gui\fltk\fltk-2.0\ide\vcnet\debug\tiled.pdb
d:\working\fltk\fltk-2.0\test\tiled.ilk
d:\working\fltk\fltk-2.0\test\tiled.exe
d:\working\fltk\fltk-2.0\ide\vcnet\debug\tiled.pdb
d:\working\fltk\fltk-2.0\ide\vcnet\debug\tile.tlog\bscmake.command.1.tlog
d:\working\fltk\fltk-2.0\ide\vcnet\debug\tile.tlog\bscmake.read.1.tlog
d:\working\fltk\fltk-2.0\ide\vcnet\debug\tile.tlog\bscmake.write.1.tlog
d:\working\fltk\fltk-2.0\ide\vcnet\debug\tile.tlog\cl.command.1.tlog
d:\working\fltk\fltk-2.0\ide\vcnet\debug\tile.tlog\cl.read.1.tlog
d:\working\fltk\fltk-2.0\ide\vcnet\debug\tile.tlog\cl.write.1.tlog
d:\working\fltk\fltk-2.0\ide\vcnet\debug\tile.tlog\link.command.1.tlog
d:\working\fltk\fltk-2.0\ide\vcnet\debug\tile.tlog\link.read.1.tlog
d:\working\fltk\fltk-2.0\ide\vcnet\debug\tile.tlog\link.write.1.tlog
