d:\working\fltk\fltk-2.0\ide\vcnet\debug\zlib.bsc
z:\working\gui\fltk\fltk-2.0\ide\vcnet\debug\zlib.pdb
d:\working\fltk\fltk-2.0\ide\vcnet\debug\zlib.pdb
d:\working\fltk\fltk-2.0\ide\vcnet\debug\zlib.idb
d:\working\fltk\fltk-2.0\ide\vcnet\debug\zutil.sbr
d:\working\fltk\fltk-2.0\ide\vcnet\debug\uncompr.sbr
d:\working\fltk\fltk-2.0\ide\vcnet\debug\trees.sbr
d:\working\fltk\fltk-2.0\ide\vcnet\debug\inftrees.sbr
d:\working\fltk\fltk-2.0\ide\vcnet\debug\inflate.sbr
d:\working\fltk\fltk-2.0\ide\vcnet\debug\inffast.sbr
d:\working\fltk\fltk-2.0\ide\vcnet\debug\infback.sbr
d:\working\fltk\fltk-2.0\ide\vcnet\debug\gzwrite.sbr
d:\working\fltk\fltk-2.0\ide\vcnet\debug\gzread.sbr
d:\working\fltk\fltk-2.0\ide\vcnet\debug\gzlib.sbr
d:\working\fltk\fltk-2.0\ide\vcnet\debug\gzclose.sbr
d:\working\fltk\fltk-2.0\ide\vcnet\debug\deflate.sbr
d:\working\fltk\fltk-2.0\ide\vcnet\debug\crc32.sbr
d:\working\fltk\fltk-2.0\ide\vcnet\debug\compress.sbr
d:\working\fltk\fltk-2.0\ide\vcnet\debug\adler32.sbr
d:\working\fltk\fltk-2.0\ide\vcnet\debug\adler32.obj
d:\working\fltk\fltk-2.0\ide\vcnet\debug\compress.obj
d:\working\fltk\fltk-2.0\ide\vcnet\debug\crc32.obj
d:\working\fltk\fltk-2.0\ide\vcnet\debug\deflate.obj
d:\working\fltk\fltk-2.0\ide\vcnet\debug\gzclose.obj
d:\working\fltk\fltk-2.0\ide\vcnet\debug\gzlib.obj
d:\working\fltk\fltk-2.0\ide\vcnet\debug\gzread.obj
d:\working\fltk\fltk-2.0\ide\vcnet\debug\gzwrite.obj
d:\working\fltk\fltk-2.0\ide\vcnet\debug\infback.obj
d:\working\fltk\fltk-2.0\ide\vcnet\debug\inffast.obj
d:\working\fltk\fltk-2.0\ide\vcnet\debug\inflate.obj
d:\working\fltk\fltk-2.0\ide\vcnet\debug\inftrees.obj
d:\working\fltk\fltk-2.0\ide\vcnet\debug\trees.obj
d:\working\fltk\fltk-2.0\ide\vcnet\debug\uncompr.obj
d:\working\fltk\fltk-2.0\ide\vcnet\debug\zutil.obj
z:\working\gui\fltk\fltk-2.0\lib\fltk2_zd.lib
d:\working\fltk\fltk-2.0\lib\fltk2_zd.lib
d:\working\fltk\fltk-2.0\ide\vcnet\debug\zlib.tlog\bscmake.command.1.tlog
d:\working\fltk\fltk-2.0\ide\vcnet\debug\zlib.tlog\bscmake.read.1.tlog
d:\working\fltk\fltk-2.0\ide\vcnet\debug\zlib.tlog\bscmake.write.1.tlog
d:\working\fltk\fltk-2.0\ide\vcnet\debug\zlib.tlog\cl.command.1.tlog
d:\working\fltk\fltk-2.0\ide\vcnet\debug\zlib.tlog\cl.read.1.tlog
d:\working\fltk\fltk-2.0\ide\vcnet\debug\zlib.tlog\cl.write.1.tlog
d:\working\fltk\fltk-2.0\ide\vcnet\debug\zlib.tlog\lib-link.read.1.tlog
d:\working\fltk\fltk-2.0\ide\vcnet\debug\zlib.tlog\lib-link.write.1.tlog
d:\working\fltk\fltk-2.0\ide\vcnet\debug\zlib.tlog\lib.command.1.tlog
