d:\working\fltk\fltk-2.0\ide\vcnet\fluid_wdlld\fluid_wdll.bsc
z:\working\gui\fltk\fltk-2.0\ide\vcnet\fluid_wdlld\vc140.pdb
d:\working\fltk\fltk-2.0\ide\vcnet\fluid_wdlld\vc140.pdb
d:\working\fltk\fltk-2.0\ide\vcnet\fluid_wdlld\vc140.idb
d:\working\fltk\fltk-2.0\ide\vcnet\fluid_wdlld\windowtype.sbr
d:\working\fltk\fltk-2.0\ide\vcnet\fluid_wdlld\widget_panel.sbr
d:\working\fltk\fltk-2.0\ide\vcnet\fluid_wdlld\widgettype.sbr
d:\working\fltk\fltk-2.0\ide\vcnet\fluid_wdlld\widgetclasstype.sbr
d:\working\fltk\fltk-2.0\ide\vcnet\fluid_wdlld\undo.sbr
d:\working\fltk\fltk-2.0\ide\vcnet\fluid_wdlld\template_panel.sbr
d:\working\fltk\fltk-2.0\ide\vcnet\fluid_wdlld\menutype.sbr
d:\working\fltk\fltk-2.0\ide\vcnet\fluid_wdlld\grouptype.sbr
d:\working\fltk\fltk-2.0\ide\vcnet\fluid_wdlld\function_panel.sbr
d:\working\fltk\fltk-2.0\ide\vcnet\fluid_wdlld\functiontype.sbr
d:\working\fltk\fltk-2.0\ide\vcnet\fluid_wdlld\fluid_plugins.sbr
d:\working\fltk\fltk-2.0\ide\vcnet\fluid_wdlld\fluid_menus.sbr
d:\working\fltk\fltk-2.0\ide\vcnet\fluid_wdlld\fluid_img.sbr
d:\working\fltk\fltk-2.0\ide\vcnet\fluid_wdlld\fluid_image.sbr
d:\working\fltk\fltk-2.0\ide\vcnet\fluid_wdlld\fluidtype.sbr
d:\working\fltk\fltk-2.0\ide\vcnet\fluid_wdlld\fluid.sbr
d:\working\fltk\fltk-2.0\ide\vcnet\fluid_wdlld\file.sbr
d:\working\fltk\fltk-2.0\ide\vcnet\fluid_wdlld\factory.sbr
d:\working\fltk\fltk-2.0\ide\vcnet\fluid_wdlld\enumeration.sbr
d:\working\fltk\fltk-2.0\ide\vcnet\fluid_wdlld\coding_style_func.sbr
d:\working\fltk\fltk-2.0\ide\vcnet\fluid_wdlld\coding_style_func.obj
d:\working\fltk\fltk-2.0\ide\vcnet\fluid_wdlld\enumeration.obj
d:\working\fltk\fltk-2.0\ide\vcnet\fluid_wdlld\factory.obj
d:\working\fltk\fltk-2.0\ide\vcnet\fluid_wdlld\file.obj
d:\working\fltk\fltk-2.0\ide\vcnet\fluid_wdlld\fluid.obj
d:\working\fltk\fltk-2.0\ide\vcnet\fluid_wdlld\fluidtype.obj
d:\working\fltk\fltk-2.0\ide\vcnet\fluid_wdlld\fluid_image.obj
d:\working\fltk\fltk-2.0\ide\vcnet\fluid_wdlld\fluid_img.obj
d:\working\fltk\fltk-2.0\ide\vcnet\fluid_wdlld\fluid_menus.obj
d:\working\fltk\fltk-2.0\ide\vcnet\fluid_wdlld\fluid_plugins.obj
d:\working\fltk\fltk-2.0\ide\vcnet\fluid_wdlld\functiontype.obj
d:\working\fltk\fltk-2.0\ide\vcnet\fluid_wdlld\function_panel.obj
d:\working\fltk\fltk-2.0\ide\vcnet\fluid_wdlld\grouptype.obj
d:\working\fltk\fltk-2.0\ide\vcnet\fluid_wdlld\menutype.obj
d:\working\fltk\fltk-2.0\ide\vcnet\fluid_wdlld\template_panel.obj
d:\working\fltk\fltk-2.0\ide\vcnet\fluid_wdlld\undo.obj
d:\working\fltk\fltk-2.0\ide\vcnet\fluid_wdlld\widgetclasstype.obj
d:\working\fltk\fltk-2.0\ide\vcnet\fluid_wdlld\widgettype.obj
d:\working\fltk\fltk-2.0\ide\vcnet\fluid_wdlld\widget_panel.obj
d:\working\fltk\fltk-2.0\ide\vcnet\fluid_wdlld\windowtype.obj
d:\working\fltk\fltk-2.0\ide\vcnet\fluid_wdlld\coding_style.sbr
d:\working\fltk\fltk-2.0\ide\vcnet\fluid_wdlld\codeeditor.sbr
d:\working\fltk\fltk-2.0\ide\vcnet\fluid_wdlld\code.sbr
d:\working\fltk\fltk-2.0\ide\vcnet\fluid_wdlld\align_widget.sbr
d:\working\fltk\fltk-2.0\ide\vcnet\fluid_wdlld\alignment_panel.sbr
d:\working\fltk\fltk-2.0\ide\vcnet\fluid_wdlld\about_panel.sbr
d:\working\fltk\fltk-2.0\ide\vcnet\fluid_wdlld\about_panel.obj
d:\working\fltk\fltk-2.0\ide\vcnet\fluid_wdlld\alignment_panel.obj
d:\working\fltk\fltk-2.0\ide\vcnet\fluid_wdlld\align_widget.obj
d:\working\fltk\fltk-2.0\ide\vcnet\fluid_wdlld\code.obj
d:\working\fltk\fltk-2.0\ide\vcnet\fluid_wdlld\codeeditor.obj
d:\working\fltk\fltk-2.0\ide\vcnet\fluid_wdlld\coding_style.obj
z:\working\gui\fltk\fltk-2.0\ide\vcnet\fluid_wdlld\fluid_wdll.lib
z:\working\gui\fltk\fltk-2.0\ide\vcnet\fluid_wdlld\fluid_wdll.exp
d:\working\fltk\fltk-2.0\ide\vcnet\fluid_wdlld\fluid_wdll.lib
d:\working\fltk\fltk-2.0\ide\vcnet\fluid_wdlld\fluid_wdll.exp
z:\working\gui\fltk\fltk-2.0\fluid\fluid_wdlld.ilk
z:\working\gui\fltk\fltk-2.0\fluid\fluid_wdlld.exe
z:\working\gui\fltk\fltk-2.0\ide\vcnet\fluid_wdlld\fluid_wdlld.pdb
d:\working\fltk\fltk-2.0\fluid\fluid_wdlld.ilk
d:\working\fltk\fltk-2.0\fluid\fluid_wdlld.exe
d:\working\fltk\fltk-2.0\ide\vcnet\fluid_wdlld\fluid_wdlld.pdb
d:\working\fltk\fltk-2.0\ide\vcnet\fluid_wdlld\fluid_wdll.tlog\bscmake.command.1.tlog
d:\working\fltk\fltk-2.0\ide\vcnet\fluid_wdlld\fluid_wdll.tlog\bscmake.read.1.tlog
d:\working\fltk\fltk-2.0\ide\vcnet\fluid_wdlld\fluid_wdll.tlog\bscmake.write.1.tlog
d:\working\fltk\fltk-2.0\ide\vcnet\fluid_wdlld\fluid_wdll.tlog\cl.command.1.tlog
d:\working\fltk\fltk-2.0\ide\vcnet\fluid_wdlld\fluid_wdll.tlog\cl.read.1.tlog
d:\working\fltk\fltk-2.0\ide\vcnet\fluid_wdlld\fluid_wdll.tlog\cl.write.1.tlog
d:\working\fltk\fltk-2.0\ide\vcnet\fluid_wdlld\fluid_wdll.tlog\fluid_wdll.write.1u.tlog
d:\working\fltk\fltk-2.0\ide\vcnet\fluid_wdlld\fluid_wdll.tlog\link.command.1.tlog
d:\working\fltk\fltk-2.0\ide\vcnet\fluid_wdlld\fluid_wdll.tlog\link.read.1.tlog
d:\working\fltk\fltk-2.0\ide\vcnet\fluid_wdlld\fluid_wdll.tlog\link.write.1.tlog
