d:\working\fltk\fltk-2.0\lib\fltkdll_glut.bsc
z:\working\gui\fltk\fltk-2.0\ide\vcnet\fltkdlld\vc140.pdb
d:\working\fltk\fltk-2.0\ide\vcnet\fltkdlld\vc140.pdb
d:\working\fltk\fltk-2.0\ide\vcnet\fltkdlld\vc140.idb
d:\working\fltk\fltk-2.0\ide\vcnet\fltkdlld\glut_font.sbr
d:\working\fltk\fltk-2.0\ide\vcnet\fltkdlld\glut_compatability.sbr
d:\working\fltk\fltk-2.0\ide\vcnet\fltkdlld\glut_compatability.obj
d:\working\fltk\fltk-2.0\ide\vcnet\fltkdlld\glut_font.obj
z:\working\gui\fltk\fltk-2.0\lib\fltk2dll_glutd.lib
z:\working\gui\fltk\fltk-2.0\lib\fltk2dll_glutd.exp
d:\working\fltk\fltk-2.0\lib\fltk2dll_glutd.lib
d:\working\fltk\fltk-2.0\lib\fltk2dll_glutd.exp
z:\working\gui\fltk\fltk-2.0\lib\fltk2dll_glutd.ilk
z:\working\gui\fltk\fltk-2.0\lib\fltk2dll_glutd.dll
z:\working\gui\fltk\fltk-2.0\ide\vcnet\fltkdll_glutd.pdb
d:\working\fltk\fltk-2.0\lib\fltk2dll_glutd.ilk
d:\working\fltk\fltk-2.0\lib\fltk2dll_glutd.dll
d:\working\fltk\fltk-2.0\ide\vcnet\fltkdll_glutd.pdb
d:\working\fltk\fltk-2.0\ide\vcnet\fltkdlld\addarc.obj
d:\working\fltk\fltk-2.0\ide\vcnet\fltkdlld\addcurve.obj
d:\working\fltk\fltk-2.0\ide\vcnet\fltkdlld\add_idle.obj
d:\working\fltk\fltk-2.0\ide\vcnet\fltkdlld\adjuster.obj
d:\working\fltk\fltk-2.0\ide\vcnet\fltkdlld\adler32.obj
d:\working\fltk\fltk-2.0\ide\vcnet\fltkdlld\aligngroup.obj
d:\working\fltk\fltk-2.0\ide\vcnet\fltkdlld\args.obj
d:\working\fltk\fltk-2.0\ide\vcnet\fltkdlld\bargroup.obj
d:\working\fltk\fltk-2.0\ide\vcnet\fltkdlld\bmpimage.obj
d:\working\fltk\fltk-2.0\ide\vcnet\fltkdlld\browser.obj
d:\working\fltk\fltk-2.0\ide\vcnet\fltkdlld\button.obj
d:\working\fltk\fltk-2.0\ide\vcnet\fltkdlld\checkbutton.obj
d:\working\fltk\fltk-2.0\ide\vcnet\fltkdlld\choice.obj
d:\working\fltk\fltk-2.0\ide\vcnet\fltkdlld\clip.obj
d:\working\fltk\fltk-2.0\ide\vcnet\fltkdlld\clock.obj
d:\working\fltk\fltk-2.0\ide\vcnet\fltkdlld\color.obj
d:\working\fltk\fltk-2.0\ide\vcnet\fltkdlld\color_chooser.obj
d:\working\fltk\fltk-2.0\ide\vcnet\fltkdlld\combobox.obj
d:\working\fltk\fltk-2.0\ide\vcnet\fltkdlld\compose.obj
d:\working\fltk\fltk-2.0\ide\vcnet\fltkdlld\compress.obj
d:\working\fltk\fltk-2.0\ide\vcnet\fltkdlld\crc32.obj
d:\working\fltk\fltk-2.0\ide\vcnet\fltkdlld\cursor.obj
d:\working\fltk\fltk-2.0\ide\vcnet\fltkdlld\cyclebutton.obj
d:\working\fltk\fltk-2.0\ide\vcnet\fltkdlld\default_glyph.obj
d:\working\fltk\fltk-2.0\ide\vcnet\fltkdlld\deflate.obj
d:\working\fltk\fltk-2.0\ide\vcnet\fltkdlld\dial.obj
d:\working\fltk\fltk-2.0\ide\vcnet\fltkdlld\diamondbox.obj
d:\working\fltk\fltk-2.0\ide\vcnet\fltkdlld\dnd.obj
d:\working\fltk\fltk-2.0\ide\vcnet\fltkdlld\drawtext.obj
d:\working\fltk\fltk-2.0\ide\vcnet\fltkdlld\dump_compose.obj
d:\working\fltk\fltk-2.0\ide\vcnet\fltkdlld\engravedlabel.obj
d:\working\fltk\fltk-2.0\ide\vcnet\fltkdlld\error.obj
d:\working\fltk\fltk-2.0\ide\vcnet\fltkdlld\event_key_state.obj
d:\working\fltk\fltk-2.0\ide\vcnet\fltkdlld\filebrowser.obj
d:\working\fltk\fltk-2.0\ide\vcnet\fltkdlld\filechooser.obj
d:\working\fltk\fltk-2.0\ide\vcnet\fltkdlld\filechooser2.obj
d:\working\fltk\fltk-2.0\ide\vcnet\fltkdlld\fileicon.obj
d:\working\fltk\fltk-2.0\ide\vcnet\fltkdlld\fileicon2.obj
d:\working\fltk\fltk-2.0\ide\vcnet\fltkdlld\fileinput.obj
d:\working\fltk\fltk-2.0\ide\vcnet\fltkdlld\filename_absolute.obj
d:\working\fltk\fltk-2.0\ide\vcnet\fltkdlld\filename_ext.obj
d:\working\fltk\fltk-2.0\ide\vcnet\fltkdlld\filename_isdir.obj
d:\working\fltk\fltk-2.0\ide\vcnet\fltkdlld\filename_list.obj
d:\working\fltk\fltk-2.0\ide\vcnet\fltkdlld\filename_match.obj
d:\working\fltk\fltk-2.0\ide\vcnet\fltkdlld\filename_name.obj
d:\working\fltk\fltk-2.0\ide\vcnet\fltkdlld\file_chooser.obj
d:\working\fltk\fltk-2.0\ide\vcnet\fltkdlld\fillrect.obj
d:\working\fltk\fltk-2.0\ide\vcnet\fltkdlld\floatinput.obj
d:\working\fltk\fltk-2.0\ide\vcnet\fltkdlld\fltk_theme.obj
d:\working\fltk\fltk-2.0\ide\vcnet\fltkdlld\fl_gl_choice.obj
d:\working\fltk\fltk-2.0\ide\vcnet\fltkdlld\fl_gl_overlay.obj
d:\working\fltk\fltk-2.0\ide\vcnet\fltkdlld\fl_gl_window.obj
d:\working\fltk\fltk-2.0\ide\vcnet\fltkdlld\fl_guess_image.obj
d:\working\fltk\fltk-2.0\ide\vcnet\fltkdlld\fl_jpeg.obj
d:\working\fltk\fltk-2.0\ide\vcnet\fltkdlld\fl_menu_item.obj
d:\working\fltk\fltk-2.0\ide\vcnet\fltkdlld\fl_png.obj
d:\working\fltk\fltk-2.0\ide\vcnet\fltkdlld\font.obj
d:\working\fltk\fltk-2.0\ide\vcnet\fltkdlld\gifimage.obj
d:\working\fltk\fltk-2.0\ide\vcnet\fltkdlld\gl_draw.obj
d:\working\fltk\fltk-2.0\ide\vcnet\fltkdlld\gl_start.obj
d:\working\fltk\fltk-2.0\ide\vcnet\fltkdlld\group.obj
d:\working\fltk\fltk-2.0\ide\vcnet\fltkdlld\gsave.obj
d:\working\fltk\fltk-2.0\ide\vcnet\fltkdlld\gzclose.obj
d:\working\fltk\fltk-2.0\ide\vcnet\fltkdlld\gzlib.obj
d:\working\fltk\fltk-2.0\ide\vcnet\fltkdlld\gzread.obj
d:\working\fltk\fltk-2.0\ide\vcnet\fltkdlld\gzwrite.obj
d:\working\fltk\fltk-2.0\ide\vcnet\fltkdlld\helpdialog.obj
d:\working\fltk\fltk-2.0\ide\vcnet\fltkdlld\helpview.obj
d:\working\fltk\fltk-2.0\ide\vcnet\fltkdlld\highlightbutton.obj
d:\working\fltk\fltk-2.0\ide\vcnet\fltkdlld\image.obj
d:\working\fltk\fltk-2.0\ide\vcnet\fltkdlld\images_core.obj
d:\working\fltk\fltk-2.0\ide\vcnet\fltkdlld\infback.obj
d:\working\fltk\fltk-2.0\ide\vcnet\fltkdlld\inffast.obj
d:\working\fltk\fltk-2.0\ide\vcnet\fltkdlld\inflate.obj
d:\working\fltk\fltk-2.0\ide\vcnet\fltkdlld\inftrees.obj
d:\working\fltk\fltk-2.0\ide\vcnet\fltkdlld\input.obj
d:\working\fltk\fltk-2.0\ide\vcnet\fltkdlld\inputbrowser.obj
d:\working\fltk\fltk-2.0\ide\vcnet\fltkdlld\invisiblewidget.obj
d:\working\fltk\fltk-2.0\ide\vcnet\fltkdlld\item.obj
d:\working\fltk\fltk-2.0\ide\vcnet\fltkdlld\jaricom.obj
d:\working\fltk\fltk-2.0\ide\vcnet\fltkdlld\jcapimin.obj
d:\working\fltk\fltk-2.0\ide\vcnet\fltkdlld\jcapistd.obj
d:\working\fltk\fltk-2.0\ide\vcnet\fltkdlld\jcarith.obj
d:\working\fltk\fltk-2.0\ide\vcnet\fltkdlld\jccoefct.obj
d:\working\fltk\fltk-2.0\ide\vcnet\fltkdlld\jccolor.obj
d:\working\fltk\fltk-2.0\ide\vcnet\fltkdlld\jcdctmgr.obj
d:\working\fltk\fltk-2.0\ide\vcnet\fltkdlld\jchuff.obj
d:\working\fltk\fltk-2.0\ide\vcnet\fltkdlld\jcinit.obj
d:\working\fltk\fltk-2.0\ide\vcnet\fltkdlld\jcmainct.obj
d:\working\fltk\fltk-2.0\ide\vcnet\fltkdlld\jcmarker.obj
d:\working\fltk\fltk-2.0\ide\vcnet\fltkdlld\jcmaster.obj
d:\working\fltk\fltk-2.0\ide\vcnet\fltkdlld\jcomapi.obj
d:\working\fltk\fltk-2.0\ide\vcnet\fltkdlld\jcparam.obj
d:\working\fltk\fltk-2.0\ide\vcnet\fltkdlld\jcprepct.obj
d:\working\fltk\fltk-2.0\ide\vcnet\fltkdlld\jcsample.obj
d:\working\fltk\fltk-2.0\ide\vcnet\fltkdlld\jctrans.obj
d:\working\fltk\fltk-2.0\ide\vcnet\fltkdlld\jdapimin.obj
d:\working\fltk\fltk-2.0\ide\vcnet\fltkdlld\jdapistd.obj
d:\working\fltk\fltk-2.0\ide\vcnet\fltkdlld\jdarith.obj
d:\working\fltk\fltk-2.0\ide\vcnet\fltkdlld\jdatadst.obj
d:\working\fltk\fltk-2.0\ide\vcnet\fltkdlld\jdatasrc.obj
d:\working\fltk\fltk-2.0\ide\vcnet\fltkdlld\jdcoefct.obj
d:\working\fltk\fltk-2.0\ide\vcnet\fltkdlld\jdcolor.obj
d:\working\fltk\fltk-2.0\ide\vcnet\fltkdlld\jddctmgr.obj
d:\working\fltk\fltk-2.0\ide\vcnet\fltkdlld\jdhuff.obj
d:\working\fltk\fltk-2.0\ide\vcnet\fltkdlld\jdinput.obj
d:\working\fltk\fltk-2.0\ide\vcnet\fltkdlld\jdmainct.obj
d:\working\fltk\fltk-2.0\ide\vcnet\fltkdlld\jdmarker.obj
d:\working\fltk\fltk-2.0\ide\vcnet\fltkdlld\jdmaster.obj
d:\working\fltk\fltk-2.0\ide\vcnet\fltkdlld\jdmerge.obj
d:\working\fltk\fltk-2.0\ide\vcnet\fltkdlld\jdpostct.obj
d:\working\fltk\fltk-2.0\ide\vcnet\fltkdlld\jdsample.obj
d:\working\fltk\fltk-2.0\ide\vcnet\fltkdlld\jdtrans.obj
d:\working\fltk\fltk-2.0\ide\vcnet\fltkdlld\jerror.obj
d:\working\fltk\fltk-2.0\ide\vcnet\fltkdlld\jfdctflt.obj
d:\working\fltk\fltk-2.0\ide\vcnet\fltkdlld\jfdctfst.obj
d:\working\fltk\fltk-2.0\ide\vcnet\fltkdlld\jfdctint.obj
d:\working\fltk\fltk-2.0\ide\vcnet\fltkdlld\jidctflt.obj
d:\working\fltk\fltk-2.0\ide\vcnet\fltkdlld\jidctfst.obj
d:\working\fltk\fltk-2.0\ide\vcnet\fltkdlld\jidctint.obj
d:\working\fltk\fltk-2.0\ide\vcnet\fltkdlld\jmemmgr.obj
d:\working\fltk\fltk-2.0\ide\vcnet\fltkdlld\jmemnobs.obj
d:\working\fltk\fltk-2.0\ide\vcnet\fltkdlld\jquant1.obj
d:\working\fltk\fltk-2.0\ide\vcnet\fltkdlld\jquant2.obj
d:\working\fltk\fltk-2.0\ide\vcnet\fltkdlld\jutils.obj
d:\working\fltk\fltk-2.0\ide\vcnet\fltkdlld\key_name.obj
d:\working\fltk\fltk-2.0\ide\vcnet\fltkdlld\lightbutton.obj
d:\working\fltk\fltk-2.0\ide\vcnet\fltkdlld\list_fonts.obj
d:\working\fltk\fltk-2.0\ide\vcnet\fltkdlld\load_plugin.obj
d:\working\fltk\fltk-2.0\ide\vcnet\fltkdlld\lock.obj
d:\working\fltk\fltk-2.0\ide\vcnet\fltkdlld\menu.obj
d:\working\fltk\fltk-2.0\ide\vcnet\fltkdlld\menubar.obj
d:\working\fltk\fltk-2.0\ide\vcnet\fltkdlld\menuwindow.obj
d:\working\fltk\fltk-2.0\ide\vcnet\fltkdlld\menu_add.obj
d:\working\fltk\fltk-2.0\ide\vcnet\fltkdlld\menu_global.obj
d:\working\fltk\fltk-2.0\ide\vcnet\fltkdlld\menu_popup.obj
d:\working\fltk\fltk-2.0\ide\vcnet\fltkdlld\message.obj
d:\working\fltk\fltk-2.0\ide\vcnet\fltkdlld\multiimage.obj
d:\working\fltk\fltk-2.0\ide\vcnet\fltkdlld\numericinput.obj
d:\working\fltk\fltk-2.0\ide\vcnet\fltkdlld\numericsort.obj
d:\working\fltk\fltk-2.0\ide\vcnet\fltkdlld\output.obj
d:\working\fltk\fltk-2.0\ide\vcnet\fltkdlld\ovalbox.obj
d:\working\fltk\fltk-2.0\ide\vcnet\fltkdlld\overlay_rect.obj
d:\working\fltk\fltk-2.0\ide\vcnet\fltkdlld\own_colormap.obj
d:\working\fltk\fltk-2.0\ide\vcnet\fltkdlld\packedgroup.obj
d:\working\fltk\fltk-2.0\ide\vcnet\fltkdlld\path.obj
d:\working\fltk\fltk-2.0\ide\vcnet\fltkdlld\plasticbox.obj
d:\working\fltk\fltk-2.0\ide\vcnet\fltkdlld\png.obj
d:\working\fltk\fltk-2.0\ide\vcnet\fltkdlld\pngerror.obj
d:\working\fltk\fltk-2.0\ide\vcnet\fltkdlld\pngget.obj
d:\working\fltk\fltk-2.0\ide\vcnet\fltkdlld\pngmem.obj
d:\working\fltk\fltk-2.0\ide\vcnet\fltkdlld\pngpread.obj
d:\working\fltk\fltk-2.0\ide\vcnet\fltkdlld\pngread.obj
d:\working\fltk\fltk-2.0\ide\vcnet\fltkdlld\pngrio.obj
d:\working\fltk\fltk-2.0\ide\vcnet\fltkdlld\pngrtran.obj
d:\working\fltk\fltk-2.0\ide\vcnet\fltkdlld\pngrutil.obj
d:\working\fltk\fltk-2.0\ide\vcnet\fltkdlld\pngset.obj
d:\working\fltk\fltk-2.0\ide\vcnet\fltkdlld\pngtrans.obj
d:\working\fltk\fltk-2.0\ide\vcnet\fltkdlld\pngwio.obj
d:\working\fltk\fltk-2.0\ide\vcnet\fltkdlld\pngwrite.obj
d:\working\fltk\fltk-2.0\ide\vcnet\fltkdlld\pngwtran.obj
d:\working\fltk\fltk-2.0\ide\vcnet\fltkdlld\pngwutil.obj
d:\working\fltk\fltk-2.0\ide\vcnet\fltkdlld\pnmimage.obj
d:\working\fltk\fltk-2.0\ide\vcnet\fltkdlld\popupmenu.obj
d:\working\fltk\fltk-2.0\ide\vcnet\fltkdlld\preferences.obj
d:\working\fltk\fltk-2.0\ide\vcnet\fltkdlld\progressbar.obj
d:\working\fltk\fltk-2.0\ide\vcnet\fltkdlld\radiobutton.obj
d:\working\fltk\fltk-2.0\ide\vcnet\fltkdlld\readimage.obj
d:\working\fltk\fltk-2.0\ide\vcnet\fltkdlld\repeatbutton.obj
d:\working\fltk\fltk-2.0\ide\vcnet\fltkdlld\returnbutton.obj
d:\working\fltk\fltk-2.0\ide\vcnet\fltkdlld\roundbox.obj
d:\working\fltk\fltk-2.0\ide\vcnet\fltkdlld\roundedbox.obj
d:\working\fltk\fltk-2.0\ide\vcnet\fltkdlld\run.obj
d:\working\fltk\fltk-2.0\ide\vcnet\fltkdlld\scandir.obj
d:\working\fltk\fltk-2.0\ide\vcnet\fltkdlld\scrollbar.obj
d:\working\fltk\fltk-2.0\ide\vcnet\fltkdlld\scrollgroup.obj
d:\working\fltk\fltk-2.0\ide\vcnet\fltkdlld\scrollrect.obj
d:\working\fltk\fltk-2.0\ide\vcnet\fltkdlld\setcolor.obj
d:\working\fltk\fltk-2.0\ide\vcnet\fltkdlld\setdisplay.obj
d:\working\fltk\fltk-2.0\ide\vcnet\fltkdlld\setvisual.obj
d:\working\fltk\fltk-2.0\ide\vcnet\fltkdlld\shadowbox.obj
d:\working\fltk\fltk-2.0\ide\vcnet\fltkdlld\shapedwindow.obj
d:\working\fltk\fltk-2.0\ide\vcnet\fltkdlld\sharedimage.obj
d:\working\fltk\fltk-2.0\ide\vcnet\fltkdlld\shortcutassignment.obj
d:\working\fltk\fltk-2.0\ide\vcnet\fltkdlld\show_colormap.obj
d:\working\fltk\fltk-2.0\ide\vcnet\fltkdlld\slider.obj
d:\working\fltk\fltk-2.0\ide\vcnet\fltkdlld\statusbargroup.obj
d:\working\fltk\fltk-2.0\ide\vcnet\fltkdlld\string.obj
d:\working\fltk\fltk-2.0\ide\vcnet\fltkdlld\stringlist.obj
d:\working\fltk\fltk-2.0\ide\vcnet\fltkdlld\style.obj
d:\working\fltk\fltk-2.0\ide\vcnet\fltkdlld\styleset.obj
d:\working\fltk\fltk-2.0\ide\vcnet\fltkdlld\symbol.obj
d:\working\fltk\fltk-2.0\ide\vcnet\fltkdlld\tabgroup.obj
d:\working\fltk\fltk-2.0\ide\vcnet\fltkdlld\tabgroup2.obj
d:\working\fltk\fltk-2.0\ide\vcnet\fltkdlld\textbuffer.obj
d:\working\fltk\fltk-2.0\ide\vcnet\fltkdlld\textdisplay.obj
d:\working\fltk\fltk-2.0\ide\vcnet\fltkdlld\texteditor.obj
d:\working\fltk\fltk-2.0\ide\vcnet\fltkdlld\thumbwheel.obj
d:\working\fltk\fltk-2.0\ide\vcnet\fltkdlld\tiledgroup.obj
d:\working\fltk\fltk-2.0\ide\vcnet\fltkdlld\tiledimage.obj
d:\working\fltk\fltk-2.0\ide\vcnet\fltkdlld\tooltip.obj
d:\working\fltk\fltk-2.0\ide\vcnet\fltkdlld\trees.obj
d:\working\fltk\fltk-2.0\ide\vcnet\fltkdlld\uncompr.obj
d:\working\fltk\fltk-2.0\ide\vcnet\fltkdlld\upbox.obj
d:\working\fltk\fltk-2.0\ide\vcnet\fltkdlld\utf.obj
d:\working\fltk\fltk-2.0\ide\vcnet\fltkdlld\valuator.obj
d:\working\fltk\fltk-2.0\ide\vcnet\fltkdlld\valueinput.obj
d:\working\fltk\fltk-2.0\ide\vcnet\fltkdlld\valueoutput.obj
d:\working\fltk\fltk-2.0\ide\vcnet\fltkdlld\valueslider.obj
d:\working\fltk\fltk-2.0\ide\vcnet\fltkdlld\vsnprintf.obj
d:\working\fltk\fltk-2.0\ide\vcnet\fltkdlld\widget.obj
d:\working\fltk\fltk-2.0\ide\vcnet\fltkdlld\widgetassociation.obj
d:\working\fltk\fltk-2.0\ide\vcnet\fltkdlld\widget_draw.obj
d:\working\fltk\fltk-2.0\ide\vcnet\fltkdlld\window.obj
d:\working\fltk\fltk-2.0\ide\vcnet\fltkdlld\window_fullscreen.obj
d:\working\fltk\fltk-2.0\ide\vcnet\fltkdlld\window_hotspot.obj
d:\working\fltk\fltk-2.0\ide\vcnet\fltkdlld\window_iconize.obj
d:\working\fltk\fltk-2.0\ide\vcnet\fltkdlld\winmain.obj
d:\working\fltk\fltk-2.0\ide\vcnet\fltkdlld\wizardgroup.obj
d:\working\fltk\fltk-2.0\ide\vcnet\fltkdlld\xbmimage.obj
d:\working\fltk\fltk-2.0\ide\vcnet\fltkdlld\xpmfileimage.obj
d:\working\fltk\fltk-2.0\ide\vcnet\fltkdlld\xpmimage.obj
d:\working\fltk\fltk-2.0\ide\vcnet\fltkdlld\zutil.obj
d:\working\fltk\fltk-2.0\ide\vcnet\fltkdlld\addarc.sbr
d:\working\fltk\fltk-2.0\ide\vcnet\fltkdlld\addcurve.sbr
d:\working\fltk\fltk-2.0\ide\vcnet\fltkdlld\add_idle.sbr
d:\working\fltk\fltk-2.0\ide\vcnet\fltkdlld\adjuster.sbr
d:\working\fltk\fltk-2.0\ide\vcnet\fltkdlld\adler32.sbr
d:\working\fltk\fltk-2.0\ide\vcnet\fltkdlld\aligngroup.sbr
d:\working\fltk\fltk-2.0\ide\vcnet\fltkdlld\args.sbr
d:\working\fltk\fltk-2.0\ide\vcnet\fltkdlld\bargroup.sbr
d:\working\fltk\fltk-2.0\ide\vcnet\fltkdlld\bmpimage.sbr
d:\working\fltk\fltk-2.0\ide\vcnet\fltkdlld\browser.sbr
d:\working\fltk\fltk-2.0\ide\vcnet\fltkdlld\button.sbr
d:\working\fltk\fltk-2.0\ide\vcnet\fltkdlld\checkbutton.sbr
d:\working\fltk\fltk-2.0\ide\vcnet\fltkdlld\choice.sbr
d:\working\fltk\fltk-2.0\ide\vcnet\fltkdlld\clip.sbr
d:\working\fltk\fltk-2.0\ide\vcnet\fltkdlld\clock.sbr
d:\working\fltk\fltk-2.0\ide\vcnet\fltkdlld\color.sbr
d:\working\fltk\fltk-2.0\ide\vcnet\fltkdlld\color_chooser.sbr
d:\working\fltk\fltk-2.0\ide\vcnet\fltkdlld\combobox.sbr
d:\working\fltk\fltk-2.0\ide\vcnet\fltkdlld\compose.sbr
d:\working\fltk\fltk-2.0\ide\vcnet\fltkdlld\compress.sbr
d:\working\fltk\fltk-2.0\ide\vcnet\fltkdlld\crc32.sbr
d:\working\fltk\fltk-2.0\ide\vcnet\fltkdlld\cursor.sbr
d:\working\fltk\fltk-2.0\ide\vcnet\fltkdlld\cyclebutton.sbr
d:\working\fltk\fltk-2.0\ide\vcnet\fltkdlld\default_glyph.sbr
d:\working\fltk\fltk-2.0\ide\vcnet\fltkdlld\deflate.sbr
d:\working\fltk\fltk-2.0\ide\vcnet\fltkdlld\dial.sbr
d:\working\fltk\fltk-2.0\ide\vcnet\fltkdlld\diamondbox.sbr
d:\working\fltk\fltk-2.0\ide\vcnet\fltkdlld\dnd.sbr
d:\working\fltk\fltk-2.0\ide\vcnet\fltkdlld\drawtext.sbr
d:\working\fltk\fltk-2.0\ide\vcnet\fltkdlld\dump_compose.sbr
d:\working\fltk\fltk-2.0\ide\vcnet\fltkdlld\engravedlabel.sbr
d:\working\fltk\fltk-2.0\ide\vcnet\fltkdlld\error.sbr
d:\working\fltk\fltk-2.0\ide\vcnet\fltkdlld\event_key_state.sbr
d:\working\fltk\fltk-2.0\ide\vcnet\fltkdlld\filebrowser.sbr
d:\working\fltk\fltk-2.0\ide\vcnet\fltkdlld\filechooser.sbr
d:\working\fltk\fltk-2.0\ide\vcnet\fltkdlld\filechooser2.sbr
d:\working\fltk\fltk-2.0\ide\vcnet\fltkdlld\fileicon.sbr
d:\working\fltk\fltk-2.0\ide\vcnet\fltkdlld\fileicon2.sbr
d:\working\fltk\fltk-2.0\ide\vcnet\fltkdlld\fileinput.sbr
d:\working\fltk\fltk-2.0\ide\vcnet\fltkdlld\filename_absolute.sbr
d:\working\fltk\fltk-2.0\ide\vcnet\fltkdlld\filename_ext.sbr
d:\working\fltk\fltk-2.0\ide\vcnet\fltkdlld\filename_isdir.sbr
d:\working\fltk\fltk-2.0\ide\vcnet\fltkdlld\filename_list.sbr
d:\working\fltk\fltk-2.0\ide\vcnet\fltkdlld\filename_match.sbr
d:\working\fltk\fltk-2.0\ide\vcnet\fltkdlld\filename_name.sbr
d:\working\fltk\fltk-2.0\ide\vcnet\fltkdlld\file_chooser.sbr
d:\working\fltk\fltk-2.0\ide\vcnet\fltkdlld\fillrect.sbr
d:\working\fltk\fltk-2.0\ide\vcnet\fltkdlld\floatinput.sbr
d:\working\fltk\fltk-2.0\ide\vcnet\fltkdlld\fltk_theme.sbr
d:\working\fltk\fltk-2.0\ide\vcnet\fltkdlld\fl_guess_image.sbr
d:\working\fltk\fltk-2.0\ide\vcnet\fltkdlld\fl_jpeg.sbr
d:\working\fltk\fltk-2.0\ide\vcnet\fltkdlld\fl_menu_item.sbr
d:\working\fltk\fltk-2.0\ide\vcnet\fltkdlld\fl_png.sbr
d:\working\fltk\fltk-2.0\ide\vcnet\fltkdlld\font.sbr
d:\working\fltk\fltk-2.0\ide\vcnet\fltkdlld\gifimage.sbr
d:\working\fltk\fltk-2.0\ide\vcnet\fltkdlld\group.sbr
d:\working\fltk\fltk-2.0\ide\vcnet\fltkdlld\gsave.sbr
d:\working\fltk\fltk-2.0\ide\vcnet\fltkdlld\gzclose.sbr
d:\working\fltk\fltk-2.0\ide\vcnet\fltkdlld\gzlib.sbr
d:\working\fltk\fltk-2.0\ide\vcnet\fltkdlld\gzread.sbr
d:\working\fltk\fltk-2.0\ide\vcnet\fltkdlld\gzwrite.sbr
d:\working\fltk\fltk-2.0\ide\vcnet\fltkdlld\helpdialog.sbr
d:\working\fltk\fltk-2.0\ide\vcnet\fltkdlld\helpview.sbr
d:\working\fltk\fltk-2.0\ide\vcnet\fltkdlld\highlightbutton.sbr
d:\working\fltk\fltk-2.0\ide\vcnet\fltkdlld\image.sbr
d:\working\fltk\fltk-2.0\ide\vcnet\fltkdlld\images_core.sbr
d:\working\fltk\fltk-2.0\ide\vcnet\fltkdlld\infback.sbr
d:\working\fltk\fltk-2.0\ide\vcnet\fltkdlld\inffast.sbr
d:\working\fltk\fltk-2.0\ide\vcnet\fltkdlld\inflate.sbr
d:\working\fltk\fltk-2.0\ide\vcnet\fltkdlld\inftrees.sbr
d:\working\fltk\fltk-2.0\ide\vcnet\fltkdlld\input.sbr
d:\working\fltk\fltk-2.0\ide\vcnet\fltkdlld\inputbrowser.sbr
d:\working\fltk\fltk-2.0\ide\vcnet\fltkdlld\invisiblewidget.sbr
d:\working\fltk\fltk-2.0\ide\vcnet\fltkdlld\item.sbr
d:\working\fltk\fltk-2.0\ide\vcnet\fltkdlld\jaricom.sbr
d:\working\fltk\fltk-2.0\ide\vcnet\fltkdlld\jcapimin.sbr
d:\working\fltk\fltk-2.0\ide\vcnet\fltkdlld\jcapistd.sbr
d:\working\fltk\fltk-2.0\ide\vcnet\fltkdlld\jcarith.sbr
d:\working\fltk\fltk-2.0\ide\vcnet\fltkdlld\jccoefct.sbr
d:\working\fltk\fltk-2.0\ide\vcnet\fltkdlld\jccolor.sbr
d:\working\fltk\fltk-2.0\ide\vcnet\fltkdlld\jcdctmgr.sbr
d:\working\fltk\fltk-2.0\ide\vcnet\fltkdlld\jchuff.sbr
d:\working\fltk\fltk-2.0\ide\vcnet\fltkdlld\jcinit.sbr
d:\working\fltk\fltk-2.0\ide\vcnet\fltkdlld\jcmainct.sbr
d:\working\fltk\fltk-2.0\ide\vcnet\fltkdlld\jcmarker.sbr
d:\working\fltk\fltk-2.0\ide\vcnet\fltkdlld\jcmaster.sbr
d:\working\fltk\fltk-2.0\ide\vcnet\fltkdlld\jcomapi.sbr
d:\working\fltk\fltk-2.0\ide\vcnet\fltkdlld\jcparam.sbr
d:\working\fltk\fltk-2.0\ide\vcnet\fltkdlld\jcprepct.sbr
d:\working\fltk\fltk-2.0\ide\vcnet\fltkdlld\jcsample.sbr
d:\working\fltk\fltk-2.0\ide\vcnet\fltkdlld\jctrans.sbr
d:\working\fltk\fltk-2.0\ide\vcnet\fltkdlld\jdapimin.sbr
d:\working\fltk\fltk-2.0\ide\vcnet\fltkdlld\jdapistd.sbr
d:\working\fltk\fltk-2.0\ide\vcnet\fltkdlld\jdarith.sbr
d:\working\fltk\fltk-2.0\ide\vcnet\fltkdlld\jdatadst.sbr
d:\working\fltk\fltk-2.0\ide\vcnet\fltkdlld\jdatasrc.sbr
d:\working\fltk\fltk-2.0\ide\vcnet\fltkdlld\jdcoefct.sbr
d:\working\fltk\fltk-2.0\ide\vcnet\fltkdlld\jdcolor.sbr
d:\working\fltk\fltk-2.0\ide\vcnet\fltkdlld\jddctmgr.sbr
d:\working\fltk\fltk-2.0\ide\vcnet\fltkdlld\jdhuff.sbr
d:\working\fltk\fltk-2.0\ide\vcnet\fltkdlld\jdinput.sbr
d:\working\fltk\fltk-2.0\ide\vcnet\fltkdlld\jdmainct.sbr
d:\working\fltk\fltk-2.0\ide\vcnet\fltkdlld\jdmarker.sbr
d:\working\fltk\fltk-2.0\ide\vcnet\fltkdlld\jdmaster.sbr
d:\working\fltk\fltk-2.0\ide\vcnet\fltkdlld\jdmerge.sbr
d:\working\fltk\fltk-2.0\ide\vcnet\fltkdlld\jdpostct.sbr
d:\working\fltk\fltk-2.0\ide\vcnet\fltkdlld\jdsample.sbr
d:\working\fltk\fltk-2.0\ide\vcnet\fltkdlld\jdtrans.sbr
d:\working\fltk\fltk-2.0\ide\vcnet\fltkdlld\jerror.sbr
d:\working\fltk\fltk-2.0\ide\vcnet\fltkdlld\jfdctflt.sbr
d:\working\fltk\fltk-2.0\ide\vcnet\fltkdlld\jfdctfst.sbr
d:\working\fltk\fltk-2.0\ide\vcnet\fltkdlld\jfdctint.sbr
d:\working\fltk\fltk-2.0\ide\vcnet\fltkdlld\jidctflt.sbr
d:\working\fltk\fltk-2.0\ide\vcnet\fltkdlld\jidctfst.sbr
d:\working\fltk\fltk-2.0\ide\vcnet\fltkdlld\jidctint.sbr
d:\working\fltk\fltk-2.0\ide\vcnet\fltkdlld\jmemmgr.sbr
d:\working\fltk\fltk-2.0\ide\vcnet\fltkdlld\jmemnobs.sbr
d:\working\fltk\fltk-2.0\ide\vcnet\fltkdlld\jquant1.sbr
d:\working\fltk\fltk-2.0\ide\vcnet\fltkdlld\jquant2.sbr
d:\working\fltk\fltk-2.0\ide\vcnet\fltkdlld\jutils.sbr
d:\working\fltk\fltk-2.0\ide\vcnet\fltkdlld\key_name.sbr
d:\working\fltk\fltk-2.0\ide\vcnet\fltkdlld\lightbutton.sbr
d:\working\fltk\fltk-2.0\ide\vcnet\fltkdlld\list_fonts.sbr
d:\working\fltk\fltk-2.0\ide\vcnet\fltkdlld\load_plugin.sbr
d:\working\fltk\fltk-2.0\ide\vcnet\fltkdlld\lock.sbr
d:\working\fltk\fltk-2.0\ide\vcnet\fltkdlld\menu.sbr
d:\working\fltk\fltk-2.0\ide\vcnet\fltkdlld\menubar.sbr
d:\working\fltk\fltk-2.0\ide\vcnet\fltkdlld\menuwindow.sbr
d:\working\fltk\fltk-2.0\ide\vcnet\fltkdlld\menu_add.sbr
d:\working\fltk\fltk-2.0\ide\vcnet\fltkdlld\menu_global.sbr
d:\working\fltk\fltk-2.0\ide\vcnet\fltkdlld\menu_popup.sbr
d:\working\fltk\fltk-2.0\ide\vcnet\fltkdlld\message.sbr
d:\working\fltk\fltk-2.0\ide\vcnet\fltkdlld\multiimage.sbr
d:\working\fltk\fltk-2.0\ide\vcnet\fltkdlld\numericinput.sbr
d:\working\fltk\fltk-2.0\ide\vcnet\fltkdlld\numericsort.sbr
d:\working\fltk\fltk-2.0\ide\vcnet\fltkdlld\output.sbr
d:\working\fltk\fltk-2.0\ide\vcnet\fltkdlld\ovalbox.sbr
d:\working\fltk\fltk-2.0\ide\vcnet\fltkdlld\overlay_rect.sbr
d:\working\fltk\fltk-2.0\ide\vcnet\fltkdlld\own_colormap.sbr
d:\working\fltk\fltk-2.0\ide\vcnet\fltkdlld\packedgroup.sbr
d:\working\fltk\fltk-2.0\ide\vcnet\fltkdlld\path.sbr
d:\working\fltk\fltk-2.0\ide\vcnet\fltkdlld\plasticbox.sbr
d:\working\fltk\fltk-2.0\ide\vcnet\fltkdlld\png.sbr
d:\working\fltk\fltk-2.0\ide\vcnet\fltkdlld\pngerror.sbr
d:\working\fltk\fltk-2.0\ide\vcnet\fltkdlld\pngget.sbr
d:\working\fltk\fltk-2.0\ide\vcnet\fltkdlld\pngmem.sbr
d:\working\fltk\fltk-2.0\ide\vcnet\fltkdlld\pngpread.sbr
d:\working\fltk\fltk-2.0\ide\vcnet\fltkdlld\pngread.sbr
d:\working\fltk\fltk-2.0\ide\vcnet\fltkdlld\pngrio.sbr
d:\working\fltk\fltk-2.0\ide\vcnet\fltkdlld\pngrtran.sbr
d:\working\fltk\fltk-2.0\ide\vcnet\fltkdlld\pngrutil.sbr
d:\working\fltk\fltk-2.0\ide\vcnet\fltkdlld\pngset.sbr
d:\working\fltk\fltk-2.0\ide\vcnet\fltkdlld\pngtrans.sbr
d:\working\fltk\fltk-2.0\ide\vcnet\fltkdlld\pngwio.sbr
d:\working\fltk\fltk-2.0\ide\vcnet\fltkdlld\pngwrite.sbr
d:\working\fltk\fltk-2.0\ide\vcnet\fltkdlld\pngwtran.sbr
d:\working\fltk\fltk-2.0\ide\vcnet\fltkdlld\pngwutil.sbr
d:\working\fltk\fltk-2.0\ide\vcnet\fltkdlld\pnmimage.sbr
d:\working\fltk\fltk-2.0\ide\vcnet\fltkdlld\popupmenu.sbr
d:\working\fltk\fltk-2.0\ide\vcnet\fltkdlld\preferences.sbr
d:\working\fltk\fltk-2.0\ide\vcnet\fltkdlld\progressbar.sbr
d:\working\fltk\fltk-2.0\ide\vcnet\fltkdlld\radiobutton.sbr
d:\working\fltk\fltk-2.0\ide\vcnet\fltkdlld\readimage.sbr
d:\working\fltk\fltk-2.0\ide\vcnet\fltkdlld\repeatbutton.sbr
d:\working\fltk\fltk-2.0\ide\vcnet\fltkdlld\returnbutton.sbr
d:\working\fltk\fltk-2.0\ide\vcnet\fltkdlld\roundbox.sbr
d:\working\fltk\fltk-2.0\ide\vcnet\fltkdlld\roundedbox.sbr
d:\working\fltk\fltk-2.0\ide\vcnet\fltkdlld\run.sbr
d:\working\fltk\fltk-2.0\ide\vcnet\fltkdlld\scandir.sbr
d:\working\fltk\fltk-2.0\ide\vcnet\fltkdlld\scrollbar.sbr
d:\working\fltk\fltk-2.0\ide\vcnet\fltkdlld\scrollgroup.sbr
d:\working\fltk\fltk-2.0\ide\vcnet\fltkdlld\scrollrect.sbr
d:\working\fltk\fltk-2.0\ide\vcnet\fltkdlld\setcolor.sbr
d:\working\fltk\fltk-2.0\ide\vcnet\fltkdlld\setdisplay.sbr
d:\working\fltk\fltk-2.0\ide\vcnet\fltkdlld\setvisual.sbr
d:\working\fltk\fltk-2.0\ide\vcnet\fltkdlld\shadowbox.sbr
d:\working\fltk\fltk-2.0\ide\vcnet\fltkdlld\shapedwindow.sbr
d:\working\fltk\fltk-2.0\ide\vcnet\fltkdlld\sharedimage.sbr
d:\working\fltk\fltk-2.0\ide\vcnet\fltkdlld\shortcutassignment.sbr
d:\working\fltk\fltk-2.0\ide\vcnet\fltkdlld\show_colormap.sbr
d:\working\fltk\fltk-2.0\ide\vcnet\fltkdlld\slider.sbr
d:\working\fltk\fltk-2.0\ide\vcnet\fltkdlld\statusbargroup.sbr
d:\working\fltk\fltk-2.0\ide\vcnet\fltkdlld\string.sbr
d:\working\fltk\fltk-2.0\ide\vcnet\fltkdlld\stringlist.sbr
d:\working\fltk\fltk-2.0\ide\vcnet\fltkdlld\style.sbr
d:\working\fltk\fltk-2.0\ide\vcnet\fltkdlld\styleset.sbr
d:\working\fltk\fltk-2.0\ide\vcnet\fltkdlld\symbol.sbr
d:\working\fltk\fltk-2.0\ide\vcnet\fltkdlld\tabgroup.sbr
d:\working\fltk\fltk-2.0\ide\vcnet\fltkdlld\tabgroup2.sbr
d:\working\fltk\fltk-2.0\ide\vcnet\fltkdlld\textbuffer.sbr
d:\working\fltk\fltk-2.0\ide\vcnet\fltkdlld\textdisplay.sbr
d:\working\fltk\fltk-2.0\ide\vcnet\fltkdlld\texteditor.sbr
d:\working\fltk\fltk-2.0\ide\vcnet\fltkdlld\thumbwheel.sbr
d:\working\fltk\fltk-2.0\ide\vcnet\fltkdlld\tiledgroup.sbr
d:\working\fltk\fltk-2.0\ide\vcnet\fltkdlld\tiledimage.sbr
d:\working\fltk\fltk-2.0\ide\vcnet\fltkdlld\tooltip.sbr
d:\working\fltk\fltk-2.0\ide\vcnet\fltkdlld\trees.sbr
d:\working\fltk\fltk-2.0\ide\vcnet\fltkdlld\uncompr.sbr
d:\working\fltk\fltk-2.0\ide\vcnet\fltkdlld\upbox.sbr
d:\working\fltk\fltk-2.0\ide\vcnet\fltkdlld\utf.sbr
d:\working\fltk\fltk-2.0\ide\vcnet\fltkdlld\valuator.sbr
d:\working\fltk\fltk-2.0\ide\vcnet\fltkdlld\valueinput.sbr
d:\working\fltk\fltk-2.0\ide\vcnet\fltkdlld\valueoutput.sbr
d:\working\fltk\fltk-2.0\ide\vcnet\fltkdlld\valueslider.sbr
d:\working\fltk\fltk-2.0\ide\vcnet\fltkdlld\vsnprintf.sbr
d:\working\fltk\fltk-2.0\ide\vcnet\fltkdlld\widget.sbr
d:\working\fltk\fltk-2.0\ide\vcnet\fltkdlld\widgetassociation.sbr
d:\working\fltk\fltk-2.0\ide\vcnet\fltkdlld\widget_draw.sbr
d:\working\fltk\fltk-2.0\ide\vcnet\fltkdlld\window.sbr
d:\working\fltk\fltk-2.0\ide\vcnet\fltkdlld\window_fullscreen.sbr
d:\working\fltk\fltk-2.0\ide\vcnet\fltkdlld\window_hotspot.sbr
d:\working\fltk\fltk-2.0\ide\vcnet\fltkdlld\window_iconize.sbr
d:\working\fltk\fltk-2.0\ide\vcnet\fltkdlld\winmain.sbr
d:\working\fltk\fltk-2.0\ide\vcnet\fltkdlld\wizardgroup.sbr
d:\working\fltk\fltk-2.0\ide\vcnet\fltkdlld\xbmimage.sbr
d:\working\fltk\fltk-2.0\ide\vcnet\fltkdlld\xpmfileimage.sbr
d:\working\fltk\fltk-2.0\ide\vcnet\fltkdlld\xpmimage.sbr
d:\working\fltk\fltk-2.0\ide\vcnet\fltkdlld\zutil.sbr
d:\working\fltk\fltk-2.0\ide\vcnet\fltkdlld\fltkdll_glut.tlog\bscmake.command.1.tlog
d:\working\fltk\fltk-2.0\ide\vcnet\fltkdlld\fltkdll_glut.tlog\bscmake.read.1.tlog
d:\working\fltk\fltk-2.0\ide\vcnet\fltkdlld\fltkdll_glut.tlog\bscmake.write.1.tlog
d:\working\fltk\fltk-2.0\ide\vcnet\fltkdlld\fltkdll_glut.tlog\cl.command.1.tlog
d:\working\fltk\fltk-2.0\ide\vcnet\fltkdlld\fltkdll_glut.tlog\cl.read.1.tlog
d:\working\fltk\fltk-2.0\ide\vcnet\fltkdlld\fltkdll_glut.tlog\cl.write.1.tlog
d:\working\fltk\fltk-2.0\ide\vcnet\fltkdlld\fltkdll_glut.tlog\fltkdll_glut.write.1u.tlog
d:\working\fltk\fltk-2.0\ide\vcnet\fltkdlld\fltkdll_glut.tlog\link.command.1.tlog
d:\working\fltk\fltk-2.0\ide\vcnet\fltkdlld\fltkdll_glut.tlog\link.read.1.tlog
d:\working\fltk\fltk-2.0\ide\vcnet\fltkdlld\fltkdll_glut.tlog\link.write.1.tlog
