d:\working\fltk\fltk-2.0\lib\fltkdll_images.bsc
z:\working\gui\fltk\fltk-2.0\ide\vcnet\fltkdlld\vc140.pdb
d:\working\fltk\fltk-2.0\ide\vcnet\fltkdlld\vc140.pdb
d:\working\fltk\fltk-2.0\ide\vcnet\fltkdlld\vc140.idb
d:\working\fltk\fltk-2.0\ide\vcnet\fltkdlld\xpmfileimage.sbr
d:\working\fltk\fltk-2.0\ide\vcnet\fltkdlld\pnmimage.sbr
d:\working\fltk\fltk-2.0\ide\vcnet\fltkdlld\images_core.sbr
d:\working\fltk\fltk-2.0\ide\vcnet\fltkdlld\helpdialog.sbr
d:\working\fltk\fltk-2.0\ide\vcnet\fltkdlld\fl_png.sbr
d:\working\fltk\fltk-2.0\ide\vcnet\fltkdlld\fl_jpeg.sbr
d:\working\fltk\fltk-2.0\ide\vcnet\fltkdlld\fl_guess_image.sbr
d:\working\fltk\fltk-2.0\ide\vcnet\fltkdlld\fileicon2.sbr
d:\working\fltk\fltk-2.0\ide\vcnet\fltkdlld\fileicon2.obj
d:\working\fltk\fltk-2.0\ide\vcnet\fltkdlld\fl_guess_image.obj
d:\working\fltk\fltk-2.0\ide\vcnet\fltkdlld\fl_jpeg.obj
d:\working\fltk\fltk-2.0\ide\vcnet\fltkdlld\fl_png.obj
d:\working\fltk\fltk-2.0\ide\vcnet\fltkdlld\helpdialog.obj
d:\working\fltk\fltk-2.0\ide\vcnet\fltkdlld\images_core.obj
d:\working\fltk\fltk-2.0\ide\vcnet\fltkdlld\pnmimage.obj
d:\working\fltk\fltk-2.0\ide\vcnet\fltkdlld\xpmfileimage.obj
d:\working\fltk\fltk-2.0\ide\vcnet\fltkdlld\zutil.sbr
d:\working\fltk\fltk-2.0\ide\vcnet\fltkdlld\uncompr.sbr
d:\working\fltk\fltk-2.0\ide\vcnet\fltkdlld\trees.sbr
d:\working\fltk\fltk-2.0\ide\vcnet\fltkdlld\inftrees.sbr
d:\working\fltk\fltk-2.0\ide\vcnet\fltkdlld\inflate.sbr
d:\working\fltk\fltk-2.0\ide\vcnet\fltkdlld\inffast.sbr
d:\working\fltk\fltk-2.0\ide\vcnet\fltkdlld\infback.sbr
d:\working\fltk\fltk-2.0\ide\vcnet\fltkdlld\gzwrite.sbr
d:\working\fltk\fltk-2.0\ide\vcnet\fltkdlld\gzread.sbr
d:\working\fltk\fltk-2.0\ide\vcnet\fltkdlld\gzlib.sbr
d:\working\fltk\fltk-2.0\ide\vcnet\fltkdlld\gzclose.sbr
d:\working\fltk\fltk-2.0\ide\vcnet\fltkdlld\deflate.sbr
d:\working\fltk\fltk-2.0\ide\vcnet\fltkdlld\crc32.sbr
d:\working\fltk\fltk-2.0\ide\vcnet\fltkdlld\compress.sbr
d:\working\fltk\fltk-2.0\ide\vcnet\fltkdlld\adler32.sbr
d:\working\fltk\fltk-2.0\ide\vcnet\fltkdlld\pngwutil.sbr
d:\working\fltk\fltk-2.0\ide\vcnet\fltkdlld\pngwtran.sbr
d:\working\fltk\fltk-2.0\ide\vcnet\fltkdlld\pngwrite.sbr
d:\working\fltk\fltk-2.0\ide\vcnet\fltkdlld\pngwio.sbr
d:\working\fltk\fltk-2.0\ide\vcnet\fltkdlld\pngtrans.sbr
d:\working\fltk\fltk-2.0\ide\vcnet\fltkdlld\pngtrans.obj
d:\working\fltk\fltk-2.0\ide\vcnet\fltkdlld\pngwio.obj
d:\working\fltk\fltk-2.0\ide\vcnet\fltkdlld\pngwrite.obj
d:\working\fltk\fltk-2.0\ide\vcnet\fltkdlld\pngwtran.obj
d:\working\fltk\fltk-2.0\ide\vcnet\fltkdlld\pngwutil.obj
d:\working\fltk\fltk-2.0\ide\vcnet\fltkdlld\adler32.obj
d:\working\fltk\fltk-2.0\ide\vcnet\fltkdlld\compress.obj
d:\working\fltk\fltk-2.0\ide\vcnet\fltkdlld\crc32.obj
d:\working\fltk\fltk-2.0\ide\vcnet\fltkdlld\deflate.obj
d:\working\fltk\fltk-2.0\ide\vcnet\fltkdlld\gzclose.obj
d:\working\fltk\fltk-2.0\ide\vcnet\fltkdlld\gzlib.obj
d:\working\fltk\fltk-2.0\ide\vcnet\fltkdlld\gzread.obj
d:\working\fltk\fltk-2.0\ide\vcnet\fltkdlld\gzwrite.obj
d:\working\fltk\fltk-2.0\ide\vcnet\fltkdlld\infback.obj
d:\working\fltk\fltk-2.0\ide\vcnet\fltkdlld\inffast.obj
d:\working\fltk\fltk-2.0\ide\vcnet\fltkdlld\inflate.obj
d:\working\fltk\fltk-2.0\ide\vcnet\fltkdlld\inftrees.obj
d:\working\fltk\fltk-2.0\ide\vcnet\fltkdlld\trees.obj
d:\working\fltk\fltk-2.0\ide\vcnet\fltkdlld\uncompr.obj
d:\working\fltk\fltk-2.0\ide\vcnet\fltkdlld\zutil.obj
d:\working\fltk\fltk-2.0\ide\vcnet\fltkdlld\pngset.sbr
d:\working\fltk\fltk-2.0\ide\vcnet\fltkdlld\pngrutil.sbr
d:\working\fltk\fltk-2.0\ide\vcnet\fltkdlld\pngrtran.sbr
d:\working\fltk\fltk-2.0\ide\vcnet\fltkdlld\pngrio.sbr
d:\working\fltk\fltk-2.0\ide\vcnet\fltkdlld\pngread.sbr
d:\working\fltk\fltk-2.0\ide\vcnet\fltkdlld\pngpread.sbr
d:\working\fltk\fltk-2.0\ide\vcnet\fltkdlld\pngmem.sbr
d:\working\fltk\fltk-2.0\ide\vcnet\fltkdlld\pngget.sbr
d:\working\fltk\fltk-2.0\ide\vcnet\fltkdlld\pngerror.sbr
d:\working\fltk\fltk-2.0\ide\vcnet\fltkdlld\png.sbr
d:\working\fltk\fltk-2.0\ide\vcnet\fltkdlld\jutils.sbr
d:\working\fltk\fltk-2.0\ide\vcnet\fltkdlld\jquant2.sbr
d:\working\fltk\fltk-2.0\ide\vcnet\fltkdlld\jquant1.sbr
d:\working\fltk\fltk-2.0\ide\vcnet\fltkdlld\jmemnobs.sbr
d:\working\fltk\fltk-2.0\ide\vcnet\fltkdlld\jmemmgr.sbr
d:\working\fltk\fltk-2.0\ide\vcnet\fltkdlld\jidctint.sbr
d:\working\fltk\fltk-2.0\ide\vcnet\fltkdlld\jidctfst.sbr
d:\working\fltk\fltk-2.0\ide\vcnet\fltkdlld\jidctflt.sbr
d:\working\fltk\fltk-2.0\ide\vcnet\fltkdlld\jfdctint.sbr
d:\working\fltk\fltk-2.0\ide\vcnet\fltkdlld\jfdctfst.sbr
d:\working\fltk\fltk-2.0\ide\vcnet\fltkdlld\jfdctfst.obj
d:\working\fltk\fltk-2.0\ide\vcnet\fltkdlld\jfdctint.obj
d:\working\fltk\fltk-2.0\ide\vcnet\fltkdlld\jidctflt.obj
d:\working\fltk\fltk-2.0\ide\vcnet\fltkdlld\jidctfst.obj
d:\working\fltk\fltk-2.0\ide\vcnet\fltkdlld\jidctint.obj
d:\working\fltk\fltk-2.0\ide\vcnet\fltkdlld\jmemmgr.obj
d:\working\fltk\fltk-2.0\ide\vcnet\fltkdlld\jmemnobs.obj
d:\working\fltk\fltk-2.0\ide\vcnet\fltkdlld\jquant1.obj
d:\working\fltk\fltk-2.0\ide\vcnet\fltkdlld\jquant2.obj
d:\working\fltk\fltk-2.0\ide\vcnet\fltkdlld\jutils.obj
d:\working\fltk\fltk-2.0\ide\vcnet\fltkdlld\png.obj
d:\working\fltk\fltk-2.0\ide\vcnet\fltkdlld\pngerror.obj
d:\working\fltk\fltk-2.0\ide\vcnet\fltkdlld\pngget.obj
d:\working\fltk\fltk-2.0\ide\vcnet\fltkdlld\pngmem.obj
d:\working\fltk\fltk-2.0\ide\vcnet\fltkdlld\pngpread.obj
d:\working\fltk\fltk-2.0\ide\vcnet\fltkdlld\pngread.obj
d:\working\fltk\fltk-2.0\ide\vcnet\fltkdlld\pngrio.obj
d:\working\fltk\fltk-2.0\ide\vcnet\fltkdlld\pngrtran.obj
d:\working\fltk\fltk-2.0\ide\vcnet\fltkdlld\pngrutil.obj
d:\working\fltk\fltk-2.0\ide\vcnet\fltkdlld\pngset.obj
d:\working\fltk\fltk-2.0\ide\vcnet\fltkdlld\jfdctflt.sbr
d:\working\fltk\fltk-2.0\ide\vcnet\fltkdlld\jerror.sbr
d:\working\fltk\fltk-2.0\ide\vcnet\fltkdlld\jdtrans.sbr
d:\working\fltk\fltk-2.0\ide\vcnet\fltkdlld\jdsample.sbr
d:\working\fltk\fltk-2.0\ide\vcnet\fltkdlld\jdpostct.sbr
d:\working\fltk\fltk-2.0\ide\vcnet\fltkdlld\jdmerge.sbr
d:\working\fltk\fltk-2.0\ide\vcnet\fltkdlld\jdmaster.sbr
d:\working\fltk\fltk-2.0\ide\vcnet\fltkdlld\jdmarker.sbr
d:\working\fltk\fltk-2.0\ide\vcnet\fltkdlld\jdmainct.sbr
d:\working\fltk\fltk-2.0\ide\vcnet\fltkdlld\jdinput.sbr
d:\working\fltk\fltk-2.0\ide\vcnet\fltkdlld\jdhuff.sbr
d:\working\fltk\fltk-2.0\ide\vcnet\fltkdlld\jddctmgr.sbr
d:\working\fltk\fltk-2.0\ide\vcnet\fltkdlld\jdcolor.sbr
d:\working\fltk\fltk-2.0\ide\vcnet\fltkdlld\jdcoefct.sbr
d:\working\fltk\fltk-2.0\ide\vcnet\fltkdlld\jdatasrc.sbr
d:\working\fltk\fltk-2.0\ide\vcnet\fltkdlld\jdatadst.sbr
d:\working\fltk\fltk-2.0\ide\vcnet\fltkdlld\jdarith.sbr
d:\working\fltk\fltk-2.0\ide\vcnet\fltkdlld\jdapistd.sbr
d:\working\fltk\fltk-2.0\ide\vcnet\fltkdlld\jdapimin.sbr
d:\working\fltk\fltk-2.0\ide\vcnet\fltkdlld\jctrans.sbr
d:\working\fltk\fltk-2.0\ide\vcnet\fltkdlld\jctrans.obj
d:\working\fltk\fltk-2.0\ide\vcnet\fltkdlld\jdapimin.obj
d:\working\fltk\fltk-2.0\ide\vcnet\fltkdlld\jdapistd.obj
d:\working\fltk\fltk-2.0\ide\vcnet\fltkdlld\jdarith.obj
d:\working\fltk\fltk-2.0\ide\vcnet\fltkdlld\jdatadst.obj
d:\working\fltk\fltk-2.0\ide\vcnet\fltkdlld\jdatasrc.obj
d:\working\fltk\fltk-2.0\ide\vcnet\fltkdlld\jdcoefct.obj
d:\working\fltk\fltk-2.0\ide\vcnet\fltkdlld\jdcolor.obj
d:\working\fltk\fltk-2.0\ide\vcnet\fltkdlld\jddctmgr.obj
d:\working\fltk\fltk-2.0\ide\vcnet\fltkdlld\jdhuff.obj
d:\working\fltk\fltk-2.0\ide\vcnet\fltkdlld\jdinput.obj
d:\working\fltk\fltk-2.0\ide\vcnet\fltkdlld\jdmainct.obj
d:\working\fltk\fltk-2.0\ide\vcnet\fltkdlld\jdmarker.obj
d:\working\fltk\fltk-2.0\ide\vcnet\fltkdlld\jdmaster.obj
d:\working\fltk\fltk-2.0\ide\vcnet\fltkdlld\jdmerge.obj
d:\working\fltk\fltk-2.0\ide\vcnet\fltkdlld\jdpostct.obj
d:\working\fltk\fltk-2.0\ide\vcnet\fltkdlld\jdsample.obj
d:\working\fltk\fltk-2.0\ide\vcnet\fltkdlld\jdtrans.obj
d:\working\fltk\fltk-2.0\ide\vcnet\fltkdlld\jerror.obj
d:\working\fltk\fltk-2.0\ide\vcnet\fltkdlld\jfdctflt.obj
d:\working\fltk\fltk-2.0\ide\vcnet\fltkdlld\jcsample.sbr
d:\working\fltk\fltk-2.0\ide\vcnet\fltkdlld\jcprepct.sbr
d:\working\fltk\fltk-2.0\ide\vcnet\fltkdlld\jcparam.sbr
d:\working\fltk\fltk-2.0\ide\vcnet\fltkdlld\jcomapi.sbr
d:\working\fltk\fltk-2.0\ide\vcnet\fltkdlld\jcmaster.sbr
d:\working\fltk\fltk-2.0\ide\vcnet\fltkdlld\jcmarker.sbr
d:\working\fltk\fltk-2.0\ide\vcnet\fltkdlld\jcmainct.sbr
d:\working\fltk\fltk-2.0\ide\vcnet\fltkdlld\jcinit.sbr
d:\working\fltk\fltk-2.0\ide\vcnet\fltkdlld\jchuff.sbr
d:\working\fltk\fltk-2.0\ide\vcnet\fltkdlld\jcdctmgr.sbr
d:\working\fltk\fltk-2.0\ide\vcnet\fltkdlld\jccolor.sbr
d:\working\fltk\fltk-2.0\ide\vcnet\fltkdlld\jccoefct.sbr
d:\working\fltk\fltk-2.0\ide\vcnet\fltkdlld\jcarith.sbr
d:\working\fltk\fltk-2.0\ide\vcnet\fltkdlld\jcapistd.sbr
d:\working\fltk\fltk-2.0\ide\vcnet\fltkdlld\jcapimin.sbr
d:\working\fltk\fltk-2.0\ide\vcnet\fltkdlld\jaricom.sbr
d:\working\fltk\fltk-2.0\ide\vcnet\fltkdlld\jaricom.obj
d:\working\fltk\fltk-2.0\ide\vcnet\fltkdlld\jcapimin.obj
d:\working\fltk\fltk-2.0\ide\vcnet\fltkdlld\jcapistd.obj
d:\working\fltk\fltk-2.0\ide\vcnet\fltkdlld\jcarith.obj
d:\working\fltk\fltk-2.0\ide\vcnet\fltkdlld\jccoefct.obj
d:\working\fltk\fltk-2.0\ide\vcnet\fltkdlld\jccolor.obj
d:\working\fltk\fltk-2.0\ide\vcnet\fltkdlld\jcdctmgr.obj
d:\working\fltk\fltk-2.0\ide\vcnet\fltkdlld\jchuff.obj
d:\working\fltk\fltk-2.0\ide\vcnet\fltkdlld\jcinit.obj
d:\working\fltk\fltk-2.0\ide\vcnet\fltkdlld\jcmainct.obj
d:\working\fltk\fltk-2.0\ide\vcnet\fltkdlld\jcmarker.obj
d:\working\fltk\fltk-2.0\ide\vcnet\fltkdlld\jcmaster.obj
d:\working\fltk\fltk-2.0\ide\vcnet\fltkdlld\jcomapi.obj
d:\working\fltk\fltk-2.0\ide\vcnet\fltkdlld\jcparam.obj
d:\working\fltk\fltk-2.0\ide\vcnet\fltkdlld\jcprepct.obj
d:\working\fltk\fltk-2.0\ide\vcnet\fltkdlld\jcsample.obj
z:\working\gui\fltk\fltk-2.0\lib\fltk2dll_imagesd.lib
z:\working\gui\fltk\fltk-2.0\lib\fltk2dll_imagesd.exp
d:\working\fltk\fltk-2.0\lib\fltk2dll_imagesd.lib
d:\working\fltk\fltk-2.0\lib\fltk2dll_imagesd.exp
z:\working\gui\fltk\fltk-2.0\lib\fltk2dll_imagesd.ilk
z:\working\gui\fltk\fltk-2.0\lib\fltk2dll_imagesd.dll
z:\working\gui\fltk\fltk-2.0\ide\vcnet\fltkdll_imagesd.pdb
d:\working\fltk\fltk-2.0\lib\fltk2dll_imagesd.ilk
d:\working\fltk\fltk-2.0\lib\fltk2dll_imagesd.dll
d:\working\fltk\fltk-2.0\ide\vcnet\fltkdll_imagesd.pdb
d:\working\fltk\fltk-2.0\ide\vcnet\fltkdlld\fltkdll_images.tlog\bscmake.command.1.tlog
d:\working\fltk\fltk-2.0\ide\vcnet\fltkdlld\fltkdll_images.tlog\bscmake.read.1.tlog
d:\working\fltk\fltk-2.0\ide\vcnet\fltkdlld\fltkdll_images.tlog\bscmake.write.1.tlog
d:\working\fltk\fltk-2.0\ide\vcnet\fltkdlld\fltkdll_images.tlog\cl.command.1.tlog
d:\working\fltk\fltk-2.0\ide\vcnet\fltkdlld\fltkdll_images.tlog\cl.read.1.tlog
d:\working\fltk\fltk-2.0\ide\vcnet\fltkdlld\fltkdll_images.tlog\cl.write.1.tlog
d:\working\fltk\fltk-2.0\ide\vcnet\fltkdlld\fltkdll_images.tlog\fltkdll_images.write.1u.tlog
d:\working\fltk\fltk-2.0\ide\vcnet\fltkdlld\fltkdll_images.tlog\link.command.1.tlog
d:\working\fltk\fltk-2.0\ide\vcnet\fltkdlld\fltkdll_images.tlog\link.read.1.tlog
d:\working\fltk\fltk-2.0\ide\vcnet\fltkdlld\fltkdll_images.tlog\link.write.1.tlog
