d:\working\fltk\fltk-2.0\ide\vcnet\fluid_wdll\vc140.pdb
d:\working\fltk\fltk-2.0\ide\vcnet\fluid_wdll\menutype.obj
d:\working\fltk\fltk-2.0\ide\vcnet\fluid_wdll\grouptype.obj
d:\working\fltk\fltk-2.0\ide\vcnet\fluid_wdll\function_panel.obj
d:\working\fltk\fltk-2.0\ide\vcnet\fluid_wdll\functiontype.obj
d:\working\fltk\fltk-2.0\ide\vcnet\fluid_wdll\fluid_plugins.obj
d:\working\fltk\fltk-2.0\ide\vcnet\fluid_wdll\fluid_menus.obj
d:\working\fltk\fltk-2.0\ide\vcnet\fluid_wdll\fluid_img.obj
d:\working\fltk\fltk-2.0\ide\vcnet\fluid_wdll\fluid_image.obj
d:\working\fltk\fltk-2.0\ide\vcnet\fluid_wdll\fluidtype.obj
d:\working\fltk\fltk-2.0\ide\vcnet\fluid_wdll\fluid.obj
d:\working\fltk\fltk-2.0\ide\vcnet\fluid_wdll\file.obj
d:\working\fltk\fltk-2.0\ide\vcnet\fluid_wdll\factory.obj
d:\working\fltk\fltk-2.0\ide\vcnet\fluid_wdll\enumeration.obj
d:\working\fltk\fltk-2.0\ide\vcnet\fluid_wdll\coding_style_func.obj
d:\working\fltk\fltk-2.0\ide\vcnet\fluid_wdll\coding_style.obj
d:\working\fltk\fltk-2.0\ide\vcnet\fluid_wdll\codeeditor.obj
d:\working\fltk\fltk-2.0\ide\vcnet\fluid_wdll\code.obj
d:\working\fltk\fltk-2.0\ide\vcnet\fluid_wdll\align_widget.obj
d:\working\fltk\fltk-2.0\ide\vcnet\fluid_wdll\alignment_panel.obj
d:\working\fltk\fltk-2.0\ide\vcnet\fluid_wdll\about_panel.obj
d:\working\fltk\fltk-2.0\ide\vcnet\fluid_wdll\windowtype.obj
d:\working\fltk\fltk-2.0\ide\vcnet\fluid_wdll\widget_panel.obj
d:\working\fltk\fltk-2.0\ide\vcnet\fluid_wdll\widgettype.obj
d:\working\fltk\fltk-2.0\ide\vcnet\fluid_wdll\widgetclasstype.obj
d:\working\fltk\fltk-2.0\ide\vcnet\fluid_wdll\undo.obj
d:\working\fltk\fltk-2.0\ide\vcnet\fluid_wdll\template_panel.obj
d:\working\fltk\fltk-2.0\ide\vcnet\fluid_wdll\fluid_wdll.lib
d:\working\fltk\fltk-2.0\ide\vcnet\fluid_wdll\fluid_wdll.exp
d:\working\fltk\fltk-2.0\fluid\fluid2_wdll.exe
d:\working\fltk\fltk-2.0\ide\vcnet\fluid_wdll\fluid2_wdll.pdb
d:\working\fltk\fltk-2.0\ide\vcnet\fluid_wdll\fluid_wdll.tlog\cl.command.1.tlog
d:\working\fltk\fltk-2.0\ide\vcnet\fluid_wdll\fluid_wdll.tlog\cl.read.1.tlog
d:\working\fltk\fltk-2.0\ide\vcnet\fluid_wdll\fluid_wdll.tlog\cl.write.1.tlog
d:\working\fltk\fltk-2.0\ide\vcnet\fluid_wdll\fluid_wdll.tlog\fluid_wdll.write.1u.tlog
d:\working\fltk\fltk-2.0\ide\vcnet\fluid_wdll\fluid_wdll.tlog\link.command.1.tlog
d:\working\fltk\fltk-2.0\ide\vcnet\fluid_wdll\fluid_wdll.tlog\link.read.1.tlog
d:\working\fltk\fltk-2.0\ide\vcnet\fluid_wdll\fluid_wdll.tlog\link.write.1.tlog
