d:\working\fltk\fltk-2.0\ide\vcnet\valuators_\valuators.bsc
d:\working\fltk\fltk-2.0\ide\vcnet\valuators_\vc140.pdb
d:\working\fltk\fltk-2.0\ide\vcnet\valuators_\vc140.idb
d:\working\fltk\fltk-2.0\ide\vcnet\valuators_\valuators.sbr
d:\working\fltk\fltk-2.0\ide\vcnet\valuators_\valuators.obj
z:\working\gui\fltk\fltk-2.0\test\valuatorsd.ilk
z:\working\gui\fltk\fltk-2.0\test\valuatorsd.exe
z:\working\gui\fltk\fltk-2.0\ide\vcnet\valuators_\valuatorsd.pdb
d:\working\fltk\fltk-2.0\test\valuatorsd.ilk
d:\working\fltk\fltk-2.0\test\valuatorsd.exe
d:\working\fltk\fltk-2.0\ide\vcnet\valuators_\valuatorsd.pdb
d:\working\fltk\fltk-2.0\ide\vcnet\valuators_\valuators.tlog\bscmake.command.1.tlog
d:\working\fltk\fltk-2.0\ide\vcnet\valuators_\valuators.tlog\bscmake.read.1.tlog
d:\working\fltk\fltk-2.0\ide\vcnet\valuators_\valuators.tlog\bscmake.write.1.tlog
d:\working\fltk\fltk-2.0\ide\vcnet\valuators_\valuators.tlog\cl.command.1.tlog
d:\working\fltk\fltk-2.0\ide\vcnet\valuators_\valuators.tlog\cl.read.1.tlog
d:\working\fltk\fltk-2.0\ide\vcnet\valuators_\valuators.tlog\cl.write.1.tlog
d:\working\fltk\fltk-2.0\ide\vcnet\valuators_\valuators.tlog\link.command.1.tlog
d:\working\fltk\fltk-2.0\ide\vcnet\valuators_\valuators.tlog\link.read.1.tlog
d:\working\fltk\fltk-2.0\ide\vcnet\valuators_\valuators.tlog\link.write.1.tlog
