d:\working\fltk\fltk-2.0\ide\vcnet\menubar_\menubar.bsc
d:\working\fltk\fltk-2.0\ide\vcnet\menubar_\vc140.pdb
d:\working\fltk\fltk-2.0\ide\vcnet\menubar_\vc140.idb
d:\working\fltk\fltk-2.0\ide\vcnet\menubar_\menu.sbr
d:\working\fltk\fltk-2.0\ide\vcnet\menubar_\menu.obj
z:\working\gui\fltk\fltk-2.0\test\menubard.ilk
z:\working\gui\fltk\fltk-2.0\test\menubard.exe
z:\working\gui\fltk\fltk-2.0\ide\vcnet\menubar_\menubard.pdb
d:\working\fltk\fltk-2.0\test\menubard.ilk
d:\working\fltk\fltk-2.0\test\menubard.exe
d:\working\fltk\fltk-2.0\ide\vcnet\menubar_\menubard.pdb
d:\working\fltk\fltk-2.0\ide\vcnet\menubar_\menubar.tlog\bscmake.command.1.tlog
d:\working\fltk\fltk-2.0\ide\vcnet\menubar_\menubar.tlog\bscmake.read.1.tlog
d:\working\fltk\fltk-2.0\ide\vcnet\menubar_\menubar.tlog\bscmake.write.1.tlog
d:\working\fltk\fltk-2.0\ide\vcnet\menubar_\menubar.tlog\cl.command.1.tlog
d:\working\fltk\fltk-2.0\ide\vcnet\menubar_\menubar.tlog\cl.read.1.tlog
d:\working\fltk\fltk-2.0\ide\vcnet\menubar_\menubar.tlog\cl.write.1.tlog
d:\working\fltk\fltk-2.0\ide\vcnet\menubar_\menubar.tlog\link.command.1.tlog
d:\working\fltk\fltk-2.0\ide\vcnet\menubar_\menubar.tlog\link.read.1.tlog
d:\working\fltk\fltk-2.0\ide\vcnet\menubar_\menubar.tlog\link.write.1.tlog
