d:\working\fltk\fltk-2.0\ide\vcnet\message_\message.bsc
d:\working\fltk\fltk-2.0\ide\vcnet\message_\vc140.pdb
d:\working\fltk\fltk-2.0\ide\vcnet\message_\vc140.idb
d:\working\fltk\fltk-2.0\ide\vcnet\message_\message.sbr
d:\working\fltk\fltk-2.0\ide\vcnet\message_\message.obj
z:\working\gui\fltk\fltk-2.0\test\messaged.ilk
z:\working\gui\fltk\fltk-2.0\test\messaged.exe
z:\working\gui\fltk\fltk-2.0\ide\vcnet\message_\messaged.pdb
d:\working\fltk\fltk-2.0\test\messaged.ilk
d:\working\fltk\fltk-2.0\test\messaged.exe
d:\working\fltk\fltk-2.0\ide\vcnet\message_\messaged.pdb
d:\working\fltk\fltk-2.0\ide\vcnet\message_\message.tlog\bscmake.command.1.tlog
d:\working\fltk\fltk-2.0\ide\vcnet\message_\message.tlog\bscmake.read.1.tlog
d:\working\fltk\fltk-2.0\ide\vcnet\message_\message.tlog\bscmake.write.1.tlog
d:\working\fltk\fltk-2.0\ide\vcnet\message_\message.tlog\cl.command.1.tlog
d:\working\fltk\fltk-2.0\ide\vcnet\message_\message.tlog\cl.read.1.tlog
d:\working\fltk\fltk-2.0\ide\vcnet\message_\message.tlog\cl.write.1.tlog
d:\working\fltk\fltk-2.0\ide\vcnet\message_\message.tlog\link.command.1.tlog
d:\working\fltk\fltk-2.0\ide\vcnet\message_\message.tlog\link.read.1.tlog
d:\working\fltk\fltk-2.0\ide\vcnet\message_\message.tlog\link.write.1.tlog
