d:\working\fltk\fltk-2.0\ide\vcnet\tabs_\tabs.bsc
d:\working\fltk\fltk-2.0\ide\vcnet\tabs_\vc140.pdb
d:\working\fltk\fltk-2.0\ide\vcnet\tabs_\vc140.idb
d:\working\fltk\fltk-2.0\ide\vcnet\tabs_\tabs.sbr
d:\working\fltk\fltk-2.0\ide\vcnet\tabs_\tabs.obj
z:\working\gui\fltk\fltk-2.0\test\tabsd.ilk
z:\working\gui\fltk\fltk-2.0\test\tabsd.exe
z:\working\gui\fltk\fltk-2.0\ide\vcnet\tabs_\tabsd.pdb
d:\working\fltk\fltk-2.0\test\tabsd.ilk
d:\working\fltk\fltk-2.0\test\tabsd.exe
d:\working\fltk\fltk-2.0\ide\vcnet\tabs_\tabsd.pdb
d:\working\fltk\fltk-2.0\ide\vcnet\tabs_\tabs.tlog\bscmake.command.1.tlog
d:\working\fltk\fltk-2.0\ide\vcnet\tabs_\tabs.tlog\bscmake.read.1.tlog
d:\working\fltk\fltk-2.0\ide\vcnet\tabs_\tabs.tlog\bscmake.write.1.tlog
d:\working\fltk\fltk-2.0\ide\vcnet\tabs_\tabs.tlog\cl.command.1.tlog
d:\working\fltk\fltk-2.0\ide\vcnet\tabs_\tabs.tlog\cl.read.1.tlog
d:\working\fltk\fltk-2.0\ide\vcnet\tabs_\tabs.tlog\cl.write.1.tlog
d:\working\fltk\fltk-2.0\ide\vcnet\tabs_\tabs.tlog\link.command.1.tlog
d:\working\fltk\fltk-2.0\ide\vcnet\tabs_\tabs.tlog\link.read.1.tlog
d:\working\fltk\fltk-2.0\ide\vcnet\tabs_\tabs.tlog\link.write.1.tlog
