d:\working\fltk\fltk-2.0\ide\vcnet\fltk\fltk.lib.bsc
d:\working\fltk\fltk-2.0\ide\vcnet\fltk\fltk.pdb
d:\working\fltk\fltk-2.0\ide\vcnet\fltk\addarc.sbr
d:\working\fltk\fltk-2.0\ide\vcnet\fltk\addcurve.sbr
d:\working\fltk\fltk-2.0\ide\vcnet\fltk\add_idle.sbr
d:\working\fltk\fltk-2.0\ide\vcnet\fltk\adjuster.sbr
d:\working\fltk\fltk-2.0\ide\vcnet\fltk\aligngroup.sbr
d:\working\fltk\fltk-2.0\ide\vcnet\fltk\args.sbr
d:\working\fltk\fltk-2.0\ide\vcnet\fltk\bargroup.sbr
d:\working\fltk\fltk-2.0\ide\vcnet\fltk\bmpimage.sbr
d:\working\fltk\fltk-2.0\ide\vcnet\fltk\browser.sbr
d:\working\fltk\fltk-2.0\ide\vcnet\fltk\button.sbr
d:\working\fltk\fltk-2.0\ide\vcnet\fltk\checkbutton.sbr
d:\working\fltk\fltk-2.0\ide\vcnet\fltk\choice.sbr
d:\working\fltk\fltk-2.0\ide\vcnet\fltk\clip.sbr
d:\working\fltk\fltk-2.0\ide\vcnet\fltk\clock.sbr
d:\working\fltk\fltk-2.0\ide\vcnet\fltk\color.sbr
d:\working\fltk\fltk-2.0\ide\vcnet\fltk\color_chooser.sbr
d:\working\fltk\fltk-2.0\ide\vcnet\fltk\combobox.sbr
d:\working\fltk\fltk-2.0\ide\vcnet\fltk\compose.sbr
d:\working\fltk\fltk-2.0\ide\vcnet\fltk\cursor.sbr
d:\working\fltk\fltk-2.0\ide\vcnet\fltk\cyclebutton.sbr
d:\working\fltk\fltk-2.0\ide\vcnet\fltk\cyclebutton.obj
d:\working\fltk\fltk-2.0\ide\vcnet\fltk\cursor.obj
d:\working\fltk\fltk-2.0\ide\vcnet\fltk\compose.obj
d:\working\fltk\fltk-2.0\ide\vcnet\fltk\combobox.obj
d:\working\fltk\fltk-2.0\ide\vcnet\fltk\color_chooser.obj
d:\working\fltk\fltk-2.0\ide\vcnet\fltk\color.obj
d:\working\fltk\fltk-2.0\ide\vcnet\fltk\clock.obj
d:\working\fltk\fltk-2.0\ide\vcnet\fltk\clip.obj
d:\working\fltk\fltk-2.0\ide\vcnet\fltk\choice.obj
d:\working\fltk\fltk-2.0\ide\vcnet\fltk\checkbutton.obj
d:\working\fltk\fltk-2.0\ide\vcnet\fltk\button.obj
d:\working\fltk\fltk-2.0\ide\vcnet\fltk\browser.obj
d:\working\fltk\fltk-2.0\ide\vcnet\fltk\bmpimage.obj
d:\working\fltk\fltk-2.0\ide\vcnet\fltk\bargroup.obj
d:\working\fltk\fltk-2.0\ide\vcnet\fltk\args.obj
d:\working\fltk\fltk-2.0\ide\vcnet\fltk\aligngroup.obj
d:\working\fltk\fltk-2.0\ide\vcnet\fltk\adjuster.obj
d:\working\fltk\fltk-2.0\ide\vcnet\fltk\add_idle.obj
d:\working\fltk\fltk-2.0\ide\vcnet\fltk\addcurve.obj
d:\working\fltk\fltk-2.0\ide\vcnet\fltk\addarc.obj
d:\working\fltk\fltk-2.0\ide\vcnet\fltk\default_glyph.sbr
d:\working\fltk\fltk-2.0\ide\vcnet\fltk\dial.sbr
d:\working\fltk\fltk-2.0\ide\vcnet\fltk\diamondbox.sbr
d:\working\fltk\fltk-2.0\ide\vcnet\fltk\dnd.sbr
d:\working\fltk\fltk-2.0\ide\vcnet\fltk\drawtext.sbr
d:\working\fltk\fltk-2.0\ide\vcnet\fltk\engravedlabel.sbr
d:\working\fltk\fltk-2.0\ide\vcnet\fltk\error.sbr
d:\working\fltk\fltk-2.0\ide\vcnet\fltk\event_key_state.sbr
d:\working\fltk\fltk-2.0\ide\vcnet\fltk\filebrowser.sbr
d:\working\fltk\fltk-2.0\ide\vcnet\fltk\filechooser.sbr
d:\working\fltk\fltk-2.0\ide\vcnet\fltk\filechooser2.sbr
d:\working\fltk\fltk-2.0\ide\vcnet\fltk\fileicon.sbr
d:\working\fltk\fltk-2.0\ide\vcnet\fltk\fileinput.sbr
d:\working\fltk\fltk-2.0\ide\vcnet\fltk\filename_absolute.sbr
d:\working\fltk\fltk-2.0\ide\vcnet\fltk\filename_ext.sbr
d:\working\fltk\fltk-2.0\ide\vcnet\fltk\filename_isdir.sbr
d:\working\fltk\fltk-2.0\ide\vcnet\fltk\filename_list.sbr
d:\working\fltk\fltk-2.0\ide\vcnet\fltk\filename_match.sbr
d:\working\fltk\fltk-2.0\ide\vcnet\fltk\filename_name.sbr
d:\working\fltk\fltk-2.0\ide\vcnet\fltk\file_chooser.sbr
d:\working\fltk\fltk-2.0\ide\vcnet\fltk\file_chooser.obj
d:\working\fltk\fltk-2.0\ide\vcnet\fltk\filename_name.obj
d:\working\fltk\fltk-2.0\ide\vcnet\fltk\filename_match.obj
d:\working\fltk\fltk-2.0\ide\vcnet\fltk\filename_list.obj
d:\working\fltk\fltk-2.0\ide\vcnet\fltk\filename_isdir.obj
d:\working\fltk\fltk-2.0\ide\vcnet\fltk\filename_ext.obj
d:\working\fltk\fltk-2.0\ide\vcnet\fltk\filename_absolute.obj
d:\working\fltk\fltk-2.0\ide\vcnet\fltk\fileinput.obj
d:\working\fltk\fltk-2.0\ide\vcnet\fltk\fileicon.obj
d:\working\fltk\fltk-2.0\ide\vcnet\fltk\filechooser2.obj
d:\working\fltk\fltk-2.0\ide\vcnet\fltk\filechooser.obj
d:\working\fltk\fltk-2.0\ide\vcnet\fltk\filebrowser.obj
d:\working\fltk\fltk-2.0\ide\vcnet\fltk\event_key_state.obj
d:\working\fltk\fltk-2.0\ide\vcnet\fltk\error.obj
d:\working\fltk\fltk-2.0\ide\vcnet\fltk\engravedlabel.obj
d:\working\fltk\fltk-2.0\ide\vcnet\fltk\drawtext.obj
d:\working\fltk\fltk-2.0\ide\vcnet\fltk\dnd.obj
d:\working\fltk\fltk-2.0\ide\vcnet\fltk\diamondbox.obj
d:\working\fltk\fltk-2.0\ide\vcnet\fltk\dial.obj
d:\working\fltk\fltk-2.0\ide\vcnet\fltk\default_glyph.obj
d:\working\fltk\fltk-2.0\ide\vcnet\fltk\fillrect.sbr
d:\working\fltk\fltk-2.0\ide\vcnet\fltk\floatinput.sbr
d:\working\fltk\fltk-2.0\ide\vcnet\fltk\fltk_theme.sbr
d:\working\fltk\fltk-2.0\ide\vcnet\fltk\fl_menu_item.sbr
d:\working\fltk\fltk-2.0\ide\vcnet\fltk\font.sbr
d:\working\fltk\fltk-2.0\ide\vcnet\fltk\gifimage.sbr
d:\working\fltk\fltk-2.0\ide\vcnet\fltk\group.sbr
d:\working\fltk\fltk-2.0\ide\vcnet\fltk\gsave.sbr
d:\working\fltk\fltk-2.0\ide\vcnet\fltk\helpview.sbr
d:\working\fltk\fltk-2.0\ide\vcnet\fltk\highlightbutton.sbr
d:\working\fltk\fltk-2.0\ide\vcnet\fltk\image.sbr
d:\working\fltk\fltk-2.0\ide\vcnet\fltk\input.sbr
d:\working\fltk\fltk-2.0\ide\vcnet\fltk\inputbrowser.sbr
d:\working\fltk\fltk-2.0\ide\vcnet\fltk\invisiblewidget.sbr
d:\working\fltk\fltk-2.0\ide\vcnet\fltk\item.sbr
d:\working\fltk\fltk-2.0\ide\vcnet\fltk\key_name.sbr
d:\working\fltk\fltk-2.0\ide\vcnet\fltk\lightbutton.sbr
d:\working\fltk\fltk-2.0\ide\vcnet\fltk\list_fonts.sbr
d:\working\fltk\fltk-2.0\ide\vcnet\fltk\load_plugin.sbr
d:\working\fltk\fltk-2.0\ide\vcnet\fltk\lock.sbr
d:\working\fltk\fltk-2.0\ide\vcnet\fltk\lock.obj
d:\working\fltk\fltk-2.0\ide\vcnet\fltk\load_plugin.obj
d:\working\fltk\fltk-2.0\ide\vcnet\fltk\list_fonts.obj
d:\working\fltk\fltk-2.0\ide\vcnet\fltk\lightbutton.obj
d:\working\fltk\fltk-2.0\ide\vcnet\fltk\key_name.obj
d:\working\fltk\fltk-2.0\ide\vcnet\fltk\item.obj
d:\working\fltk\fltk-2.0\ide\vcnet\fltk\invisiblewidget.obj
d:\working\fltk\fltk-2.0\ide\vcnet\fltk\inputbrowser.obj
d:\working\fltk\fltk-2.0\ide\vcnet\fltk\input.obj
d:\working\fltk\fltk-2.0\ide\vcnet\fltk\image.obj
d:\working\fltk\fltk-2.0\ide\vcnet\fltk\highlightbutton.obj
d:\working\fltk\fltk-2.0\ide\vcnet\fltk\helpview.obj
d:\working\fltk\fltk-2.0\ide\vcnet\fltk\gsave.obj
d:\working\fltk\fltk-2.0\ide\vcnet\fltk\group.obj
d:\working\fltk\fltk-2.0\ide\vcnet\fltk\gifimage.obj
d:\working\fltk\fltk-2.0\ide\vcnet\fltk\font.obj
d:\working\fltk\fltk-2.0\ide\vcnet\fltk\fl_menu_item.obj
d:\working\fltk\fltk-2.0\ide\vcnet\fltk\fltk_theme.obj
d:\working\fltk\fltk-2.0\ide\vcnet\fltk\floatinput.obj
d:\working\fltk\fltk-2.0\ide\vcnet\fltk\fillrect.obj
d:\working\fltk\fltk-2.0\ide\vcnet\fltk\menu.sbr
d:\working\fltk\fltk-2.0\ide\vcnet\fltk\menubar.sbr
d:\working\fltk\fltk-2.0\ide\vcnet\fltk\menuwindow.sbr
d:\working\fltk\fltk-2.0\ide\vcnet\fltk\menu_add.sbr
d:\working\fltk\fltk-2.0\ide\vcnet\fltk\menu_global.sbr
d:\working\fltk\fltk-2.0\ide\vcnet\fltk\menu_popup.sbr
d:\working\fltk\fltk-2.0\ide\vcnet\fltk\message.sbr
d:\working\fltk\fltk-2.0\ide\vcnet\fltk\multiimage.sbr
d:\working\fltk\fltk-2.0\ide\vcnet\fltk\numericinput.sbr
d:\working\fltk\fltk-2.0\ide\vcnet\fltk\numericsort.sbr
d:\working\fltk\fltk-2.0\ide\vcnet\fltk\output.sbr
d:\working\fltk\fltk-2.0\ide\vcnet\fltk\ovalbox.sbr
d:\working\fltk\fltk-2.0\ide\vcnet\fltk\overlay_rect.sbr
d:\working\fltk\fltk-2.0\ide\vcnet\fltk\own_colormap.sbr
d:\working\fltk\fltk-2.0\ide\vcnet\fltk\packedgroup.sbr
d:\working\fltk\fltk-2.0\ide\vcnet\fltk\path.sbr
d:\working\fltk\fltk-2.0\ide\vcnet\fltk\plasticbox.sbr
d:\working\fltk\fltk-2.0\ide\vcnet\fltk\popupmenu.sbr
d:\working\fltk\fltk-2.0\ide\vcnet\fltk\preferences.sbr
d:\working\fltk\fltk-2.0\ide\vcnet\fltk\progressbar.sbr
d:\working\fltk\fltk-2.0\ide\vcnet\fltk\progressbar.obj
d:\working\fltk\fltk-2.0\ide\vcnet\fltk\preferences.obj
d:\working\fltk\fltk-2.0\ide\vcnet\fltk\popupmenu.obj
d:\working\fltk\fltk-2.0\ide\vcnet\fltk\plasticbox.obj
d:\working\fltk\fltk-2.0\ide\vcnet\fltk\path.obj
d:\working\fltk\fltk-2.0\ide\vcnet\fltk\packedgroup.obj
d:\working\fltk\fltk-2.0\ide\vcnet\fltk\own_colormap.obj
d:\working\fltk\fltk-2.0\ide\vcnet\fltk\overlay_rect.obj
d:\working\fltk\fltk-2.0\ide\vcnet\fltk\ovalbox.obj
d:\working\fltk\fltk-2.0\ide\vcnet\fltk\output.obj
d:\working\fltk\fltk-2.0\ide\vcnet\fltk\numericsort.obj
d:\working\fltk\fltk-2.0\ide\vcnet\fltk\numericinput.obj
d:\working\fltk\fltk-2.0\ide\vcnet\fltk\multiimage.obj
d:\working\fltk\fltk-2.0\ide\vcnet\fltk\message.obj
d:\working\fltk\fltk-2.0\ide\vcnet\fltk\menu_popup.obj
d:\working\fltk\fltk-2.0\ide\vcnet\fltk\menu_global.obj
d:\working\fltk\fltk-2.0\ide\vcnet\fltk\menu_add.obj
d:\working\fltk\fltk-2.0\ide\vcnet\fltk\menuwindow.obj
d:\working\fltk\fltk-2.0\ide\vcnet\fltk\menubar.obj
d:\working\fltk\fltk-2.0\ide\vcnet\fltk\menu.obj
d:\working\fltk\fltk-2.0\ide\vcnet\fltk\radiobutton.sbr
d:\working\fltk\fltk-2.0\ide\vcnet\fltk\readimage.sbr
d:\working\fltk\fltk-2.0\ide\vcnet\fltk\repeatbutton.sbr
d:\working\fltk\fltk-2.0\ide\vcnet\fltk\returnbutton.sbr
d:\working\fltk\fltk-2.0\ide\vcnet\fltk\roundbox.sbr
d:\working\fltk\fltk-2.0\ide\vcnet\fltk\roundedbox.sbr
d:\working\fltk\fltk-2.0\ide\vcnet\fltk\run.sbr
d:\working\fltk\fltk-2.0\ide\vcnet\fltk\scrollbar.sbr
d:\working\fltk\fltk-2.0\ide\vcnet\fltk\scrollgroup.sbr
d:\working\fltk\fltk-2.0\ide\vcnet\fltk\scrollrect.sbr
d:\working\fltk\fltk-2.0\ide\vcnet\fltk\setcolor.sbr
d:\working\fltk\fltk-2.0\ide\vcnet\fltk\setdisplay.sbr
d:\working\fltk\fltk-2.0\ide\vcnet\fltk\setvisual.sbr
d:\working\fltk\fltk-2.0\ide\vcnet\fltk\shadowbox.sbr
d:\working\fltk\fltk-2.0\ide\vcnet\fltk\shapedwindow.sbr
d:\working\fltk\fltk-2.0\ide\vcnet\fltk\sharedimage.sbr
d:\working\fltk\fltk-2.0\ide\vcnet\fltk\shortcutassignment.sbr
d:\working\fltk\fltk-2.0\ide\vcnet\fltk\show_colormap.sbr
d:\working\fltk\fltk-2.0\ide\vcnet\fltk\slider.sbr
d:\working\fltk\fltk-2.0\ide\vcnet\fltk\statusbargroup.sbr
d:\working\fltk\fltk-2.0\ide\vcnet\fltk\statusbargroup.obj
d:\working\fltk\fltk-2.0\ide\vcnet\fltk\slider.obj
d:\working\fltk\fltk-2.0\ide\vcnet\fltk\show_colormap.obj
d:\working\fltk\fltk-2.0\ide\vcnet\fltk\shortcutassignment.obj
d:\working\fltk\fltk-2.0\ide\vcnet\fltk\sharedimage.obj
d:\working\fltk\fltk-2.0\ide\vcnet\fltk\shapedwindow.obj
d:\working\fltk\fltk-2.0\ide\vcnet\fltk\shadowbox.obj
d:\working\fltk\fltk-2.0\ide\vcnet\fltk\setvisual.obj
d:\working\fltk\fltk-2.0\ide\vcnet\fltk\setdisplay.obj
d:\working\fltk\fltk-2.0\ide\vcnet\fltk\setcolor.obj
d:\working\fltk\fltk-2.0\ide\vcnet\fltk\scrollrect.obj
d:\working\fltk\fltk-2.0\ide\vcnet\fltk\scrollgroup.obj
d:\working\fltk\fltk-2.0\ide\vcnet\fltk\scrollbar.obj
d:\working\fltk\fltk-2.0\ide\vcnet\fltk\run.obj
d:\working\fltk\fltk-2.0\ide\vcnet\fltk\roundedbox.obj
d:\working\fltk\fltk-2.0\ide\vcnet\fltk\roundbox.obj
d:\working\fltk\fltk-2.0\ide\vcnet\fltk\returnbutton.obj
d:\working\fltk\fltk-2.0\ide\vcnet\fltk\repeatbutton.obj
d:\working\fltk\fltk-2.0\ide\vcnet\fltk\readimage.obj
d:\working\fltk\fltk-2.0\ide\vcnet\fltk\radiobutton.obj
d:\working\fltk\fltk-2.0\ide\vcnet\fltk\stringlist.sbr
d:\working\fltk\fltk-2.0\ide\vcnet\fltk\style.sbr
d:\working\fltk\fltk-2.0\ide\vcnet\fltk\styleset.sbr
d:\working\fltk\fltk-2.0\ide\vcnet\fltk\symbol.sbr
d:\working\fltk\fltk-2.0\ide\vcnet\fltk\tabgroup.sbr
d:\working\fltk\fltk-2.0\ide\vcnet\fltk\tabgroup2.sbr
d:\working\fltk\fltk-2.0\ide\vcnet\fltk\textbuffer.sbr
d:\working\fltk\fltk-2.0\ide\vcnet\fltk\textdisplay.sbr
d:\working\fltk\fltk-2.0\ide\vcnet\fltk\texteditor.sbr
d:\working\fltk\fltk-2.0\ide\vcnet\fltk\thumbwheel.sbr
d:\working\fltk\fltk-2.0\ide\vcnet\fltk\tiledgroup.sbr
d:\working\fltk\fltk-2.0\ide\vcnet\fltk\tiledimage.sbr
d:\working\fltk\fltk-2.0\ide\vcnet\fltk\tooltip.sbr
d:\working\fltk\fltk-2.0\ide\vcnet\fltk\upbox.sbr
d:\working\fltk\fltk-2.0\ide\vcnet\fltk\valuator.sbr
d:\working\fltk\fltk-2.0\ide\vcnet\fltk\valueinput.sbr
d:\working\fltk\fltk-2.0\ide\vcnet\fltk\valueoutput.sbr
d:\working\fltk\fltk-2.0\ide\vcnet\fltk\valueslider.sbr
d:\working\fltk\fltk-2.0\ide\vcnet\fltk\widget.sbr
d:\working\fltk\fltk-2.0\ide\vcnet\fltk\widgetassociation.sbr
d:\working\fltk\fltk-2.0\ide\vcnet\fltk\widgetassociation.obj
d:\working\fltk\fltk-2.0\ide\vcnet\fltk\widget.obj
d:\working\fltk\fltk-2.0\ide\vcnet\fltk\valueslider.obj
d:\working\fltk\fltk-2.0\ide\vcnet\fltk\valueoutput.obj
d:\working\fltk\fltk-2.0\ide\vcnet\fltk\valueinput.obj
d:\working\fltk\fltk-2.0\ide\vcnet\fltk\valuator.obj
d:\working\fltk\fltk-2.0\ide\vcnet\fltk\upbox.obj
d:\working\fltk\fltk-2.0\ide\vcnet\fltk\tooltip.obj
d:\working\fltk\fltk-2.0\ide\vcnet\fltk\tiledimage.obj
d:\working\fltk\fltk-2.0\ide\vcnet\fltk\tiledgroup.obj
d:\working\fltk\fltk-2.0\ide\vcnet\fltk\thumbwheel.obj
d:\working\fltk\fltk-2.0\ide\vcnet\fltk\texteditor.obj
d:\working\fltk\fltk-2.0\ide\vcnet\fltk\textdisplay.obj
d:\working\fltk\fltk-2.0\ide\vcnet\fltk\textbuffer.obj
d:\working\fltk\fltk-2.0\ide\vcnet\fltk\tabgroup2.obj
d:\working\fltk\fltk-2.0\ide\vcnet\fltk\tabgroup.obj
d:\working\fltk\fltk-2.0\ide\vcnet\fltk\symbol.obj
d:\working\fltk\fltk-2.0\ide\vcnet\fltk\styleset.obj
d:\working\fltk\fltk-2.0\ide\vcnet\fltk\style.obj
d:\working\fltk\fltk-2.0\ide\vcnet\fltk\stringlist.obj
d:\working\fltk\fltk-2.0\ide\vcnet\fltk\widget_draw.sbr
d:\working\fltk\fltk-2.0\ide\vcnet\fltk\winmain.sbr
d:\working\fltk\fltk-2.0\ide\vcnet\fltk\window.sbr
d:\working\fltk\fltk-2.0\ide\vcnet\fltk\window_fullscreen.sbr
d:\working\fltk\fltk-2.0\ide\vcnet\fltk\window_hotspot.sbr
d:\working\fltk\fltk-2.0\ide\vcnet\fltk\window_iconize.sbr
d:\working\fltk\fltk-2.0\ide\vcnet\fltk\wizardgroup.sbr
d:\working\fltk\fltk-2.0\ide\vcnet\fltk\xbmimage.sbr
d:\working\fltk\fltk-2.0\ide\vcnet\fltk\xpmimage.sbr
d:\working\fltk\fltk-2.0\ide\vcnet\fltk\xpmimage.obj
d:\working\fltk\fltk-2.0\ide\vcnet\fltk\xbmimage.obj
d:\working\fltk\fltk-2.0\ide\vcnet\fltk\wizardgroup.obj
d:\working\fltk\fltk-2.0\ide\vcnet\fltk\window_iconize.obj
d:\working\fltk\fltk-2.0\ide\vcnet\fltk\window_hotspot.obj
d:\working\fltk\fltk-2.0\ide\vcnet\fltk\window_fullscreen.obj
d:\working\fltk\fltk-2.0\ide\vcnet\fltk\window.obj
d:\working\fltk\fltk-2.0\ide\vcnet\fltk\winmain.obj
d:\working\fltk\fltk-2.0\ide\vcnet\fltk\widget_draw.obj
d:\working\fltk\fltk-2.0\ide\vcnet\fltk\scandir.sbr
d:\working\fltk\fltk-2.0\ide\vcnet\fltk\string.sbr
d:\working\fltk\fltk-2.0\ide\vcnet\fltk\utf.sbr
d:\working\fltk\fltk-2.0\ide\vcnet\fltk\vsnprintf.sbr
d:\working\fltk\fltk-2.0\ide\vcnet\fltk\vsnprintf.obj
d:\working\fltk\fltk-2.0\ide\vcnet\fltk\utf.obj
d:\working\fltk\fltk-2.0\ide\vcnet\fltk\string.obj
d:\working\fltk\fltk-2.0\ide\vcnet\fltk\scandir.obj
d:\working\fltk\fltk-2.0\lib\fltk2.lib
d:\working\fltk\fltk-2.0\ide\vcnet\fltk\fltk.tlog\bscmake.command.1.tlog
d:\working\fltk\fltk-2.0\ide\vcnet\fltk\fltk.tlog\bscmake.read.1.tlog
d:\working\fltk\fltk-2.0\ide\vcnet\fltk\fltk.tlog\bscmake.write.1.tlog
d:\working\fltk\fltk-2.0\ide\vcnet\fltk\fltk.tlog\cl.command.1.tlog
d:\working\fltk\fltk-2.0\ide\vcnet\fltk\fltk.tlog\cl.read.1.tlog
d:\working\fltk\fltk-2.0\ide\vcnet\fltk\fltk.tlog\cl.write.1.tlog
d:\working\fltk\fltk-2.0\ide\vcnet\fltk\fltk.tlog\lib-link.read.1.tlog
d:\working\fltk\fltk-2.0\ide\vcnet\fltk\fltk.tlog\lib-link.write.1.tlog
d:\working\fltk\fltk-2.0\ide\vcnet\fltk\fltk.tlog\lib.command.1.tlog
