d:\working\fltk\fltk-2.0\ide\vcnet\output_\output.bsc
d:\working\fltk\fltk-2.0\ide\vcnet\output_\vc140.pdb
d:\working\fltk\fltk-2.0\ide\vcnet\output_\vc140.idb
d:\working\fltk\fltk-2.0\ide\vcnet\output_\output.sbr
d:\working\fltk\fltk-2.0\ide\vcnet\output_\output.obj
z:\working\gui\fltk\fltk-2.0\test\outputd.ilk
z:\working\gui\fltk\fltk-2.0\test\outputd.exe
z:\working\gui\fltk\fltk-2.0\ide\vcnet\output_\outputd.pdb
d:\working\fltk\fltk-2.0\test\outputd.ilk
d:\working\fltk\fltk-2.0\test\outputd.exe
d:\working\fltk\fltk-2.0\ide\vcnet\output_\outputd.pdb
d:\working\fltk\fltk-2.0\ide\vcnet\output_\output.tlog\bscmake.command.1.tlog
d:\working\fltk\fltk-2.0\ide\vcnet\output_\output.tlog\bscmake.read.1.tlog
d:\working\fltk\fltk-2.0\ide\vcnet\output_\output.tlog\bscmake.write.1.tlog
d:\working\fltk\fltk-2.0\ide\vcnet\output_\output.tlog\cl.command.1.tlog
d:\working\fltk\fltk-2.0\ide\vcnet\output_\output.tlog\cl.read.1.tlog
d:\working\fltk\fltk-2.0\ide\vcnet\output_\output.tlog\cl.write.1.tlog
d:\working\fltk\fltk-2.0\ide\vcnet\output_\output.tlog\link.command.1.tlog
d:\working\fltk\fltk-2.0\ide\vcnet\output_\output.tlog\link.read.1.tlog
d:\working\fltk\fltk-2.0\ide\vcnet\output_\output.tlog\link.write.1.tlog
