d:\working\fltk\fltk-2.0\ide\vcnet\mandelbrot_\mandelbrot.bsc
z:\working\gui\fltk\fltk-2.0\ide\vcnet\mandelbrot_\vc140.pdb
d:\working\fltk\fltk-2.0\ide\vcnet\mandelbrot_\vc140.pdb
d:\working\fltk\fltk-2.0\ide\vcnet\mandelbrot_\vc140.idb
d:\working\fltk\fltk-2.0\ide\vcnet\mandelbrot_\mandelbrot_ui.sbr
d:\working\fltk\fltk-2.0\ide\vcnet\mandelbrot_\mandelbrot.sbr
d:\working\fltk\fltk-2.0\ide\vcnet\mandelbrot_\mandelbrot.obj
d:\working\fltk\fltk-2.0\ide\vcnet\mandelbrot_\mandelbrot_ui.obj
z:\working\gui\fltk\fltk-2.0\test\mandelbrotd.ilk
z:\working\gui\fltk\fltk-2.0\test\mandelbrotd.exe
z:\working\gui\fltk\fltk-2.0\ide\vcnet\mandelbrot_\mandelbrotd.pdb
d:\working\fltk\fltk-2.0\test\mandelbrotd.ilk
d:\working\fltk\fltk-2.0\test\mandelbrotd.exe
d:\working\fltk\fltk-2.0\ide\vcnet\mandelbrot_\mandelbrotd.pdb
d:\working\fltk\fltk-2.0\ide\vcnet\mandelbrot_\mandelbrot.tlog\bscmake.command.1.tlog
d:\working\fltk\fltk-2.0\ide\vcnet\mandelbrot_\mandelbrot.tlog\bscmake.read.1.tlog
d:\working\fltk\fltk-2.0\ide\vcnet\mandelbrot_\mandelbrot.tlog\bscmake.write.1.tlog
d:\working\fltk\fltk-2.0\ide\vcnet\mandelbrot_\mandelbrot.tlog\cl.command.1.tlog
d:\working\fltk\fltk-2.0\ide\vcnet\mandelbrot_\mandelbrot.tlog\cl.read.1.tlog
d:\working\fltk\fltk-2.0\ide\vcnet\mandelbrot_\mandelbrot.tlog\cl.write.1.tlog
d:\working\fltk\fltk-2.0\ide\vcnet\mandelbrot_\mandelbrot.tlog\link.command.1.tlog
d:\working\fltk\fltk-2.0\ide\vcnet\mandelbrot_\mandelbrot.tlog\link.read.1.tlog
d:\working\fltk\fltk-2.0\ide\vcnet\mandelbrot_\mandelbrot.tlog\link.write.1.tlog
