d:\working\fltk\fltk-2.0\ide\vcnet\symbols_\symbols.bsc
d:\working\fltk\fltk-2.0\ide\vcnet\symbols_\vc140.pdb
d:\working\fltk\fltk-2.0\ide\vcnet\symbols_\vc140.idb
d:\working\fltk\fltk-2.0\ide\vcnet\symbols_\symbols.sbr
d:\working\fltk\fltk-2.0\ide\vcnet\symbols_\symbols.obj
z:\working\gui\fltk\fltk-2.0\test\symbolsd.ilk
z:\working\gui\fltk\fltk-2.0\test\symbolsd.exe
z:\working\gui\fltk\fltk-2.0\ide\vcnet\symbols_\symbolsd.pdb
d:\working\fltk\fltk-2.0\test\symbolsd.ilk
d:\working\fltk\fltk-2.0\test\symbolsd.exe
d:\working\fltk\fltk-2.0\ide\vcnet\symbols_\symbolsd.pdb
d:\working\fltk\fltk-2.0\ide\vcnet\symbols_\symbols.tlog\bscmake.command.1.tlog
d:\working\fltk\fltk-2.0\ide\vcnet\symbols_\symbols.tlog\bscmake.read.1.tlog
d:\working\fltk\fltk-2.0\ide\vcnet\symbols_\symbols.tlog\bscmake.write.1.tlog
d:\working\fltk\fltk-2.0\ide\vcnet\symbols_\symbols.tlog\cl.command.1.tlog
d:\working\fltk\fltk-2.0\ide\vcnet\symbols_\symbols.tlog\cl.read.1.tlog
d:\working\fltk\fltk-2.0\ide\vcnet\symbols_\symbols.tlog\cl.write.1.tlog
d:\working\fltk\fltk-2.0\ide\vcnet\symbols_\symbols.tlog\link.command.1.tlog
d:\working\fltk\fltk-2.0\ide\vcnet\symbols_\symbols.tlog\link.read.1.tlog
d:\working\fltk\fltk-2.0\ide\vcnet\symbols_\symbols.tlog\link.write.1.tlog
