d:\working\fltk\fltk-2.0\ide\vcnet\fltkd\fltk_images.lib.bsc
z:\working\gui\fltk\fltk-2.0\ide\vcnet\fltkd\fltk_images.pdb
d:\working\fltk\fltk-2.0\ide\vcnet\fltkd\fltk_images.pdb
d:\working\fltk\fltk-2.0\ide\vcnet\fltkd\fltk_images.idb
d:\working\fltk\fltk-2.0\ide\vcnet\fltkd\xpmfileimage.sbr
d:\working\fltk\fltk-2.0\ide\vcnet\fltkd\pnmimage.sbr
d:\working\fltk\fltk-2.0\ide\vcnet\fltkd\images_core.sbr
d:\working\fltk\fltk-2.0\ide\vcnet\fltkd\helpdialog.sbr
d:\working\fltk\fltk-2.0\ide\vcnet\fltkd\fl_png.sbr
d:\working\fltk\fltk-2.0\ide\vcnet\fltkd\fl_jpeg.sbr
d:\working\fltk\fltk-2.0\ide\vcnet\fltkd\fl_guess_image.sbr
d:\working\fltk\fltk-2.0\ide\vcnet\fltkd\fileicon2.sbr
d:\working\fltk\fltk-2.0\ide\vcnet\fltkd\fileicon2.obj
d:\working\fltk\fltk-2.0\ide\vcnet\fltkd\fl_guess_image.obj
d:\working\fltk\fltk-2.0\ide\vcnet\fltkd\fl_jpeg.obj
d:\working\fltk\fltk-2.0\ide\vcnet\fltkd\fl_png.obj
d:\working\fltk\fltk-2.0\ide\vcnet\fltkd\helpdialog.obj
d:\working\fltk\fltk-2.0\ide\vcnet\fltkd\images_core.obj
d:\working\fltk\fltk-2.0\ide\vcnet\fltkd\pnmimage.obj
d:\working\fltk\fltk-2.0\ide\vcnet\fltkd\xpmfileimage.obj
z:\working\gui\fltk\fltk-2.0\lib\fltk2_imagesd.lib
d:\working\fltk\fltk-2.0\lib\fltk2_imagesd.lib
d:\working\fltk\fltk-2.0\ide\vcnet\fltkd\fltk_images.tlog\bscmake.command.1.tlog
d:\working\fltk\fltk-2.0\ide\vcnet\fltkd\fltk_images.tlog\bscmake.read.1.tlog
d:\working\fltk\fltk-2.0\ide\vcnet\fltkd\fltk_images.tlog\bscmake.write.1.tlog
d:\working\fltk\fltk-2.0\ide\vcnet\fltkd\fltk_images.tlog\cl.command.1.tlog
d:\working\fltk\fltk-2.0\ide\vcnet\fltkd\fltk_images.tlog\cl.read.1.tlog
d:\working\fltk\fltk-2.0\ide\vcnet\fltkd\fltk_images.tlog\cl.write.1.tlog
d:\working\fltk\fltk-2.0\ide\vcnet\fltkd\fltk_images.tlog\lib-link.read.1.tlog
d:\working\fltk\fltk-2.0\ide\vcnet\fltkd\fltk_images.tlog\lib-link.write.1.tlog
d:\working\fltk\fltk-2.0\ide\vcnet\fltkd\fltk_images.tlog\lib.command.1.tlog
