d:\working\fltk\fltk-2.0\ide\vcnet\fltkd\fltk.lib.bsc
z:\working\gui\fltk\fltk-2.0\ide\vcnet\fltkd\fltk.pdb
d:\working\fltk\fltk-2.0\ide\vcnet\fltkd\fltk.pdb
d:\working\fltk\fltk-2.0\ide\vcnet\fltkd\fltk.idb
d:\working\fltk\fltk-2.0\ide\vcnet\fltkd\xpmimage.sbr
d:\working\fltk\fltk-2.0\ide\vcnet\fltkd\xbmimage.sbr
d:\working\fltk\fltk-2.0\ide\vcnet\fltkd\wizardgroup.sbr
d:\working\fltk\fltk-2.0\ide\vcnet\fltkd\window_iconize.sbr
d:\working\fltk\fltk-2.0\ide\vcnet\fltkd\window_hotspot.sbr
d:\working\fltk\fltk-2.0\ide\vcnet\fltkd\window_fullscreen.sbr
d:\working\fltk\fltk-2.0\ide\vcnet\fltkd\window.sbr
d:\working\fltk\fltk-2.0\ide\vcnet\fltkd\winmain.sbr
d:\working\fltk\fltk-2.0\ide\vcnet\fltkd\widget_draw.sbr
d:\working\fltk\fltk-2.0\ide\vcnet\fltkd\widgetassociation.sbr
d:\working\fltk\fltk-2.0\ide\vcnet\fltkd\widget.sbr
d:\working\fltk\fltk-2.0\ide\vcnet\fltkd\valueslider.sbr
d:\working\fltk\fltk-2.0\ide\vcnet\fltkd\valueoutput.sbr
d:\working\fltk\fltk-2.0\ide\vcnet\fltkd\valueinput.sbr
d:\working\fltk\fltk-2.0\ide\vcnet\fltkd\valuator.sbr
d:\working\fltk\fltk-2.0\ide\vcnet\fltkd\upbox.sbr
d:\working\fltk\fltk-2.0\ide\vcnet\fltkd\tooltip.sbr
d:\working\fltk\fltk-2.0\ide\vcnet\fltkd\tiledimage.sbr
d:\working\fltk\fltk-2.0\ide\vcnet\fltkd\tiledgroup.sbr
d:\working\fltk\fltk-2.0\ide\vcnet\fltkd\thumbwheel.sbr
d:\working\fltk\fltk-2.0\ide\vcnet\fltkd\thumbwheel.obj
d:\working\fltk\fltk-2.0\ide\vcnet\fltkd\tiledgroup.obj
d:\working\fltk\fltk-2.0\ide\vcnet\fltkd\tiledimage.obj
d:\working\fltk\fltk-2.0\ide\vcnet\fltkd\tooltip.obj
d:\working\fltk\fltk-2.0\ide\vcnet\fltkd\upbox.obj
d:\working\fltk\fltk-2.0\ide\vcnet\fltkd\valuator.obj
d:\working\fltk\fltk-2.0\ide\vcnet\fltkd\valueinput.obj
d:\working\fltk\fltk-2.0\ide\vcnet\fltkd\valueoutput.obj
d:\working\fltk\fltk-2.0\ide\vcnet\fltkd\valueslider.obj
d:\working\fltk\fltk-2.0\ide\vcnet\fltkd\widget.obj
d:\working\fltk\fltk-2.0\ide\vcnet\fltkd\widgetassociation.obj
d:\working\fltk\fltk-2.0\ide\vcnet\fltkd\widget_draw.obj
d:\working\fltk\fltk-2.0\ide\vcnet\fltkd\winmain.obj
d:\working\fltk\fltk-2.0\ide\vcnet\fltkd\window.obj
d:\working\fltk\fltk-2.0\ide\vcnet\fltkd\window_fullscreen.obj
d:\working\fltk\fltk-2.0\ide\vcnet\fltkd\window_hotspot.obj
d:\working\fltk\fltk-2.0\ide\vcnet\fltkd\window_iconize.obj
d:\working\fltk\fltk-2.0\ide\vcnet\fltkd\wizardgroup.obj
d:\working\fltk\fltk-2.0\ide\vcnet\fltkd\xbmimage.obj
d:\working\fltk\fltk-2.0\ide\vcnet\fltkd\xpmimage.obj
d:\working\fltk\fltk-2.0\ide\vcnet\fltkd\texteditor.sbr
d:\working\fltk\fltk-2.0\ide\vcnet\fltkd\textdisplay.sbr
d:\working\fltk\fltk-2.0\ide\vcnet\fltkd\textbuffer.sbr
d:\working\fltk\fltk-2.0\ide\vcnet\fltkd\tabgroup2.sbr
d:\working\fltk\fltk-2.0\ide\vcnet\fltkd\tabgroup.sbr
d:\working\fltk\fltk-2.0\ide\vcnet\fltkd\symbol.sbr
d:\working\fltk\fltk-2.0\ide\vcnet\fltkd\styleset.sbr
d:\working\fltk\fltk-2.0\ide\vcnet\fltkd\style.sbr
d:\working\fltk\fltk-2.0\ide\vcnet\fltkd\stringlist.sbr
d:\working\fltk\fltk-2.0\ide\vcnet\fltkd\statusbargroup.sbr
d:\working\fltk\fltk-2.0\ide\vcnet\fltkd\slider.sbr
d:\working\fltk\fltk-2.0\ide\vcnet\fltkd\show_colormap.sbr
d:\working\fltk\fltk-2.0\ide\vcnet\fltkd\shortcutassignment.sbr
d:\working\fltk\fltk-2.0\ide\vcnet\fltkd\sharedimage.sbr
d:\working\fltk\fltk-2.0\ide\vcnet\fltkd\shapedwindow.sbr
d:\working\fltk\fltk-2.0\ide\vcnet\fltkd\shadowbox.sbr
d:\working\fltk\fltk-2.0\ide\vcnet\fltkd\setvisual.sbr
d:\working\fltk\fltk-2.0\ide\vcnet\fltkd\setdisplay.sbr
d:\working\fltk\fltk-2.0\ide\vcnet\fltkd\setcolor.sbr
d:\working\fltk\fltk-2.0\ide\vcnet\fltkd\scrollrect.sbr
d:\working\fltk\fltk-2.0\ide\vcnet\fltkd\scrollrect.obj
d:\working\fltk\fltk-2.0\ide\vcnet\fltkd\setcolor.obj
d:\working\fltk\fltk-2.0\ide\vcnet\fltkd\setdisplay.obj
d:\working\fltk\fltk-2.0\ide\vcnet\fltkd\setvisual.obj
d:\working\fltk\fltk-2.0\ide\vcnet\fltkd\shadowbox.obj
d:\working\fltk\fltk-2.0\ide\vcnet\fltkd\shapedwindow.obj
d:\working\fltk\fltk-2.0\ide\vcnet\fltkd\sharedimage.obj
d:\working\fltk\fltk-2.0\ide\vcnet\fltkd\shortcutassignment.obj
d:\working\fltk\fltk-2.0\ide\vcnet\fltkd\show_colormap.obj
d:\working\fltk\fltk-2.0\ide\vcnet\fltkd\slider.obj
d:\working\fltk\fltk-2.0\ide\vcnet\fltkd\statusbargroup.obj
d:\working\fltk\fltk-2.0\ide\vcnet\fltkd\stringlist.obj
d:\working\fltk\fltk-2.0\ide\vcnet\fltkd\style.obj
d:\working\fltk\fltk-2.0\ide\vcnet\fltkd\styleset.obj
d:\working\fltk\fltk-2.0\ide\vcnet\fltkd\symbol.obj
d:\working\fltk\fltk-2.0\ide\vcnet\fltkd\tabgroup.obj
d:\working\fltk\fltk-2.0\ide\vcnet\fltkd\tabgroup2.obj
d:\working\fltk\fltk-2.0\ide\vcnet\fltkd\textbuffer.obj
d:\working\fltk\fltk-2.0\ide\vcnet\fltkd\textdisplay.obj
d:\working\fltk\fltk-2.0\ide\vcnet\fltkd\texteditor.obj
d:\working\fltk\fltk-2.0\ide\vcnet\fltkd\scrollgroup.sbr
d:\working\fltk\fltk-2.0\ide\vcnet\fltkd\scrollbar.sbr
d:\working\fltk\fltk-2.0\ide\vcnet\fltkd\run.sbr
d:\working\fltk\fltk-2.0\ide\vcnet\fltkd\roundedbox.sbr
d:\working\fltk\fltk-2.0\ide\vcnet\fltkd\roundbox.sbr
d:\working\fltk\fltk-2.0\ide\vcnet\fltkd\returnbutton.sbr
d:\working\fltk\fltk-2.0\ide\vcnet\fltkd\repeatbutton.sbr
d:\working\fltk\fltk-2.0\ide\vcnet\fltkd\readimage.sbr
d:\working\fltk\fltk-2.0\ide\vcnet\fltkd\radiobutton.sbr
d:\working\fltk\fltk-2.0\ide\vcnet\fltkd\progressbar.sbr
d:\working\fltk\fltk-2.0\ide\vcnet\fltkd\preferences.sbr
d:\working\fltk\fltk-2.0\ide\vcnet\fltkd\popupmenu.sbr
d:\working\fltk\fltk-2.0\ide\vcnet\fltkd\plasticbox.sbr
d:\working\fltk\fltk-2.0\ide\vcnet\fltkd\path.sbr
d:\working\fltk\fltk-2.0\ide\vcnet\fltkd\packedgroup.sbr
d:\working\fltk\fltk-2.0\ide\vcnet\fltkd\own_colormap.sbr
d:\working\fltk\fltk-2.0\ide\vcnet\fltkd\overlay_rect.sbr
d:\working\fltk\fltk-2.0\ide\vcnet\fltkd\ovalbox.sbr
d:\working\fltk\fltk-2.0\ide\vcnet\fltkd\output.sbr
d:\working\fltk\fltk-2.0\ide\vcnet\fltkd\numericsort.sbr
d:\working\fltk\fltk-2.0\ide\vcnet\fltkd\numericsort.obj
d:\working\fltk\fltk-2.0\ide\vcnet\fltkd\output.obj
d:\working\fltk\fltk-2.0\ide\vcnet\fltkd\ovalbox.obj
d:\working\fltk\fltk-2.0\ide\vcnet\fltkd\overlay_rect.obj
d:\working\fltk\fltk-2.0\ide\vcnet\fltkd\own_colormap.obj
d:\working\fltk\fltk-2.0\ide\vcnet\fltkd\packedgroup.obj
d:\working\fltk\fltk-2.0\ide\vcnet\fltkd\path.obj
d:\working\fltk\fltk-2.0\ide\vcnet\fltkd\plasticbox.obj
d:\working\fltk\fltk-2.0\ide\vcnet\fltkd\popupmenu.obj
d:\working\fltk\fltk-2.0\ide\vcnet\fltkd\preferences.obj
d:\working\fltk\fltk-2.0\ide\vcnet\fltkd\progressbar.obj
d:\working\fltk\fltk-2.0\ide\vcnet\fltkd\radiobutton.obj
d:\working\fltk\fltk-2.0\ide\vcnet\fltkd\readimage.obj
d:\working\fltk\fltk-2.0\ide\vcnet\fltkd\repeatbutton.obj
d:\working\fltk\fltk-2.0\ide\vcnet\fltkd\returnbutton.obj
d:\working\fltk\fltk-2.0\ide\vcnet\fltkd\roundbox.obj
d:\working\fltk\fltk-2.0\ide\vcnet\fltkd\roundedbox.obj
d:\working\fltk\fltk-2.0\ide\vcnet\fltkd\run.obj
d:\working\fltk\fltk-2.0\ide\vcnet\fltkd\scrollbar.obj
d:\working\fltk\fltk-2.0\ide\vcnet\fltkd\scrollgroup.obj
d:\working\fltk\fltk-2.0\ide\vcnet\fltkd\numericinput.sbr
d:\working\fltk\fltk-2.0\ide\vcnet\fltkd\multiimage.sbr
d:\working\fltk\fltk-2.0\ide\vcnet\fltkd\message.sbr
d:\working\fltk\fltk-2.0\ide\vcnet\fltkd\menu_popup.sbr
d:\working\fltk\fltk-2.0\ide\vcnet\fltkd\menu_global.sbr
d:\working\fltk\fltk-2.0\ide\vcnet\fltkd\menu_add.sbr
d:\working\fltk\fltk-2.0\ide\vcnet\fltkd\menuwindow.sbr
d:\working\fltk\fltk-2.0\ide\vcnet\fltkd\menubar.sbr
d:\working\fltk\fltk-2.0\ide\vcnet\fltkd\menu.sbr
d:\working\fltk\fltk-2.0\ide\vcnet\fltkd\lock.sbr
d:\working\fltk\fltk-2.0\ide\vcnet\fltkd\load_plugin.sbr
d:\working\fltk\fltk-2.0\ide\vcnet\fltkd\list_fonts.sbr
d:\working\fltk\fltk-2.0\ide\vcnet\fltkd\lightbutton.sbr
d:\working\fltk\fltk-2.0\ide\vcnet\fltkd\key_name.sbr
d:\working\fltk\fltk-2.0\ide\vcnet\fltkd\item.sbr
d:\working\fltk\fltk-2.0\ide\vcnet\fltkd\invisiblewidget.sbr
d:\working\fltk\fltk-2.0\ide\vcnet\fltkd\inputbrowser.sbr
d:\working\fltk\fltk-2.0\ide\vcnet\fltkd\input.sbr
d:\working\fltk\fltk-2.0\ide\vcnet\fltkd\image.sbr
d:\working\fltk\fltk-2.0\ide\vcnet\fltkd\highlightbutton.sbr
d:\working\fltk\fltk-2.0\ide\vcnet\fltkd\highlightbutton.obj
d:\working\fltk\fltk-2.0\ide\vcnet\fltkd\image.obj
d:\working\fltk\fltk-2.0\ide\vcnet\fltkd\input.obj
d:\working\fltk\fltk-2.0\ide\vcnet\fltkd\inputbrowser.obj
d:\working\fltk\fltk-2.0\ide\vcnet\fltkd\invisiblewidget.obj
d:\working\fltk\fltk-2.0\ide\vcnet\fltkd\item.obj
d:\working\fltk\fltk-2.0\ide\vcnet\fltkd\key_name.obj
d:\working\fltk\fltk-2.0\ide\vcnet\fltkd\lightbutton.obj
d:\working\fltk\fltk-2.0\ide\vcnet\fltkd\list_fonts.obj
d:\working\fltk\fltk-2.0\ide\vcnet\fltkd\load_plugin.obj
d:\working\fltk\fltk-2.0\ide\vcnet\fltkd\lock.obj
d:\working\fltk\fltk-2.0\ide\vcnet\fltkd\menu.obj
d:\working\fltk\fltk-2.0\ide\vcnet\fltkd\menubar.obj
d:\working\fltk\fltk-2.0\ide\vcnet\fltkd\menuwindow.obj
d:\working\fltk\fltk-2.0\ide\vcnet\fltkd\menu_add.obj
d:\working\fltk\fltk-2.0\ide\vcnet\fltkd\menu_global.obj
d:\working\fltk\fltk-2.0\ide\vcnet\fltkd\menu_popup.obj
d:\working\fltk\fltk-2.0\ide\vcnet\fltkd\message.obj
d:\working\fltk\fltk-2.0\ide\vcnet\fltkd\multiimage.obj
d:\working\fltk\fltk-2.0\ide\vcnet\fltkd\numericinput.obj
d:\working\fltk\fltk-2.0\ide\vcnet\fltkd\helpview.sbr
d:\working\fltk\fltk-2.0\ide\vcnet\fltkd\gsave.sbr
d:\working\fltk\fltk-2.0\ide\vcnet\fltkd\group.sbr
d:\working\fltk\fltk-2.0\ide\vcnet\fltkd\gifimage.sbr
d:\working\fltk\fltk-2.0\ide\vcnet\fltkd\font.sbr
d:\working\fltk\fltk-2.0\ide\vcnet\fltkd\fl_menu_item.sbr
d:\working\fltk\fltk-2.0\ide\vcnet\fltkd\fltk_theme.sbr
d:\working\fltk\fltk-2.0\ide\vcnet\fltkd\floatinput.sbr
d:\working\fltk\fltk-2.0\ide\vcnet\fltkd\fillrect.sbr
d:\working\fltk\fltk-2.0\ide\vcnet\fltkd\file_chooser.sbr
d:\working\fltk\fltk-2.0\ide\vcnet\fltkd\filename_name.sbr
d:\working\fltk\fltk-2.0\ide\vcnet\fltkd\filename_match.sbr
d:\working\fltk\fltk-2.0\ide\vcnet\fltkd\filename_list.sbr
d:\working\fltk\fltk-2.0\ide\vcnet\fltkd\filename_isdir.sbr
d:\working\fltk\fltk-2.0\ide\vcnet\fltkd\filename_ext.sbr
d:\working\fltk\fltk-2.0\ide\vcnet\fltkd\filename_absolute.sbr
d:\working\fltk\fltk-2.0\ide\vcnet\fltkd\fileinput.sbr
d:\working\fltk\fltk-2.0\ide\vcnet\fltkd\fileicon.sbr
d:\working\fltk\fltk-2.0\ide\vcnet\fltkd\filechooser2.sbr
d:\working\fltk\fltk-2.0\ide\vcnet\fltkd\filechooser.sbr
d:\working\fltk\fltk-2.0\ide\vcnet\fltkd\filechooser.obj
d:\working\fltk\fltk-2.0\ide\vcnet\fltkd\filechooser2.obj
d:\working\fltk\fltk-2.0\ide\vcnet\fltkd\fileicon.obj
d:\working\fltk\fltk-2.0\ide\vcnet\fltkd\fileinput.obj
d:\working\fltk\fltk-2.0\ide\vcnet\fltkd\filename_absolute.obj
d:\working\fltk\fltk-2.0\ide\vcnet\fltkd\filename_ext.obj
d:\working\fltk\fltk-2.0\ide\vcnet\fltkd\filename_isdir.obj
d:\working\fltk\fltk-2.0\ide\vcnet\fltkd\filename_list.obj
d:\working\fltk\fltk-2.0\ide\vcnet\fltkd\filename_match.obj
d:\working\fltk\fltk-2.0\ide\vcnet\fltkd\filename_name.obj
d:\working\fltk\fltk-2.0\ide\vcnet\fltkd\file_chooser.obj
d:\working\fltk\fltk-2.0\ide\vcnet\fltkd\fillrect.obj
d:\working\fltk\fltk-2.0\ide\vcnet\fltkd\floatinput.obj
d:\working\fltk\fltk-2.0\ide\vcnet\fltkd\fltk_theme.obj
d:\working\fltk\fltk-2.0\ide\vcnet\fltkd\fl_menu_item.obj
d:\working\fltk\fltk-2.0\ide\vcnet\fltkd\font.obj
d:\working\fltk\fltk-2.0\ide\vcnet\fltkd\gifimage.obj
d:\working\fltk\fltk-2.0\ide\vcnet\fltkd\group.obj
d:\working\fltk\fltk-2.0\ide\vcnet\fltkd\gsave.obj
d:\working\fltk\fltk-2.0\ide\vcnet\fltkd\helpview.obj
d:\working\fltk\fltk-2.0\ide\vcnet\fltkd\filebrowser.sbr
d:\working\fltk\fltk-2.0\ide\vcnet\fltkd\event_key_state.sbr
d:\working\fltk\fltk-2.0\ide\vcnet\fltkd\error.sbr
d:\working\fltk\fltk-2.0\ide\vcnet\fltkd\engravedlabel.sbr
d:\working\fltk\fltk-2.0\ide\vcnet\fltkd\drawtext.sbr
d:\working\fltk\fltk-2.0\ide\vcnet\fltkd\dnd.sbr
d:\working\fltk\fltk-2.0\ide\vcnet\fltkd\diamondbox.sbr
d:\working\fltk\fltk-2.0\ide\vcnet\fltkd\dial.sbr
d:\working\fltk\fltk-2.0\ide\vcnet\fltkd\default_glyph.sbr
d:\working\fltk\fltk-2.0\ide\vcnet\fltkd\cyclebutton.sbr
d:\working\fltk\fltk-2.0\ide\vcnet\fltkd\cursor.sbr
d:\working\fltk\fltk-2.0\ide\vcnet\fltkd\compose.sbr
d:\working\fltk\fltk-2.0\ide\vcnet\fltkd\combobox.sbr
d:\working\fltk\fltk-2.0\ide\vcnet\fltkd\color_chooser.sbr
d:\working\fltk\fltk-2.0\ide\vcnet\fltkd\color.sbr
d:\working\fltk\fltk-2.0\ide\vcnet\fltkd\clock.sbr
d:\working\fltk\fltk-2.0\ide\vcnet\fltkd\clip.sbr
d:\working\fltk\fltk-2.0\ide\vcnet\fltkd\choice.sbr
d:\working\fltk\fltk-2.0\ide\vcnet\fltkd\checkbutton.sbr
d:\working\fltk\fltk-2.0\ide\vcnet\fltkd\button.sbr
d:\working\fltk\fltk-2.0\ide\vcnet\fltkd\button.obj
d:\working\fltk\fltk-2.0\ide\vcnet\fltkd\checkbutton.obj
d:\working\fltk\fltk-2.0\ide\vcnet\fltkd\choice.obj
d:\working\fltk\fltk-2.0\ide\vcnet\fltkd\clip.obj
d:\working\fltk\fltk-2.0\ide\vcnet\fltkd\clock.obj
d:\working\fltk\fltk-2.0\ide\vcnet\fltkd\color.obj
d:\working\fltk\fltk-2.0\ide\vcnet\fltkd\color_chooser.obj
d:\working\fltk\fltk-2.0\ide\vcnet\fltkd\combobox.obj
d:\working\fltk\fltk-2.0\ide\vcnet\fltkd\compose.obj
d:\working\fltk\fltk-2.0\ide\vcnet\fltkd\cursor.obj
d:\working\fltk\fltk-2.0\ide\vcnet\fltkd\cyclebutton.obj
d:\working\fltk\fltk-2.0\ide\vcnet\fltkd\default_glyph.obj
d:\working\fltk\fltk-2.0\ide\vcnet\fltkd\dial.obj
d:\working\fltk\fltk-2.0\ide\vcnet\fltkd\diamondbox.obj
d:\working\fltk\fltk-2.0\ide\vcnet\fltkd\dnd.obj
d:\working\fltk\fltk-2.0\ide\vcnet\fltkd\drawtext.obj
d:\working\fltk\fltk-2.0\ide\vcnet\fltkd\engravedlabel.obj
d:\working\fltk\fltk-2.0\ide\vcnet\fltkd\error.obj
d:\working\fltk\fltk-2.0\ide\vcnet\fltkd\event_key_state.obj
d:\working\fltk\fltk-2.0\ide\vcnet\fltkd\filebrowser.obj
d:\working\fltk\fltk-2.0\ide\vcnet\fltkd\browser.sbr
d:\working\fltk\fltk-2.0\ide\vcnet\fltkd\bmpimage.sbr
d:\working\fltk\fltk-2.0\ide\vcnet\fltkd\bargroup.sbr
d:\working\fltk\fltk-2.0\ide\vcnet\fltkd\args.sbr
d:\working\fltk\fltk-2.0\ide\vcnet\fltkd\aligngroup.sbr
d:\working\fltk\fltk-2.0\ide\vcnet\fltkd\adjuster.sbr
d:\working\fltk\fltk-2.0\ide\vcnet\fltkd\add_idle.sbr
d:\working\fltk\fltk-2.0\ide\vcnet\fltkd\addcurve.sbr
d:\working\fltk\fltk-2.0\ide\vcnet\fltkd\addarc.sbr
d:\working\fltk\fltk-2.0\ide\vcnet\fltkd\addarc.obj
d:\working\fltk\fltk-2.0\ide\vcnet\fltkd\addcurve.obj
d:\working\fltk\fltk-2.0\ide\vcnet\fltkd\add_idle.obj
d:\working\fltk\fltk-2.0\ide\vcnet\fltkd\adjuster.obj
d:\working\fltk\fltk-2.0\ide\vcnet\fltkd\aligngroup.obj
d:\working\fltk\fltk-2.0\ide\vcnet\fltkd\args.obj
d:\working\fltk\fltk-2.0\ide\vcnet\fltkd\bargroup.obj
d:\working\fltk\fltk-2.0\ide\vcnet\fltkd\bmpimage.obj
d:\working\fltk\fltk-2.0\ide\vcnet\fltkd\browser.obj
d:\working\fltk\fltk-2.0\ide\vcnet\fltkd\vsnprintf.sbr
d:\working\fltk\fltk-2.0\ide\vcnet\fltkd\utf.sbr
d:\working\fltk\fltk-2.0\ide\vcnet\fltkd\string.sbr
d:\working\fltk\fltk-2.0\ide\vcnet\fltkd\scandir.sbr
d:\working\fltk\fltk-2.0\ide\vcnet\fltkd\scandir.obj
d:\working\fltk\fltk-2.0\ide\vcnet\fltkd\string.obj
d:\working\fltk\fltk-2.0\ide\vcnet\fltkd\utf.obj
d:\working\fltk\fltk-2.0\ide\vcnet\fltkd\vsnprintf.obj
z:\working\gui\fltk\fltk-2.0\lib\fltk2d.lib
d:\working\fltk\fltk-2.0\lib\fltk2d.lib
d:\working\fltk\fltk-2.0\ide\vcnet\fltkd\fltk.tlog\bscmake.command.1.tlog
d:\working\fltk\fltk-2.0\ide\vcnet\fltkd\fltk.tlog\bscmake.read.1.tlog
d:\working\fltk\fltk-2.0\ide\vcnet\fltkd\fltk.tlog\bscmake.write.1.tlog
d:\working\fltk\fltk-2.0\ide\vcnet\fltkd\fltk.tlog\cl.command.1.tlog
d:\working\fltk\fltk-2.0\ide\vcnet\fltkd\fltk.tlog\cl.read.1.tlog
d:\working\fltk\fltk-2.0\ide\vcnet\fltkd\fltk.tlog\cl.write.1.tlog
d:\working\fltk\fltk-2.0\ide\vcnet\fltkd\fltk.tlog\lib-link.read.1.tlog
d:\working\fltk\fltk-2.0\ide\vcnet\fltkd\fltk.tlog\lib-link.write.1.tlog
d:\working\fltk\fltk-2.0\ide\vcnet\fltkd\fltk.tlog\lib.command.1.tlog
