d:\working\fltk\fltk-2.0\ide\vcnet\fltkd\fltk_opengl.bsc
z:\working\gui\fltk\fltk-2.0\ide\vcnet\debug\fltk_opengl.pdb
d:\working\fltk\fltk-2.0\ide\vcnet\debug\fltk_opengl.pdb
d:\working\fltk\fltk-2.0\ide\vcnet\debug\fltk_opengl.idb
d:\working\fltk\fltk-2.0\ide\vcnet\fltkd\gl_start.sbr
d:\working\fltk\fltk-2.0\ide\vcnet\fltkd\gl_draw.sbr
d:\working\fltk\fltk-2.0\ide\vcnet\fltkd\fl_gl_window.sbr
d:\working\fltk\fltk-2.0\ide\vcnet\fltkd\fl_gl_overlay.sbr
d:\working\fltk\fltk-2.0\ide\vcnet\fltkd\fl_gl_choice.sbr
d:\working\fltk\fltk-2.0\ide\vcnet\debug\fl_gl_choice.obj
d:\working\fltk\fltk-2.0\ide\vcnet\debug\fl_gl_overlay.obj
d:\working\fltk\fltk-2.0\ide\vcnet\debug\fl_gl_window.obj
d:\working\fltk\fltk-2.0\ide\vcnet\debug\gl_draw.obj
d:\working\fltk\fltk-2.0\ide\vcnet\debug\gl_start.obj
z:\working\gui\fltk\fltk-2.0\lib\fltk2_gld.lib
d:\working\fltk\fltk-2.0\lib\fltk2_gld.lib
d:\working\fltk\fltk-2.0\ide\vcnet\fltkd\fltk_opengl.tlog\bscmake.command.1.tlog
d:\working\fltk\fltk-2.0\ide\vcnet\fltkd\fltk_opengl.tlog\bscmake.read.1.tlog
d:\working\fltk\fltk-2.0\ide\vcnet\fltkd\fltk_opengl.tlog\bscmake.write.1.tlog
d:\working\fltk\fltk-2.0\ide\vcnet\fltkd\fltk_opengl.tlog\cl.command.1.tlog
d:\working\fltk\fltk-2.0\ide\vcnet\fltkd\fltk_opengl.tlog\cl.read.1.tlog
d:\working\fltk\fltk-2.0\ide\vcnet\fltkd\fltk_opengl.tlog\cl.write.1.tlog
d:\working\fltk\fltk-2.0\ide\vcnet\fltkd\fltk_opengl.tlog\lib-link.read.1.tlog
d:\working\fltk\fltk-2.0\ide\vcnet\fltkd\fltk_opengl.tlog\lib-link.write.1.tlog
d:\working\fltk\fltk-2.0\ide\vcnet\fltkd\fltk_opengl.tlog\lib.command.1.tlog
