  pngwutil.c
d:\working\fltk\fltk-2.0\images\libpng\pngwutil.c(237): warning C4996: '_snprintf': This function or variable may be unsafe. Consider using _snprintf_s instead. To disable deprecation, use _CRT_SECURE_NO_WARNINGS. See online help for details.
          c:\program files (x86)\microsoft visual studio 12.0\vc\include\stdio.h(346) : see declaration of '_snprintf'
d:\working\fltk\fltk-2.0\images\libpng\pngwutil.c(1320): warning C4996: '_snprintf': This function or variable may be unsafe. Consider using _snprintf_s instead. To disable deprecation, use _CRT_SECURE_NO_WARNINGS. See online help for details.
          c:\program files (x86)\microsoft visual studio 12.0\vc\include\stdio.h(346) : see declaration of '_snprintf'
  pngwtran.c
  pngwrite.c
d:\working\fltk\fltk-2.0\images\libpng\pngwrite.c(434): warning C4996: 'gmtime': This function or variable may be unsafe. Consider using gmtime_s instead. To disable deprecation, use _CRT_SECURE_NO_WARNINGS. See online help for details.
          c:\program files (x86)\microsoft visual studio 12.0\vc\include\time.inl(99) : see declaration of 'gmtime'
d:\working\fltk\fltk-2.0\images\libpng\pngwrite.c(537): warning C4996: '_snprintf': This function or variable may be unsafe. Consider using _snprintf_s instead. To disable deprecation, use _CRT_SECURE_NO_WARNINGS. See online help for details.
          c:\program files (x86)\microsoft visual studio 12.0\vc\include\stdio.h(346) : see declaration of '_snprintf'
  pngwio.c
  pngtrans.c
  pngset.c
  pngrutil.c
d:\working\fltk\fltk-2.0\images\libpng\pngrutil.c(399): warning C4996: '_snprintf': This function or variable may be unsafe. Consider using _snprintf_s instead. To disable deprecation, use _CRT_SECURE_NO_WARNINGS. See online help for details.
          c:\program files (x86)\microsoft visual studio 12.0\vc\include\stdio.h(346) : see declaration of '_snprintf'
d:\working\fltk\fltk-2.0\images\libpng\pngrutil.c(507): warning C4996: '_snprintf': This function or variable may be unsafe. Consider using _snprintf_s instead. To disable deprecation, use _CRT_SECURE_NO_WARNINGS. See online help for details.
          c:\program files (x86)\microsoft visual studio 12.0\vc\include\stdio.h(346) : see declaration of '_snprintf'
d:\working\fltk\fltk-2.0\images\libpng\pngrutil.c(1253): warning C4996: '_snprintf': This function or variable may be unsafe. Consider using _snprintf_s instead. To disable deprecation, use _CRT_SECURE_NO_WARNINGS. See online help for details.
          c:\program files (x86)\microsoft visual studio 12.0\vc\include\stdio.h(346) : see declaration of '_snprintf'
  pngrtran.c
d:\working\fltk\fltk-2.0\images\libpng\pngrtran.c(1415): warning C4996: '_snprintf': This function or variable may be unsafe. Consider using _snprintf_s instead. To disable deprecation, use _CRT_SECURE_NO_WARNINGS. See online help for details.
          c:\program files (x86)\microsoft visual studio 12.0\vc\include\stdio.h(346) : see declaration of '_snprintf'
  pngrio.c
  pngread.c
d:\working\fltk\fltk-2.0\images\libpng\pngread.c(138): warning C4996: '_snprintf': This function or variable may be unsafe. Consider using _snprintf_s instead. To disable deprecation, use _CRT_SECURE_NO_WARNINGS. See online help for details.
          c:\program files (x86)\microsoft visual studio 12.0\vc\include\stdio.h(346) : see declaration of '_snprintf'
  pngpread.c
  pngmem.c
  pngget.c
  pngerror.c
  png.c
d:\working\fltk\fltk-2.0\images\libpng\png.c(541): warning C4996: '_snprintf': This function or variable may be unsafe. Consider using _snprintf_s instead. To disable deprecation, use _CRT_SECURE_NO_WARNINGS. See online help for details.
          c:\program files (x86)\microsoft visual studio 12.0\vc\include\stdio.h(346) : see declaration of '_snprintf'
  Generating Code...
C:\Program Files (x86)\MSBuild\Microsoft.Cpp\v4.0\V120\Microsoft.CppBuild.targets(1361,5): warning MSB8012: TargetPath(D:\working\fltk\fltk-2.0\ide\visualc\.\Debug\libpng.lib) does not match the Library's OutputFile property value (D:\working\fltk\fltk-2.0\lib\fltk2_pngd.lib). This may cause your project to build incorrectly. To correct this, please make sure that $(OutDir), $(TargetName) and $(TargetExt) property values match the value specified in %(Lib.OutputFile).
C:\Program Files (x86)\MSBuild\Microsoft.Cpp\v4.0\V120\Microsoft.CppBuild.targets(1363,5): warning MSB8012: TargetName(libpng) does not match the Library's OutputFile property value (fltk2_pngd). This may cause your project to build incorrectly. To correct this, please make sure that $(OutDir), $(TargetName) and $(TargetExt) property values match the value specified in %(Lib.OutputFile).
  libpng.vcxproj -> D:\working\fltk\fltk-2.0\ide\visualc\.\Debug\libpng.lib
