d:\working\fltk\fltk-2.0\ide\vcnet\help_\help.bsc
z:\working\gui\fltk\fltk-2.0\ide\vcnet\help_\vc140.pdb
d:\working\fltk\fltk-2.0\ide\vcnet\help_\vc140.pdb
d:\working\fltk\fltk-2.0\ide\vcnet\help_\vc140.idb
d:\working\fltk\fltk-2.0\ide\vcnet\help_\help.sbr
d:\working\fltk\fltk-2.0\ide\vcnet\help_\help.obj
z:\working\gui\fltk\fltk-2.0\test\helpd.ilk
z:\working\gui\fltk\fltk-2.0\ide\vcnet\help_\helpd.pdb
d:\working\fltk\fltk-2.0\test\helpd.ilk
d:\working\fltk\fltk-2.0\test\helpd.exe
d:\working\fltk\fltk-2.0\ide\vcnet\help_\helpd.pdb
d:\working\fltk\fltk-2.0\ide\vcnet\help_\help.tlog\bscmake.command.1.tlog
d:\working\fltk\fltk-2.0\ide\vcnet\help_\help.tlog\bscmake.read.1.tlog
d:\working\fltk\fltk-2.0\ide\vcnet\help_\help.tlog\bscmake.write.1.tlog
d:\working\fltk\fltk-2.0\ide\vcnet\help_\help.tlog\cl.command.1.tlog
d:\working\fltk\fltk-2.0\ide\vcnet\help_\help.tlog\cl.read.1.tlog
d:\working\fltk\fltk-2.0\ide\vcnet\help_\help.tlog\cl.write.1.tlog
d:\working\fltk\fltk-2.0\ide\vcnet\help_\help.tlog\link.command.1.tlog
d:\working\fltk\fltk-2.0\ide\vcnet\help_\help.tlog\link.read.1.tlog
d:\working\fltk\fltk-2.0\ide\vcnet\help_\help.tlog\link.write.1.tlog
